2025-12-19 11:13:05,671 - INFO - ================================================================================
2025-12-19 11:13:05,672 - INFO - マルチプロジェクト特徴量追加処理
2025-12-19 11:13:05,672 - INFO - ================================================================================
2025-12-19 11:13:05,672 - INFO - 入力ファイル: data/android_50proj_2021_2024.csv
2025-12-19 11:13:05,672 - INFO - 出力ファイル: data/android_50proj_2021_2024_feat.csv
2025-12-19 11:13:05,672 - INFO - データ読み込み中...
2025-12-19 11:13:05,922 - INFO - 読み込み完了: 67806行
2025-12-19 11:13:05,953 - INFO - マルチプロジェクト特徴量を計算中...
Processing:   0%|          | 0/67806 [00:00<?, ?it/s]Processing:   4%|▍         | 2772/67806 [00:00<00:02, 27717.71it/s]Processing:  18%|█▊        | 11977/67806 [00:00<00:00, 65547.04it/s]Processing:  33%|███▎      | 22078/67806 [00:00<00:00, 81735.73it/s]Processing:  45%|████▍     | 30252/67806 [00:00<00:00, 77625.15it/s]Processing:  56%|█████▌    | 38044/67806 [00:00<00:00, 75057.05it/s]Processing:  67%|██████▋   | 45576/67806 [00:00<00:00, 74998.50it/s]Processing:  79%|███████▉  | 53567/67806 [00:00<00:00, 76552.74it/s]Processing:  93%|█████████▎| 63096/67806 [00:00<00:00, 82385.13it/s]Processing: 100%|██████████| 67806/67806 [00:00<00:00, 77176.97it/s]
2025-12-19 11:13:06,850 - INFO - ================================================================================
2025-12-19 11:13:06,850 - INFO - 特徴量統計:
2025-12-19 11:13:06,851 - INFO -   is_cross_project=True: 57940 (85.4%)
2025-12-19 11:13:06,851 - INFO -   is_cross_project=False: 9866 (14.6%)
2025-12-19 11:13:06,851 - INFO -   reviewer_project_count 平均: 6.69
2025-12-19 11:13:06,851 - INFO -   reviewer_project_count 最大: 19
2025-12-19 11:13:06,851 - INFO - ================================================================================
2025-12-19 11:13:07,981 - INFO - 出力完了: data/android_50proj_2021_2024_feat.csv
2025-12-19 11:13:07,981 - INFO - データセット形状: (67806, 67)
2025-12-19 11:13:07,981 - INFO - ================================================================================
2025-12-19 11:13:07,999 - INFO - 完了！
