2025-12-19 11:13:06,582 - INFO - ================================================================================
2025-12-19 11:13:06,582 - INFO - マルチプロジェクト特徴量追加処理
2025-12-19 11:13:06,582 - INFO - ================================================================================
2025-12-19 11:13:06,582 - INFO - 入力ファイル: data/chromium_50proj_2021_2024.csv
2025-12-19 11:13:06,582 - INFO - 出力ファイル: data/chromium_50proj_2021_2024_feat.csv
2025-12-19 11:13:06,582 - INFO - データ読み込み中...
2025-12-19 11:13:06,761 - INFO - 読み込み完了: 39385行
2025-12-19 11:13:06,778 - INFO - マルチプロジェクト特徴量を計算中...
Processing:   0%|          | 0/39385 [00:00<?, ?it/s]Processing:  14%|█▎        | 5321/39385 [00:00<00:00, 53207.39it/s]Processing:  32%|███▏      | 12504/39385 [00:00<00:00, 64156.37it/s]Processing:  56%|█████▌    | 21917/39385 [00:00<00:00, 77839.69it/s]Processing:  79%|███████▉  | 31251/39385 [00:00<00:00, 83956.37it/s]Processing: 100%|██████████| 39385/39385 [00:00<00:00, 80504.70it/s]
2025-12-19 11:13:07,281 - INFO - ================================================================================
2025-12-19 11:13:07,281 - INFO - 特徴量統計:
2025-12-19 11:13:07,281 - INFO -   is_cross_project=True: 30509 (77.5%)
2025-12-19 11:13:07,281 - INFO -   is_cross_project=False: 8876 (22.5%)
2025-12-19 11:13:07,281 - INFO -   reviewer_project_count 平均: 1.94
2025-12-19 11:13:07,281 - INFO -   reviewer_project_count 最大: 8
2025-12-19 11:13:07,281 - INFO - ================================================================================
2025-12-19 11:13:07,935 - INFO - 出力完了: data/chromium_50proj_2021_2024_feat.csv
2025-12-19 11:13:07,935 - INFO - データセット形状: (39385, 67)
2025-12-19 11:13:07,935 - INFO - ================================================================================
2025-12-19 11:13:07,947 - INFO - 完了！
