2025-12-19 11:13:04,164 - INFO - ================================================================================
2025-12-19 11:13:04,164 - INFO - マルチプロジェクト特徴量追加処理
2025-12-19 11:13:04,164 - INFO - ================================================================================
2025-12-19 11:13:04,164 - INFO - 入力ファイル: data/qt_50proj_2021_2024.csv
2025-12-19 11:13:04,164 - INFO - 出力ファイル: data/qt_50proj_2021_2024_feat.csv
2025-12-19 11:13:04,164 - INFO - データ読み込み中...
2025-12-19 11:13:04,180 - INFO - 読み込み完了: 3121行
2025-12-19 11:13:04,186 - INFO - マルチプロジェクト特徴量を計算中...
Processing:   0%|          | 0/3121 [00:00<?, ?it/s]Processing: 100%|██████████| 3121/3121 [00:00<00:00, 85170.32it/s]
2025-12-19 11:13:04,231 - INFO - ================================================================================
2025-12-19 11:13:04,231 - INFO - 特徴量統計:
2025-12-19 11:13:04,231 - INFO -   is_cross_project=True: 2306 (73.9%)
2025-12-19 11:13:04,231 - INFO -   is_cross_project=False: 815 (26.1%)
2025-12-19 11:13:04,231 - INFO -   reviewer_project_count 平均: 4.10
2025-12-19 11:13:04,231 - INFO -   reviewer_project_count 最大: 20
2025-12-19 11:13:04,231 - INFO - ================================================================================
2025-12-19 11:13:04,276 - INFO - 出力完了: data/qt_50proj_2021_2024_feat.csv
2025-12-19 11:13:04,276 - INFO - データセット形状: (3121, 67)
2025-12-19 11:13:04,276 - INFO - ================================================================================
2025-12-19 11:13:04,277 - INFO - 完了！
