==========================================
Qt 50プロジェクトデータ収集
==========================================

対象プロジェクト数: 50

期間: 2021-01-01 ～ 2024-01-01
出力: data/qt_50proj_2021_2024.csv

プロジェクトリスト（先頭10件）:
  qt/qtbase
  qt/qtdeclarative
  qt/qtdeclarative-render2d
  qt/qtquick1
  qt/qtquick3d
  qt/qtwebengine
  qt/qtwebengine-chromium
  qt/qtmultimedia
  qt/qttools
  qt/qttools-litehtml

データ収集を開始...

2025-12-17 15:38:53,787 - INFO - ============================================================
2025-12-17 15:38:53,787 - INFO - データセット構築パイプライン
2025-12-17 15:38:53,787 - INFO - ============================================================
2025-12-17 15:38:53,787 - INFO - Gerrit URL: https://codereview.qt-project.org
2025-12-17 15:38:53,787 - INFO - Projects: ['qt/qtbase', 'qt/qtdeclarative', 'qt/qtdeclarative-render2d', 'qt/qtquick1', 'qt/qtquick3d', 'qt/qtwebengine', 'qt/qtwebengine-chromium', 'qt/qtmultimedia', 'qt/qttools', 'qt/qttools-litehtml', 'qt/qt3d', 'qt/qtwebsockets', 'qt/qtserialport', 'qt/qtscript', 'qt/qtsvg', 'qt/qtlocation', 'qt/qtlocation-mapboxgl', 'qt/qtconnectivity', 'qt/qtsensors', 'qt/qtwayland', 'qt/qtcharts', 'qt/qtdatavis3d', 'qt/qtnetworkauth', 'qt/qtxmlpatterns', 'qt/qtxmlpatterns-testsuites', 'qt/qlalr', 'qt/qmake2cmake', 'qt/qt-conan-common', 'qt/qt-conan-config', 'qt/qt5', 'qt/qt5compat', 'qt/qtactiveqt', 'qt/qtanalytics', 'qt/qtandroidextras', 'qt/qtapplicationmanager', 'qt/qtcanvas3d', 'qt/qtcanvaspainter', 'qt/qtcloudmessaging', 'qt/qtcoap', 'qt/qtdeclarative-testsuites', 'qt/qtdesignviewer', 'qt/qtdeviceutilities', 'qt/qtdltlogging', 'qt/qtdoc', 'qt/qtdocgallery', 'qt/qtenginio', 'qt/qtfeedback', 'qt/qtftp', 'qt/qtgamepad', 'qt/qtgraphicaleffects']
2025-12-17 15:38:53,787 - INFO - Period: 2021-01-01 to 2024-01-01
2025-12-17 15:38:53,787 - INFO - Response window: 14 days
2025-12-17 15:38:53,787 - INFO - Output: data/qt_50proj_2021_2024.csv
2025-12-17 15:38:53,787 - INFO - ============================================================
2025-12-17 15:38:53,787 - INFO - 
Fetching data for qt/qtbase...
2025-12-17 15:38:53,787 - INFO - Fetching changes for qt/qtbase from 2021-01-01 to 2024-01-01
2025-12-17 15:38:55,884 - INFO -   Fetched 10 changes so far...
2025-12-17 15:38:56,516 - INFO -   Fetched 20 changes so far...
2025-12-17 15:38:57,443 - INFO -   Fetched 30 changes so far...
2025-12-17 15:38:58,587 - INFO -   Fetched 40 changes so far...
2025-12-17 15:38:59,375 - INFO -   Fetched 50 changes so far...
2025-12-17 15:39:00,104 - INFO -   Fetched 60 changes so far...
2025-12-17 15:39:00,925 - INFO -   Fetched 70 changes so far...
2025-12-17 15:39:01,755 - INFO -   Fetched 80 changes so far...
2025-12-17 15:39:02,721 - INFO -   Fetched 90 changes so far...
2025-12-17 15:39:03,644 - INFO -   Fetched 100 changes so far...
2025-12-17 15:39:04,684 - INFO -   Fetched 110 changes so far...
2025-12-17 15:39:05,756 - INFO -   Fetched 120 changes so far...
2025-12-17 15:39:06,906 - INFO -   Fetched 130 changes so far...
2025-12-17 15:39:08,133 - INFO -   Fetched 140 changes so far...
2025-12-17 15:39:09,739 - INFO -   Fetched 150 changes so far...
2025-12-17 15:39:11,290 - INFO -   Fetched 160 changes so far...
2025-12-17 15:39:12,603 - INFO -   Fetched 170 changes so far...
2025-12-17 15:39:14,325 - INFO -   Fetched 180 changes so far...
2025-12-17 15:39:16,069 - INFO -   Fetched 190 changes so far...
2025-12-17 15:39:17,759 - INFO -   Fetched 200 changes so far...
2025-12-17 15:39:19,728 - INFO -   Fetched 210 changes so far...
2025-12-17 15:39:21,546 - INFO -   Fetched 220 changes so far...
2025-12-17 15:39:23,391 - INFO -   Fetched 230 changes so far...
2025-12-17 15:39:27,836 - INFO -   Fetched 240 changes so far...
2025-12-17 15:39:30,053 - INFO -   Fetched 250 changes so far...
2025-12-17 15:39:32,519 - INFO -   Fetched 260 changes so far...
2025-12-17 15:39:34,667 - INFO -   Fetched 270 changes so far...
2025-12-17 15:39:37,010 - INFO -   Fetched 280 changes so far...
2025-12-17 15:39:38,926 - INFO -   Fetched 290 changes so far...
2025-12-17 15:39:41,621 - INFO -   Fetched 300 changes so far...
2025-12-17 15:39:44,013 - INFO -   Fetched 310 changes so far...
2025-12-17 15:39:46,485 - INFO -   Fetched 320 changes so far...
2025-12-17 15:39:48,456 - INFO -   Fetched 330 changes so far...
2025-12-17 15:39:51,510 - INFO -   Fetched 340 changes so far...
2025-12-17 15:39:53,955 - INFO -   Fetched 350 changes so far...
2025-12-17 15:39:56,465 - INFO -   Fetched 360 changes so far...
2025-12-17 15:39:58,744 - INFO -   Fetched 370 changes so far...
2025-12-17 15:40:01,214 - INFO -   Fetched 380 changes so far...
2025-12-17 15:40:04,464 - INFO -   Fetched 390 changes so far...
2025-12-17 15:40:06,472 - INFO -   Fetched 400 changes so far...
2025-12-17 15:40:08,480 - INFO -   Fetched 410 changes so far...
2025-12-17 15:40:11,037 - INFO -   Fetched 420 changes so far...
2025-12-17 15:40:13,159 - INFO -   Fetched 430 changes so far...
2025-12-17 15:40:15,568 - INFO -   Fetched 440 changes so far...
2025-12-17 15:40:18,014 - INFO -   Fetched 450 changes so far...
2025-12-17 15:40:20,349 - INFO -   Fetched 460 changes so far...
2025-12-17 15:40:22,684 - INFO -   Fetched 470 changes so far...
2025-12-17 15:40:25,119 - INFO -   Fetched 480 changes so far...
2025-12-17 15:40:27,393 - INFO -   Fetched 490 changes so far...
2025-12-17 15:40:30,137 - INFO -   Fetched 500 changes so far...
2025-12-17 15:40:32,212 - INFO -   Fetched 510 changes so far...
2025-12-17 15:40:34,692 - INFO -   Fetched 520 changes so far...
2025-12-17 15:40:37,084 - INFO -   Fetched 530 changes so far...
2025-12-17 15:40:39,375 - INFO -   Fetched 540 changes so far...
2025-12-17 15:40:41,943 - INFO -   Fetched 550 changes so far...
2025-12-17 15:40:44,337 - INFO -   Fetched 560 changes so far...
2025-12-17 15:40:46,866 - INFO -   Fetched 570 changes so far...
2025-12-17 15:40:49,159 - INFO -   Fetched 580 changes so far...
2025-12-17 15:40:51,867 - INFO -   Fetched 590 changes so far...
2025-12-17 15:40:54,007 - INFO -   Fetched 600 changes so far...
2025-12-17 15:40:56,954 - INFO -   Fetched 610 changes so far...
2025-12-17 15:40:58,830 - INFO - Total changes fetched: 610
2025-12-17 15:40:58,830 - INFO - 
Fetching data for qt/qtdeclarative...
2025-12-17 15:40:58,830 - INFO - Fetching changes for qt/qtdeclarative from 2021-01-01 to 2024-01-01
2025-12-17 15:40:59,631 - INFO -   Fetched 10 changes so far...
2025-12-17 15:41:00,661 - INFO -   Fetched 20 changes so far...
2025-12-17 15:41:01,550 - INFO -   Fetched 30 changes so far...
2025-12-17 15:41:02,549 - INFO -   Fetched 40 changes so far...
2025-12-17 15:41:03,363 - INFO -   Fetched 50 changes so far...
2025-12-17 15:41:04,169 - INFO -   Fetched 60 changes so far...
2025-12-17 15:41:05,242 - INFO -   Fetched 70 changes so far...
2025-12-17 15:41:06,185 - INFO -   Fetched 80 changes so far...
2025-12-17 15:41:07,338 - INFO -   Fetched 90 changes so far...
2025-12-17 15:41:08,353 - INFO -   Fetched 100 changes so far...
2025-12-17 15:41:09,324 - INFO -   Fetched 110 changes so far...
2025-12-17 15:41:12,570 - INFO -   Fetched 120 changes so far...
2025-12-17 15:41:16,999 - INFO -   Fetched 130 changes so far...
2025-12-17 15:41:20,715 - INFO -   Fetched 140 changes so far...
2025-12-17 15:41:21,810 - INFO -   Fetched 150 changes so far...
2025-12-17 15:41:23,347 - INFO -   Fetched 160 changes so far...
2025-12-17 15:41:24,828 - INFO -   Fetched 170 changes so far...
2025-12-17 15:41:26,314 - INFO -   Fetched 180 changes so far...
2025-12-17 15:41:28,134 - INFO -   Fetched 190 changes so far...
2025-12-17 15:41:29,650 - INFO -   Fetched 200 changes so far...
2025-12-17 15:41:31,150 - INFO -   Fetched 210 changes so far...
2025-12-17 15:41:33,088 - INFO -   Fetched 220 changes so far...
2025-12-17 15:41:34,813 - INFO -   Fetched 230 changes so far...
2025-12-17 15:41:35,971 - INFO -   Fetched 240 changes so far...
2025-12-17 15:41:37,566 - INFO -   Fetched 250 changes so far...
2025-12-17 15:41:39,346 - INFO -   Fetched 260 changes so far...
2025-12-17 15:41:40,819 - INFO -   Fetched 270 changes so far...
2025-12-17 15:41:42,080 - INFO -   Fetched 280 changes so far...
2025-12-17 15:41:44,206 - INFO -   Fetched 290 changes so far...
2025-12-17 15:41:45,460 - INFO - Total changes fetched: 290
2025-12-17 15:41:45,460 - INFO - 
Fetching data for qt/qtdeclarative-render2d...
2025-12-17 15:41:45,460 - INFO - Fetching changes for qt/qtdeclarative-render2d from 2021-01-01 to 2024-01-01
2025-12-17 15:41:45,726 - INFO - Total changes fetched: 0
2025-12-17 15:41:45,726 - INFO - 
Fetching data for qt/qtquick1...
2025-12-17 15:41:45,727 - INFO - Fetching changes for qt/qtquick1 from 2021-01-01 to 2024-01-01
2025-12-17 15:41:46,076 - INFO -   Fetched 1 changes so far...
2025-12-17 15:41:46,077 - INFO - Total changes fetched: 1
2025-12-17 15:41:46,077 - INFO - 
Fetching data for qt/qtquick3d...
2025-12-17 15:41:46,077 - INFO - Fetching changes for qt/qtquick3d from 2021-01-01 to 2024-01-01
2025-12-17 15:41:46,652 - INFO -   Fetched 10 changes so far...
2025-12-17 15:41:47,155 - INFO -   Fetched 20 changes so far...
2025-12-17 15:41:47,661 - INFO -   Fetched 30 changes so far...
2025-12-17 15:41:48,223 - INFO -   Fetched 40 changes so far...
2025-12-17 15:41:49,281 - INFO -   Fetched 50 changes so far...
2025-12-17 15:41:49,905 - INFO -   Fetched 60 changes so far...
2025-12-17 15:41:50,518 - INFO -   Fetched 70 changes so far...
2025-12-17 15:41:51,433 - INFO -   Fetched 80 changes so far...
2025-12-17 15:41:52,058 - INFO -   Fetched 90 changes so far...
2025-12-17 15:41:52,762 - INFO -   Fetched 100 changes so far...
2025-12-17 15:41:53,284 - INFO - Total changes fetched: 100
2025-12-17 15:41:53,284 - INFO - 
Fetching data for qt/qtwebengine...
2025-12-17 15:41:53,284 - INFO - Fetching changes for qt/qtwebengine from 2021-01-01 to 2024-01-01
2025-12-17 15:41:53,795 - INFO -   Fetched 10 changes so far...
2025-12-17 15:41:54,349 - INFO -   Fetched 20 changes so far...
2025-12-17 15:41:55,298 - INFO -   Fetched 30 changes so far...
2025-12-17 15:41:55,857 - INFO -   Fetched 40 changes so far...
2025-12-17 15:41:56,797 - INFO -   Fetched 50 changes so far...
2025-12-17 15:41:58,225 - INFO -   Fetched 60 changes so far...
2025-12-17 15:41:58,916 - INFO -   Fetched 70 changes so far...
2025-12-17 15:41:59,571 - INFO -   Fetched 80 changes so far...
2025-12-17 15:42:00,044 - INFO - Total changes fetched: 80
2025-12-17 15:42:00,044 - INFO - 
Fetching data for qt/qtwebengine-chromium...
2025-12-17 15:42:00,044 - INFO - Fetching changes for qt/qtwebengine-chromium from 2021-01-01 to 2024-01-01
2025-12-17 15:42:00,641 - INFO -   Fetched 10 changes so far...
2025-12-17 15:42:01,260 - INFO -   Fetched 20 changes so far...
2025-12-17 15:42:01,807 - INFO -   Fetched 30 changes so far...
2025-12-17 15:42:02,434 - INFO -   Fetched 40 changes so far...
2025-12-17 15:42:02,988 - INFO -   Fetched 50 changes so far...
2025-12-17 15:42:32,991 - ERROR - API request failed: https://codereview.qt-project.org/changes/ - HTTPSConnectionPool(host='codereview.qt-project.org', port=443): Read timed out. (read timeout=30)
2025-12-17 15:42:32,991 - ERROR - Error fetching changes: HTTPSConnectionPool(host='codereview.qt-project.org', port=443): Read timed out. (read timeout=30)
2025-12-17 15:42:32,991 - INFO - Total changes fetched: 50
2025-12-17 15:42:32,991 - INFO - 
Fetching data for qt/qtmultimedia...
2025-12-17 15:42:32,992 - INFO - Fetching changes for qt/qtmultimedia from 2021-01-01 to 2024-01-01
2025-12-17 15:42:34,261 - INFO -   Fetched 10 changes so far...
2025-12-17 15:42:34,827 - INFO -   Fetched 20 changes so far...
2025-12-17 15:42:37,485 - INFO -   Fetched 30 changes so far...
2025-12-17 15:42:38,418 - INFO -   Fetched 40 changes so far...
2025-12-17 15:42:39,122 - INFO -   Fetched 50 changes so far...
2025-12-17 15:42:40,074 - INFO -   Fetched 60 changes so far...
2025-12-17 15:42:41,160 - INFO -   Fetched 70 changes so far...
2025-12-17 15:42:41,815 - INFO -   Fetched 80 changes so far...
2025-12-17 15:42:42,460 - INFO -   Fetched 90 changes so far...
2025-12-17 15:42:43,163 - INFO -   Fetched 100 changes so far...
2025-12-17 15:42:43,862 - INFO -   Fetched 110 changes so far...
2025-12-17 15:42:44,460 - INFO - Total changes fetched: 110
2025-12-17 15:42:44,461 - INFO - 
Fetching data for qt/qttools...
2025-12-17 15:42:44,461 - INFO - Fetching changes for qt/qttools from 2021-01-01 to 2024-01-01
2025-12-17 15:42:45,046 - INFO -   Fetched 10 changes so far...
2025-12-17 15:42:45,592 - INFO -   Fetched 20 changes so far...
2025-12-17 15:42:46,406 - INFO -   Fetched 30 changes so far...
2025-12-17 15:42:47,014 - INFO -   Fetched 40 changes so far...
2025-12-17 15:42:47,670 - INFO -   Fetched 50 changes so far...
2025-12-17 15:42:48,213 - INFO -   Fetched 60 changes so far...
2025-12-17 15:42:48,769 - INFO -   Fetched 70 changes so far...
2025-12-17 15:42:49,302 - INFO -   Fetched 80 changes so far...
2025-12-17 15:42:49,757 - INFO - Total changes fetched: 80
2025-12-17 15:42:49,758 - INFO - 
Fetching data for qt/qttools-litehtml...
2025-12-17 15:42:49,758 - INFO - Fetching changes for qt/qttools-litehtml from 2021-01-01 to 2024-01-01
2025-12-17 15:42:50,126 - INFO - Total changes fetched: 0
2025-12-17 15:42:50,127 - INFO - 
Fetching data for qt/qt3d...
2025-12-17 15:42:50,127 - INFO - Fetching changes for qt/qt3d from 2021-01-01 to 2024-01-01
2025-12-17 15:42:50,856 - INFO -   Fetched 10 changes so far...
2025-12-17 15:42:51,329 - INFO -   Fetched 20 changes so far...
2025-12-17 15:42:51,789 - INFO -   Fetched 30 changes so far...
2025-12-17 15:42:52,300 - INFO -   Fetched 40 changes so far...
2025-12-17 15:42:52,671 - INFO - Total changes fetched: 40
2025-12-17 15:42:52,671 - INFO - 
Fetching data for qt/qtwebsockets...
2025-12-17 15:42:52,671 - INFO - Fetching changes for qt/qtwebsockets from 2021-01-01 to 2024-01-01
2025-12-17 15:42:53,038 - INFO -   Fetched 10 changes so far...
2025-12-17 15:42:53,429 - INFO -   Fetched 20 changes so far...
2025-12-17 15:42:53,986 - INFO -   Fetched 30 changes so far...
2025-12-17 15:42:54,368 - INFO - Total changes fetched: 30
2025-12-17 15:42:54,368 - INFO - 
Fetching data for qt/qtserialport...
2025-12-17 15:42:54,369 - INFO - Fetching changes for qt/qtserialport from 2021-01-01 to 2024-01-01
2025-12-17 15:42:54,800 - INFO -   Fetched 10 changes so far...
2025-12-17 15:42:55,209 - INFO -   Fetched 20 changes so far...
2025-12-17 15:42:55,574 - INFO -   Fetched 30 changes so far...
2025-12-17 15:42:55,889 - INFO - Total changes fetched: 30
2025-12-17 15:42:55,890 - INFO - 
Fetching data for qt/qtscript...
2025-12-17 15:42:55,890 - INFO - Fetching changes for qt/qtscript from 2021-01-01 to 2024-01-01
2025-12-17 15:42:56,537 - INFO -   Fetched 10 changes so far...
2025-12-17 15:42:56,802 - INFO - Total changes fetched: 10
2025-12-17 15:42:56,803 - INFO - 
Fetching data for qt/qtsvg...
2025-12-17 15:42:56,803 - INFO - Fetching changes for qt/qtsvg from 2021-01-01 to 2024-01-01
2025-12-17 15:42:58,738 - INFO -   Fetched 10 changes so far...
2025-12-17 15:42:59,141 - INFO -   Fetched 20 changes so far...
2025-12-17 15:42:59,544 - INFO -   Fetched 30 changes so far...
2025-12-17 15:42:59,984 - INFO -   Fetched 40 changes so far...
2025-12-17 15:43:00,362 - INFO - Total changes fetched: 40
2025-12-17 15:43:00,363 - INFO - 
Fetching data for qt/qtlocation...
2025-12-17 15:43:00,363 - INFO - Fetching changes for qt/qtlocation from 2021-01-01 to 2024-01-01
2025-12-17 15:43:00,773 - INFO -   Fetched 10 changes so far...
2025-12-17 15:43:01,209 - INFO -   Fetched 20 changes so far...
2025-12-17 15:43:01,620 - INFO -   Fetched 30 changes so far...
2025-12-17 15:43:01,947 - INFO - Total changes fetched: 30
2025-12-17 15:43:01,948 - INFO - 
Fetching data for qt/qtlocation-mapboxgl...
2025-12-17 15:43:01,948 - INFO - Fetching changes for qt/qtlocation-mapboxgl from 2021-01-01 to 2024-01-01
2025-12-17 15:43:02,243 - INFO -   Fetched 1 changes so far...
2025-12-17 15:43:02,243 - INFO - Total changes fetched: 1
2025-12-17 15:43:02,243 - INFO - 
Fetching data for qt/qtconnectivity...
2025-12-17 15:43:02,244 - INFO - Fetching changes for qt/qtconnectivity from 2021-01-01 to 2024-01-01
2025-12-17 15:43:02,675 - INFO -   Fetched 10 changes so far...
2025-12-17 15:43:03,167 - INFO -   Fetched 20 changes so far...
2025-12-17 15:43:03,637 - INFO -   Fetched 30 changes so far...
2025-12-17 15:43:04,130 - INFO -   Fetched 40 changes so far...
2025-12-17 15:43:04,899 - INFO -   Fetched 50 changes so far...
2025-12-17 15:43:05,295 - INFO - Total changes fetched: 50
2025-12-17 15:43:05,295 - INFO - 
Fetching data for qt/qtsensors...
2025-12-17 15:43:05,295 - INFO - Fetching changes for qt/qtsensors from 2021-01-01 to 2024-01-01
2025-12-17 15:43:05,690 - INFO -   Fetched 10 changes so far...
2025-12-17 15:43:06,088 - INFO -   Fetched 20 changes so far...
2025-12-17 15:43:06,506 - INFO -   Fetched 30 changes so far...
2025-12-17 15:43:06,850 - INFO - Total changes fetched: 30
2025-12-17 15:43:06,850 - INFO - 
Fetching data for qt/qtwayland...
2025-12-17 15:43:06,850 - INFO - Fetching changes for qt/qtwayland from 2021-01-01 to 2024-01-01
2025-12-17 15:43:07,245 - INFO -   Fetched 10 changes so far...
2025-12-17 15:43:07,708 - INFO -   Fetched 20 changes so far...
2025-12-17 15:43:08,186 - INFO -   Fetched 30 changes so far...
2025-12-17 15:43:08,748 - INFO -   Fetched 40 changes so far...
2025-12-17 15:43:09,494 - INFO -   Fetched 50 changes so far...
2025-12-17 15:43:09,958 - INFO - Total changes fetched: 50
2025-12-17 15:43:09,958 - INFO - 
Fetching data for qt/qtcharts...
2025-12-17 15:43:09,958 - INFO - Fetching changes for qt/qtcharts from 2021-01-01 to 2024-01-01
2025-12-17 15:43:10,345 - INFO -   Fetched 10 changes so far...
2025-12-17 15:43:10,787 - INFO -   Fetched 20 changes so far...
2025-12-17 15:43:11,228 - INFO -   Fetched 30 changes so far...
2025-12-17 15:43:11,562 - INFO - Total changes fetched: 30
2025-12-17 15:43:11,562 - INFO - 
Fetching data for qt/qtdatavis3d...
2025-12-17 15:43:11,562 - INFO - Fetching changes for qt/qtdatavis3d from 2021-01-01 to 2024-01-01
2025-12-17 15:43:11,984 - INFO -   Fetched 10 changes so far...
2025-12-17 15:43:12,416 - INFO -   Fetched 20 changes so far...
2025-12-17 15:43:12,851 - INFO -   Fetched 30 changes so far...
2025-12-17 15:43:13,186 - INFO - Total changes fetched: 30
2025-12-17 15:43:13,187 - INFO - 
Fetching data for qt/qtnetworkauth...
2025-12-17 15:43:13,187 - INFO - Fetching changes for qt/qtnetworkauth from 2021-01-01 to 2024-01-01
2025-12-17 15:43:13,567 - INFO -   Fetched 10 changes so far...
2025-12-17 15:43:13,969 - INFO -   Fetched 20 changes so far...
2025-12-17 15:43:14,346 - INFO -   Fetched 30 changes so far...
2025-12-17 15:43:14,671 - INFO - Total changes fetched: 30
2025-12-17 15:43:14,672 - INFO - 
Fetching data for qt/qtxmlpatterns...
2025-12-17 15:43:14,672 - INFO - Fetching changes for qt/qtxmlpatterns from 2021-01-01 to 2024-01-01
2025-12-17 15:43:15,030 - INFO -   Fetched 10 changes so far...
2025-12-17 15:43:15,366 - INFO - Total changes fetched: 10
2025-12-17 15:43:15,367 - INFO - 
Fetching data for qt/qtxmlpatterns-testsuites...
2025-12-17 15:43:15,367 - INFO - Fetching changes for qt/qtxmlpatterns-testsuites from 2021-01-01 to 2024-01-01
2025-12-17 15:43:15,682 - INFO - Total changes fetched: 0
2025-12-17 15:43:15,683 - INFO - 
Fetching data for qt/qlalr...
2025-12-17 15:43:15,683 - INFO - Fetching changes for qt/qlalr from 2021-01-01 to 2024-01-01
2025-12-17 15:43:15,950 - INFO - Total changes fetched: 0
2025-12-17 15:43:15,951 - INFO - 
Fetching data for qt/qmake2cmake...
2025-12-17 15:43:15,951 - INFO - Fetching changes for qt/qmake2cmake from 2021-01-01 to 2024-01-01
2025-12-17 15:43:16,278 - INFO -   Fetched 10 changes so far...
2025-12-17 15:43:16,545 - INFO - Total changes fetched: 10
2025-12-17 15:43:16,545 - INFO - 
Fetching data for qt/qt-conan-common...
2025-12-17 15:43:16,545 - INFO - Fetching changes for qt/qt-conan-common from 2021-01-01 to 2024-01-01
2025-12-17 15:43:16,890 - INFO -   Fetched 10 changes so far...
2025-12-17 15:43:17,157 - INFO - Total changes fetched: 10
2025-12-17 15:43:17,157 - INFO - 
Fetching data for qt/qt-conan-config...
2025-12-17 15:43:17,157 - INFO - Fetching changes for qt/qt-conan-config from 2021-01-01 to 2024-01-01
2025-12-17 15:43:17,626 - INFO -   Fetched 10 changes so far...
2025-12-17 15:43:17,891 - INFO - Total changes fetched: 10
2025-12-17 15:43:17,891 - INFO - 
Fetching data for qt/qt5...
2025-12-17 15:43:17,892 - INFO - Fetching changes for qt/qt5 from 2021-01-01 to 2024-01-01
2025-12-17 15:43:18,743 - INFO -   Fetched 10 changes so far...
2025-12-17 15:43:19,574 - INFO -   Fetched 20 changes so far...
2025-12-17 15:43:20,413 - INFO -   Fetched 30 changes so far...
2025-12-17 15:43:20,968 - INFO -   Fetched 40 changes so far...
2025-12-17 15:43:21,893 - INFO -   Fetched 50 changes so far...
2025-12-17 15:43:22,484 - INFO -   Fetched 60 changes so far...
2025-12-17 15:43:23,303 - INFO -   Fetched 70 changes so far...
2025-12-17 15:43:24,193 - INFO -   Fetched 80 changes so far...
2025-12-17 15:43:24,194 - INFO - Total changes fetched: 80
2025-12-17 15:43:24,194 - INFO - 
Fetching data for qt/qt5compat...
2025-12-17 15:43:24,194 - INFO - Fetching changes for qt/qt5compat from 2021-01-01 to 2024-01-01
2025-12-17 15:43:24,577 - INFO -   Fetched 10 changes so far...
2025-12-17 15:43:24,998 - INFO -   Fetched 20 changes so far...
2025-12-17 15:43:25,383 - INFO -   Fetched 30 changes so far...
2025-12-17 15:43:25,727 - INFO - Total changes fetched: 30
2025-12-17 15:43:25,727 - INFO - 
Fetching data for qt/qtactiveqt...
2025-12-17 15:43:25,727 - INFO - Fetching changes for qt/qtactiveqt from 2021-01-01 to 2024-01-01
2025-12-17 15:43:26,083 - INFO -   Fetched 10 changes so far...
2025-12-17 15:43:26,473 - INFO -   Fetched 20 changes so far...
2025-12-17 15:43:26,864 - INFO -   Fetched 30 changes so far...
2025-12-17 15:43:27,198 - INFO - Total changes fetched: 30
2025-12-17 15:43:27,198 - INFO - 
Fetching data for qt/qtanalytics...
2025-12-17 15:43:27,198 - INFO - Fetching changes for qt/qtanalytics from 2021-01-01 to 2024-01-01
2025-12-17 15:43:27,487 - INFO -   Fetched 1 changes so far...
2025-12-17 15:43:27,487 - INFO - Total changes fetched: 1
2025-12-17 15:43:27,487 - INFO - 
Fetching data for qt/qtandroidextras...
2025-12-17 15:43:27,487 - INFO - Fetching changes for qt/qtandroidextras from 2021-01-01 to 2024-01-01
2025-12-17 15:43:27,873 - INFO -   Fetched 10 changes so far...
2025-12-17 15:43:28,146 - INFO - Total changes fetched: 10
2025-12-17 15:43:28,146 - INFO - 
Fetching data for qt/qtapplicationmanager...
2025-12-17 15:43:28,146 - INFO - Fetching changes for qt/qtapplicationmanager from 2021-01-01 to 2024-01-01
2025-12-17 15:43:28,694 - INFO -   Fetched 10 changes so far...
2025-12-17 15:43:29,134 - INFO -   Fetched 20 changes so far...
2025-12-17 15:43:29,835 - INFO -   Fetched 30 changes so far...
2025-12-17 15:43:30,177 - INFO - Total changes fetched: 30
2025-12-17 15:43:30,177 - INFO - 
Fetching data for qt/qtcanvas3d...
2025-12-17 15:43:30,177 - INFO - Fetching changes for qt/qtcanvas3d from 2021-01-01 to 2024-01-01
2025-12-17 15:43:30,477 - INFO -   Fetched 5 changes so far...
2025-12-17 15:43:30,477 - INFO - Total changes fetched: 5
2025-12-17 15:43:30,477 - INFO - 
Fetching data for qt/qtcanvaspainter...
2025-12-17 15:43:30,477 - INFO - Fetching changes for qt/qtcanvaspainter from 2021-01-01 to 2024-01-01
2025-12-17 15:43:30,743 - INFO - Total changes fetched: 0
2025-12-17 15:43:30,743 - INFO - 
Fetching data for qt/qtcloudmessaging...
2025-12-17 15:43:30,743 - INFO - Fetching changes for qt/qtcloudmessaging from 2021-01-01 to 2024-01-01
2025-12-17 15:43:31,036 - INFO - Total changes fetched: 0
2025-12-17 15:43:31,036 - INFO - 
Fetching data for qt/qtcoap...
2025-12-17 15:43:31,037 - INFO - Fetching changes for qt/qtcoap from 2021-01-01 to 2024-01-01
2025-12-17 15:43:31,392 - INFO -   Fetched 10 changes so far...
2025-12-17 15:43:31,762 - INFO -   Fetched 20 changes so far...
2025-12-17 15:43:32,141 - INFO -   Fetched 30 changes so far...
2025-12-17 15:43:32,520 - INFO - Total changes fetched: 30
2025-12-17 15:43:32,521 - INFO - 
Fetching data for qt/qtdeclarative-testsuites...
2025-12-17 15:43:32,521 - INFO - Fetching changes for qt/qtdeclarative-testsuites from 2021-01-01 to 2024-01-01
2025-12-17 15:43:32,898 - INFO -   Fetched 3 changes so far...
2025-12-17 15:43:32,898 - INFO - Total changes fetched: 3
2025-12-17 15:43:32,898 - INFO - 
Fetching data for qt/qtdesignviewer...
2025-12-17 15:43:32,898 - INFO - Fetching changes for qt/qtdesignviewer from 2021-01-01 to 2024-01-01
2025-12-17 15:43:33,292 - INFO -   Fetched 10 changes so far...
2025-12-17 15:43:33,556 - INFO - Total changes fetched: 10
2025-12-17 15:43:33,557 - INFO - 
Fetching data for qt/qtdeviceutilities...
2025-12-17 15:43:33,557 - INFO - Fetching changes for qt/qtdeviceutilities from 2021-01-01 to 2024-01-01
2025-12-17 15:43:33,919 - INFO -   Fetched 10 changes so far...
2025-12-17 15:43:34,281 - INFO -   Fetched 20 changes so far...
2025-12-17 15:43:34,580 - INFO - Total changes fetched: 20
2025-12-17 15:43:34,580 - INFO - 
Fetching data for qt/qtdltlogging...
2025-12-17 15:43:34,580 - INFO - Fetching changes for qt/qtdltlogging from 2021-01-01 to 2024-01-01
2025-12-17 15:43:34,956 - INFO -   Fetched 10 changes so far...
2025-12-17 15:43:35,236 - INFO - Total changes fetched: 10
2025-12-17 15:43:35,236 - INFO - 
Fetching data for qt/qtdoc...
2025-12-17 15:43:35,236 - INFO - Fetching changes for qt/qtdoc from 2021-01-01 to 2024-01-01
2025-12-17 15:43:35,749 - INFO -   Fetched 10 changes so far...
2025-12-17 15:43:36,287 - INFO -   Fetched 20 changes so far...
2025-12-17 15:43:36,891 - INFO -   Fetched 30 changes so far...
2025-12-17 15:43:37,403 - INFO -   Fetched 40 changes so far...
2025-12-17 15:43:37,974 - INFO -   Fetched 50 changes so far...
2025-12-17 15:43:38,529 - INFO -   Fetched 60 changes so far...
2025-12-17 15:43:39,065 - INFO -   Fetched 70 changes so far...
2025-12-17 15:43:39,643 - INFO -   Fetched 80 changes so far...
2025-12-17 15:43:40,095 - INFO - Total changes fetched: 80
2025-12-17 15:43:40,096 - INFO - 
Fetching data for qt/qtdocgallery...
2025-12-17 15:43:40,096 - INFO - Fetching changes for qt/qtdocgallery from 2021-01-01 to 2024-01-01
2025-12-17 15:43:40,502 - INFO - Total changes fetched: 0
2025-12-17 15:43:40,502 - INFO - 
Fetching data for qt/qtenginio...
2025-12-17 15:43:40,502 - INFO - Fetching changes for qt/qtenginio from 2021-01-01 to 2024-01-01
2025-12-17 15:43:40,771 - INFO - Total changes fetched: 0
2025-12-17 15:43:40,771 - INFO - 
Fetching data for qt/qtfeedback...
2025-12-17 15:43:40,771 - INFO - Fetching changes for qt/qtfeedback from 2021-01-01 to 2024-01-01
2025-12-17 15:43:41,048 - INFO -   Fetched 1 changes so far...
2025-12-17 15:43:41,048 - INFO - Total changes fetched: 1
2025-12-17 15:43:41,048 - INFO - 
Fetching data for qt/qtftp...
2025-12-17 15:43:41,048 - INFO - Fetching changes for qt/qtftp from 2021-01-01 to 2024-01-01
2025-12-17 15:43:41,312 - INFO - Total changes fetched: 0
2025-12-17 15:43:41,312 - INFO - 
Fetching data for qt/qtgamepad...
2025-12-17 15:43:41,312 - INFO - Fetching changes for qt/qtgamepad from 2021-01-01 to 2024-01-01
2025-12-17 15:43:41,660 - INFO -   Fetched 10 changes so far...
2025-12-17 15:43:41,926 - INFO - Total changes fetched: 10
2025-12-17 15:43:41,926 - INFO - 
Fetching data for qt/qtgraphicaleffects...
2025-12-17 15:43:41,926 - INFO - Fetching changes for qt/qtgraphicaleffects from 2021-01-01 to 2024-01-01
2025-12-17 15:43:42,788 - INFO -   Fetched 7 changes so far...
2025-12-17 15:43:42,788 - INFO - Total changes fetched: 7
2025-12-17 15:43:42,788 - INFO - 
Total changes: 2119
2025-12-17 15:43:42,788 - INFO - Extracting review requests...
Extracting review requests:   0%|          | 0/2119 [00:00<?, ?it/s]Extracting review requests: 100%|██████████| 2119/2119 [00:00<00:00, 65172.21it/s]
2025-12-17 15:43:42,845 - INFO - Extracted 3121 review requests
2025-12-17 15:43:42,845 - INFO - Computing history-based features...
Computing features:   0%|          | 0/3121 [00:00<?, ?it/s]Computing features:   5%|▌         | 170/3121 [00:00<00:01, 1699.75it/s]Computing features:  14%|█▍        | 433/3121 [00:00<00:01, 2214.73it/s]Computing features:  21%|██        | 654/3121 [00:00<00:01, 2128.38it/s]Computing features:  28%|██▊       | 877/3121 [00:00<00:01, 2144.32it/s]Computing features:  35%|███▍      | 1092/3121 [00:00<00:01, 1989.37it/s]Computing features:  43%|████▎     | 1353/3121 [00:00<00:00, 2183.31it/s]Computing features:  50%|█████     | 1574/3121 [00:00<00:00, 2156.42it/s]Computing features:  58%|█████▊    | 1808/3121 [00:00<00:00, 2210.62it/s]Computing features:  65%|██████▌   | 2031/3121 [00:00<00:00, 2006.21it/s]Computing features:  72%|███████▏  | 2236/3121 [00:01<00:00, 1919.24it/s]Computing features:  81%|████████  | 2520/3121 [00:01<00:00, 2156.60it/s]Computing features:  88%|████████▊ | 2740/3121 [00:01<00:00, 2040.97it/s]Computing features:  94%|█████████▍| 2948/3121 [00:01<00:00, 1992.96it/s]Computing features: 100%|██████████| 3121/3121 [00:01<00:00, 2061.54it/s]
2025-12-17 15:43:44,425 - INFO - 
Dataset shape: (3121, 67)
2025-12-17 15:43:44,425 - INFO - Positive labels: 1366 (43.8%)
2025-12-17 15:43:44,425 - INFO - Negative labels: 1755 (56.2%)
2025-12-17 15:43:44,465 - INFO - 
Dataset saved to: data/qt_50proj_2021_2024.csv
2025-12-17 15:43:44,465 - INFO - ============================================================
2025-12-17 15:43:44,465 - INFO - 完了！
2025-12-17 15:43:44,465 - INFO - ============================================================

==========================================
収集完了！
==========================================

データサマリー:
Traceback (most recent call last):
  File "<stdin>", line 1, in <module>
  File "/Library/Frameworks/Python.framework/Versions/3.11/lib/python3.11/site-packages/pandas/__init__.py", line 49, in <module>
    from pandas.core.api import (
  File "/Library/Frameworks/Python.framework/Versions/3.11/lib/python3.11/site-packages/pandas/core/api.py", line 1, in <module>
    from pandas._libs import (
  File "/Library/Frameworks/Python.framework/Versions/3.11/lib/python3.11/site-packages/pandas/_libs/__init__.py", line 16, in <module>
    import pandas._libs.pandas_parser  # isort: skip # type: ignore[reportUnusedImport]
    ^^^^^^^^^^^^^^^^^^^^^^^^^^^^^^^^^
ImportError: dlopen(/Library/Frameworks/Python.framework/Versions/3.11/lib/python3.11/site-packages/pandas/_libs/pandas_parser.cpython-311-darwin.so, 0x0002): tried: '/Library/Frameworks/Python.framework/Versions/3.11/lib/python3.11/site-packages/pandas/_libs/pandas_parser.cpython-311-darwin.so' (mach-o file, but is an incompatible architecture (have 'x86_64', need 'arm64e' or 'arm64')), '/System/Volumes/Preboot/Cryptexes/OS/Library/Frameworks/Python.framework/Versions/3.11/lib/python3.11/site-packages/pandas/_libs/pandas_parser.cpython-311-darwin.so' (no such file), '/Library/Frameworks/Python.framework/Versions/3.11/lib/python3.11/site-packages/pandas/_libs/pandas_parser.cpython-311-darwin.so' (mach-o file, but is an incompatible architecture (have 'x86_64', need 'arm64e' or 'arm64'))
