2025-12-19 11:13:45,347 - INFO - 訓練期間ベース: 2021-01-01 00:00:00
2025-12-19 11:13:45,348 - INFO - 評価期間ベース: 2023-01-01 00:00:00
2025-12-19 11:13:45,349 - INFO - 生成されたパターン数: 10
2025-12-19 11:13:45,349 - INFO -   0-3m → 0-3m
2025-12-19 11:13:45,349 - INFO -   0-3m → 3-6m
2025-12-19 11:13:45,349 - INFO -   0-3m → 6-9m
2025-12-19 11:13:45,349 - INFO -   0-3m → 9-12m
2025-12-19 11:13:45,349 - INFO -   3-6m → 3-6m
2025-12-19 11:13:45,349 - INFO -   3-6m → 6-9m
2025-12-19 11:13:45,349 - INFO -   3-6m → 9-12m
2025-12-19 11:13:45,349 - INFO -   6-9m → 6-9m
2025-12-19 11:13:45,349 - INFO -   6-9m → 9-12m
2025-12-19 11:13:45,349 - INFO -   9-12m → 9-12m
2025-12-19 11:13:45,349 - INFO - ================================================================================
2025-12-19 11:13:45,349 - INFO - 全10パターンの訓練・評価を開始
2025-12-19 11:13:45,349 - INFO - ================================================================================
2025-12-19 11:13:45,349 - INFO - 
【1/10】パターン実行中...
2025-12-19 11:13:45,349 - INFO - ================================================================================
2025-12-19 11:13:45,349 - INFO - パターン: 0-3m → 0-3m
2025-12-19 11:13:45,349 - INFO - 訓練期間: 2021-01-01 00:00:00 ～ 2021-04-01 00:00:00
2025-12-19 11:13:45,349 - INFO - 評価期間: 2023-01-01 00:00:00 ～ 2023-04-01 00:00:00
2025-12-19 11:13:45,349 - INFO - ================================================================================
2025-12-19 11:13:46,849 - INFO - レビュー依頼データを読み込み: data/qt_50proj_2021_2024_feat.csv
2025-12-19 11:13:46,870 - INFO - 総レビュー依頼数: 3121
2025-12-19 11:13:46,870 - INFO - 承諾数: 1366 (43.8%)
2025-12-19 11:13:46,870 - INFO - 拒否数: 1755 (56.2%)
2025-12-19 11:13:46,871 - INFO - 将来窓設定: 0～24ヶ月
2025-12-19 11:13:46,871 - INFO - 訓練用軌跡を抽出...
2025-12-19 11:13:46,871 - INFO - ================================================================================
2025-12-19 11:13:46,871 - INFO - レビュー承諾予測用軌跡抽出を開始（データリークなし版）
2025-12-19 11:13:46,871 - INFO - 訓練期間全体: 2021-01-01 00:00:00 ～ 2021-04-01 00:00:00
2025-12-19 11:13:46,871 - INFO - 将来窓: 0～24ヶ月
2025-12-19 11:13:46,871 - INFO - 拡張ラベル期間: 0～12ヶ月
2025-12-19 11:13:46,871 - INFO - プロジェクト: 全プロジェクト
2025-12-19 11:13:46,871 - INFO - ラベル定義: この期間で承諾=1、この期間で拒否=0、依頼なし→拡張期間チェック、訓練時は拡張期間にも依頼なしで除外
2025-12-19 11:13:46,871 - INFO - データリーク防止: 訓練期間内でラベル計算
2025-12-19 11:13:46,871 - INFO - ================================================================================
2025-12-19 11:13:46,872 - INFO - 特徴量計算期間（訓練全体）: 2021-01-01 00:00:00 ～ 2021-04-01 00:00:00
2025-12-19 11:13:46,872 - INFO - 全体ラベル期間（train_end時点から）: 2021-04-01 00:00:00 ～ 2023-04-01 00:00:00
2025-12-19 11:13:46,874 - INFO - 特徴量計算期間内のレビュアー数: 70
2025-12-19 11:13:47,033 - INFO - ================================================================================
2025-12-19 11:13:47,033 - INFO - 軌跡抽出完了: 61サンプル（レビュアー）
2025-12-19 11:13:47,033 - INFO -   スキップ（最小依頼数未満）: 0
2025-12-19 11:13:47,033 - INFO -   スキップ（訓練期間末尾まで依頼なし）: 9
2025-12-19 11:13:47,033 - INFO -   正例（この期間で承諾あり）: 54 (88.5%)
2025-12-19 11:13:47,033 - INFO -   負例（この期間で承諾なし）: 7 (11.5%)
2025-12-19 11:13:47,033 - INFO -     - 依頼あり→拒否（重み=1.0）: 7
2025-12-19 11:13:47,033 - INFO -   総ステップ数: 122
2025-12-19 11:13:47,033 - INFO -   継続ステップ率: 32.8% (40/122)
2025-12-19 11:13:47,033 - INFO - ================================================================================
/Users/kazuki-h/research/multiproject_research/.venv/lib/python3.13/site-packages/torch/nn/modules/rnn.py:123: UserWarning: dropout option adds dropout after all but last recurrent layer, so non-zero dropout expects num_layers greater than 1, but got dropout=0.2 and num_layers=1
  warnings.warn(
2025-12-19 11:13:47,666 - INFO - 継続予測IRLシステムを初期化しました
2025-12-19 11:13:47,666 - INFO - 訓練データ正例率: 88.5% (54/61)
2025-12-19 11:13:47,666 - INFO - Focal Loss パラメータ更新: alpha=0.400, gamma=1.000
2025-12-19 11:13:47,667 - INFO - 正例率 88.5% に基づき自動調整: バランス重視（正例率≥60%・軽い正例優先)
2025-12-19 11:13:47,667 - INFO - IRLモデルを訓練...
2025-12-19 11:13:47,667 - INFO - ============================================================
2025-12-19 11:13:47,667 - INFO - 時系列IRL訓練開始
2025-12-19 11:13:47,667 - INFO - 軌跡数: 61
2025-12-19 11:13:47,667 - INFO - エポック数: 20
2025-12-19 11:13:47,667 - INFO - ============================================================
2025-12-19 11:13:47,878 - INFO - エポック 0: 平均損失 = 1.1884
2025-12-19 11:13:48,916 - INFO - エポック 10: 平均損失 = 0.9831
2025-12-19 11:13:50,358 - INFO - 時系列IRL訓練完了
2025-12-19 11:13:50,358 - INFO - 訓練データ上で最適閾値を決定...
2025-12-19 11:13:50,391 - INFO - 最適閾値: 0.0343
2025-12-19 11:13:50,391 - INFO - 訓練データ性能: Precision=0.885, Recall=1.000, F1=0.939
2025-12-19 11:13:50,395 - INFO - モデルを保存: outputs/qt_50projects_irl/train_0-3m/irl_model.pt
2025-12-19 11:13:50,395 - INFO - 最適閾値を保存: outputs/qt_50projects_irl/train_0-3m/optimal_threshold.json
2025-12-19 11:13:50,395 - INFO - 評価用軌跡を抽出...
2025-12-19 11:13:50,395 - INFO - ================================================================================
2025-12-19 11:13:50,395 - INFO - 評価用軌跡抽出を開始（スナップショット特徴量用）
2025-12-19 11:13:50,395 - INFO - Cutoff日: 2021-04-01 00:00:00
2025-12-19 11:13:50,395 - INFO - 履歴ウィンドウ: 3ヶ月
2025-12-19 11:13:50,395 - INFO - 将来窓: 21～24ヶ月
2025-12-19 11:13:50,395 - INFO - 拡張ラベル期間: 21～12ヶ月
2025-12-19 11:13:50,395 - INFO - プロジェクト: 全プロジェクト
2025-12-19 11:13:50,395 - INFO - 継続判定: この期間で承諾=1、この期間で拒否=0、依頼なし→拡張期間チェック、評価時は拡張期間にも依頼なしで除外（予測の母集団に入れない）
2025-12-19 11:13:50,395 - INFO - ================================================================================
2025-12-19 11:13:50,395 - INFO - 履歴期間: 2021-01-01 00:00:00 ～ 2021-04-01 00:00:00
2025-12-19 11:13:50,395 - INFO - 評価期間: 2023-01-01 00:00:00 ～ 2023-04-01 00:00:00
2025-12-19 11:13:50,396 - INFO - 履歴期間内のレビュアー数: 70
2025-12-19 11:13:50,469 - INFO - ================================================================================
2025-12-19 11:13:50,469 - INFO - 評価用軌跡抽出完了: 44サンプル
2025-12-19 11:13:50,469 - INFO -   スキップ（最小依頼数未満）: 0
2025-12-19 11:13:50,469 - INFO -   スキップ（訓練期間末尾まで依頼なし）: 26
2025-12-19 11:13:50,469 - INFO -   正例（この期間で承諾あり）: 26 (59.1%)
2025-12-19 11:13:50,469 - INFO -   負例（この期間で承諾なし）: 18 (40.9%)
2025-12-19 11:13:50,469 - INFO -     - 依頼あり→拒否（重み=1.0）: 18
2025-12-19 11:13:50,469 - INFO - ================================================================================
2025-12-19 11:13:50,469 - INFO - 予測を実行...
2025-12-19 11:13:50,495 - INFO - ================================================================================
2025-12-19 11:13:50,495 - INFO - 評価結果 (0-3m → 0-3m):
2025-12-19 11:13:50,495 - INFO -   AUC-ROC: 0.5534
2025-12-19 11:13:50,495 - INFO -   AUC-PR: 0.6677
2025-12-19 11:13:50,495 - INFO -   Precision: 0.5909
2025-12-19 11:13:50,495 - INFO -   Recall: 1.0000
2025-12-19 11:13:50,495 - INFO -   F1 Score: 0.7429
2025-12-19 11:13:50,495 - INFO - ================================================================================
2025-12-19 11:13:50,497 - INFO - 結果を保存: outputs/qt_50projects_irl/train_0-3m/eval_0-3m
2025-12-19 11:13:50,497 - INFO - 
【2/10】パターン実行中...
2025-12-19 11:13:50,497 - INFO - ================================================================================
2025-12-19 11:13:50,497 - INFO - パターン: 0-3m → 3-6m
2025-12-19 11:13:50,497 - INFO - 訓練期間: 2021-01-01 00:00:00 ～ 2021-04-01 00:00:00
2025-12-19 11:13:50,497 - INFO - 評価期間: 2023-04-01 00:00:00 ～ 2023-07-01 00:00:00
2025-12-19 11:13:50,497 - INFO - ================================================================================
2025-12-19 11:13:50,497 - INFO - レビュー依頼データを読み込み: data/qt_50proj_2021_2024_feat.csv
2025-12-19 11:13:50,513 - INFO - 総レビュー依頼数: 3121
2025-12-19 11:13:50,513 - INFO - 承諾数: 1366 (43.8%)
2025-12-19 11:13:50,514 - INFO - 拒否数: 1755 (56.2%)
2025-12-19 11:13:50,514 - INFO - 将来窓設定: 0～27ヶ月
2025-12-19 11:13:50,514 - INFO - 訓練用軌跡を抽出...
2025-12-19 11:13:50,514 - INFO - ================================================================================
2025-12-19 11:13:50,514 - INFO - レビュー承諾予測用軌跡抽出を開始（データリークなし版）
2025-12-19 11:13:50,514 - INFO - 訓練期間全体: 2021-01-01 00:00:00 ～ 2021-04-01 00:00:00
2025-12-19 11:13:50,514 - INFO - 将来窓: 0～27ヶ月
2025-12-19 11:13:50,514 - INFO - 拡張ラベル期間: 0～12ヶ月
2025-12-19 11:13:50,514 - INFO - プロジェクト: 全プロジェクト
2025-12-19 11:13:50,514 - INFO - ラベル定義: この期間で承諾=1、この期間で拒否=0、依頼なし→拡張期間チェック、訓練時は拡張期間にも依頼なしで除外
2025-12-19 11:13:50,514 - INFO - データリーク防止: 訓練期間内でラベル計算
2025-12-19 11:13:50,514 - INFO - ================================================================================
2025-12-19 11:13:50,514 - INFO - 特徴量計算期間（訓練全体）: 2021-01-01 00:00:00 ～ 2021-04-01 00:00:00
2025-12-19 11:13:50,514 - INFO - 全体ラベル期間（train_end時点から）: 2021-04-01 00:00:00 ～ 2023-07-01 00:00:00
2025-12-19 11:13:50,515 - INFO - 特徴量計算期間内のレビュアー数: 70
2025-12-19 11:13:50,681 - INFO - ================================================================================
2025-12-19 11:13:50,681 - INFO - 軌跡抽出完了: 61サンプル（レビュアー）
2025-12-19 11:13:50,682 - INFO -   スキップ（最小依頼数未満）: 0
2025-12-19 11:13:50,682 - INFO -   スキップ（訓練期間末尾まで依頼なし）: 9
2025-12-19 11:13:50,682 - INFO -   正例（この期間で承諾あり）: 54 (88.5%)
2025-12-19 11:13:50,682 - INFO -   負例（この期間で承諾なし）: 7 (11.5%)
2025-12-19 11:13:50,682 - INFO -     - 依頼あり→拒否（重み=1.0）: 7
2025-12-19 11:13:50,682 - INFO -   総ステップ数: 122
2025-12-19 11:13:50,682 - INFO -   継続ステップ率: 32.8% (40/122)
2025-12-19 11:13:50,682 - INFO - ================================================================================
/Users/kazuki-h/research/multiproject_research/.venv/lib/python3.13/site-packages/torch/nn/modules/rnn.py:123: UserWarning: dropout option adds dropout after all but last recurrent layer, so non-zero dropout expects num_layers greater than 1, but got dropout=0.2 and num_layers=1
  warnings.warn(
2025-12-19 11:13:50,683 - INFO - 継続予測IRLシステムを初期化しました
2025-12-19 11:13:50,683 - INFO - 訓練データ正例率: 88.5% (54/61)
2025-12-19 11:13:50,683 - INFO - Focal Loss パラメータ更新: alpha=0.400, gamma=1.000
2025-12-19 11:13:50,683 - INFO - 正例率 88.5% に基づき自動調整: バランス重視（正例率≥60%・軽い正例優先)
2025-12-19 11:13:50,683 - INFO - IRLモデルを訓練...
2025-12-19 11:13:50,684 - INFO - ============================================================
2025-12-19 11:13:50,684 - INFO - 時系列IRL訓練開始
2025-12-19 11:13:50,684 - INFO - 軌跡数: 61
2025-12-19 11:13:50,684 - INFO - エポック数: 20
2025-12-19 11:13:50,684 - INFO - ============================================================
2025-12-19 11:13:50,806 - INFO - エポック 0: 平均損失 = 1.1285
2025-12-19 11:13:51,953 - INFO - エポック 10: 平均損失 = 0.9821
2025-12-19 11:13:52,783 - INFO - 時系列IRL訓練完了
2025-12-19 11:13:52,783 - INFO - 訓練データ上で最適閾値を決定...
2025-12-19 11:13:52,806 - INFO - 最適閾値: 0.0222
2025-12-19 11:13:52,806 - INFO - 訓練データ性能: Precision=0.885, Recall=1.000, F1=0.939
2025-12-19 11:13:52,808 - INFO - モデルを保存: outputs/qt_50projects_irl/train_0-3m/irl_model.pt
2025-12-19 11:13:52,808 - INFO - 最適閾値を保存: outputs/qt_50projects_irl/train_0-3m/optimal_threshold.json
2025-12-19 11:13:52,808 - INFO - 評価用軌跡を抽出...
2025-12-19 11:13:52,808 - INFO - ================================================================================
2025-12-19 11:13:52,808 - INFO - 評価用軌跡抽出を開始（スナップショット特徴量用）
2025-12-19 11:13:52,808 - INFO - Cutoff日: 2021-04-01 00:00:00
2025-12-19 11:13:52,808 - INFO - 履歴ウィンドウ: 3ヶ月
2025-12-19 11:13:52,808 - INFO - 将来窓: 24～27ヶ月
2025-12-19 11:13:52,808 - INFO - 拡張ラベル期間: 24～12ヶ月
2025-12-19 11:13:52,808 - INFO - プロジェクト: 全プロジェクト
2025-12-19 11:13:52,808 - INFO - 継続判定: この期間で承諾=1、この期間で拒否=0、依頼なし→拡張期間チェック、評価時は拡張期間にも依頼なしで除外（予測の母集団に入れない）
2025-12-19 11:13:52,808 - INFO - ================================================================================
2025-12-19 11:13:52,808 - INFO - 履歴期間: 2021-01-01 00:00:00 ～ 2021-04-01 00:00:00
2025-12-19 11:13:52,808 - INFO - 評価期間: 2023-04-01 00:00:00 ～ 2023-07-01 00:00:00
2025-12-19 11:13:52,809 - INFO - 履歴期間内のレビュアー数: 70
2025-12-19 11:13:52,858 - INFO - ================================================================================
2025-12-19 11:13:52,858 - INFO - 評価用軌跡抽出完了: 36サンプル
2025-12-19 11:13:52,858 - INFO -   スキップ（最小依頼数未満）: 0
2025-12-19 11:13:52,858 - INFO -   スキップ（訓練期間末尾まで依頼なし）: 34
2025-12-19 11:13:52,858 - INFO -   正例（この期間で承諾あり）: 21 (58.3%)
2025-12-19 11:13:52,858 - INFO -   負例（この期間で承諾なし）: 15 (41.7%)
2025-12-19 11:13:52,858 - INFO -     - 依頼あり→拒否（重み=1.0）: 15
2025-12-19 11:13:52,858 - INFO - ================================================================================
2025-12-19 11:13:52,858 - INFO - 予測を実行...
2025-12-19 11:13:52,876 - INFO - ================================================================================
2025-12-19 11:13:52,876 - INFO - 評価結果 (0-3m → 3-6m):
2025-12-19 11:13:52,876 - INFO -   AUC-ROC: 0.6222
2025-12-19 11:13:52,876 - INFO -   AUC-PR: 0.6545
2025-12-19 11:13:52,876 - INFO -   Precision: 0.5833
2025-12-19 11:13:52,876 - INFO -   Recall: 1.0000
2025-12-19 11:13:52,876 - INFO -   F1 Score: 0.7368
2025-12-19 11:13:52,876 - INFO - ================================================================================
2025-12-19 11:13:52,877 - INFO - 結果を保存: outputs/qt_50projects_irl/train_0-3m/eval_3-6m
2025-12-19 11:13:52,878 - INFO - 
【3/10】パターン実行中...
2025-12-19 11:13:52,878 - INFO - ================================================================================
2025-12-19 11:13:52,878 - INFO - パターン: 0-3m → 6-9m
2025-12-19 11:13:52,878 - INFO - 訓練期間: 2021-01-01 00:00:00 ～ 2021-04-01 00:00:00
2025-12-19 11:13:52,878 - INFO - 評価期間: 2023-07-01 00:00:00 ～ 2023-10-01 00:00:00
2025-12-19 11:13:52,878 - INFO - ================================================================================
2025-12-19 11:13:52,878 - INFO - レビュー依頼データを読み込み: data/qt_50proj_2021_2024_feat.csv
2025-12-19 11:13:52,892 - INFO - 総レビュー依頼数: 3121
2025-12-19 11:13:52,892 - INFO - 承諾数: 1366 (43.8%)
2025-12-19 11:13:52,892 - INFO - 拒否数: 1755 (56.2%)
2025-12-19 11:13:52,892 - INFO - 将来窓設定: 0～30ヶ月
2025-12-19 11:13:52,892 - INFO - 訓練用軌跡を抽出...
2025-12-19 11:13:52,892 - INFO - ================================================================================
2025-12-19 11:13:52,892 - INFO - レビュー承諾予測用軌跡抽出を開始（データリークなし版）
2025-12-19 11:13:52,892 - INFO - 訓練期間全体: 2021-01-01 00:00:00 ～ 2021-04-01 00:00:00
2025-12-19 11:13:52,892 - INFO - 将来窓: 0～30ヶ月
2025-12-19 11:13:52,892 - INFO - 拡張ラベル期間: 0～12ヶ月
2025-12-19 11:13:52,892 - INFO - プロジェクト: 全プロジェクト
2025-12-19 11:13:52,892 - INFO - ラベル定義: この期間で承諾=1、この期間で拒否=0、依頼なし→拡張期間チェック、訓練時は拡張期間にも依頼なしで除外
2025-12-19 11:13:52,892 - INFO - データリーク防止: 訓練期間内でラベル計算
2025-12-19 11:13:52,892 - INFO - ================================================================================
2025-12-19 11:13:52,892 - INFO - 特徴量計算期間（訓練全体）: 2021-01-01 00:00:00 ～ 2021-04-01 00:00:00
2025-12-19 11:13:52,892 - INFO - 全体ラベル期間（train_end時点から）: 2021-04-01 00:00:00 ～ 2023-10-01 00:00:00
2025-12-19 11:13:52,893 - INFO - 特徴量計算期間内のレビュアー数: 70
2025-12-19 11:13:53,035 - INFO - ================================================================================
2025-12-19 11:13:53,035 - INFO - 軌跡抽出完了: 61サンプル（レビュアー）
2025-12-19 11:13:53,035 - INFO -   スキップ（最小依頼数未満）: 0
2025-12-19 11:13:53,035 - INFO -   スキップ（訓練期間末尾まで依頼なし）: 9
2025-12-19 11:13:53,035 - INFO -   正例（この期間で承諾あり）: 54 (88.5%)
2025-12-19 11:13:53,035 - INFO -   負例（この期間で承諾なし）: 7 (11.5%)
2025-12-19 11:13:53,035 - INFO -     - 依頼あり→拒否（重み=1.0）: 7
2025-12-19 11:13:53,035 - INFO -   総ステップ数: 122
2025-12-19 11:13:53,035 - INFO -   継続ステップ率: 32.8% (40/122)
2025-12-19 11:13:53,035 - INFO - ================================================================================
/Users/kazuki-h/research/multiproject_research/.venv/lib/python3.13/site-packages/torch/nn/modules/rnn.py:123: UserWarning: dropout option adds dropout after all but last recurrent layer, so non-zero dropout expects num_layers greater than 1, but got dropout=0.2 and num_layers=1
  warnings.warn(
2025-12-19 11:13:53,036 - INFO - 継続予測IRLシステムを初期化しました
2025-12-19 11:13:53,036 - INFO - 訓練データ正例率: 88.5% (54/61)
2025-12-19 11:13:53,036 - INFO - Focal Loss パラメータ更新: alpha=0.400, gamma=1.000
2025-12-19 11:13:53,036 - INFO - 正例率 88.5% に基づき自動調整: バランス重視（正例率≥60%・軽い正例優先)
2025-12-19 11:13:53,036 - INFO - IRLモデルを訓練...
2025-12-19 11:13:53,036 - INFO - ============================================================
2025-12-19 11:13:53,036 - INFO - 時系列IRL訓練開始
2025-12-19 11:13:53,036 - INFO - 軌跡数: 61
2025-12-19 11:13:53,036 - INFO - エポック数: 20
2025-12-19 11:13:53,036 - INFO - ============================================================
2025-12-19 11:13:53,144 - INFO - エポック 0: 平均損失 = 1.1444
2025-12-19 11:13:54,072 - INFO - エポック 10: 平均損失 = 0.9818
2025-12-19 11:13:54,914 - INFO - 時系列IRL訓練完了
2025-12-19 11:13:54,914 - INFO - 訓練データ上で最適閾値を決定...
2025-12-19 11:13:54,937 - INFO - 最適閾値: 0.0318
2025-12-19 11:13:54,937 - INFO - 訓練データ性能: Precision=0.885, Recall=1.000, F1=0.939
2025-12-19 11:13:54,938 - INFO - モデルを保存: outputs/qt_50projects_irl/train_0-3m/irl_model.pt
2025-12-19 11:13:54,938 - INFO - 最適閾値を保存: outputs/qt_50projects_irl/train_0-3m/optimal_threshold.json
2025-12-19 11:13:54,938 - INFO - 評価用軌跡を抽出...
2025-12-19 11:13:54,938 - INFO - ================================================================================
2025-12-19 11:13:54,938 - INFO - 評価用軌跡抽出を開始（スナップショット特徴量用）
2025-12-19 11:13:54,938 - INFO - Cutoff日: 2021-04-01 00:00:00
2025-12-19 11:13:54,938 - INFO - 履歴ウィンドウ: 3ヶ月
2025-12-19 11:13:54,938 - INFO - 将来窓: 27～30ヶ月
2025-12-19 11:13:54,938 - INFO - 拡張ラベル期間: 27～12ヶ月
2025-12-19 11:13:54,938 - INFO - プロジェクト: 全プロジェクト
2025-12-19 11:13:54,938 - INFO - 継続判定: この期間で承諾=1、この期間で拒否=0、依頼なし→拡張期間チェック、評価時は拡張期間にも依頼なしで除外（予測の母集団に入れない）
2025-12-19 11:13:54,938 - INFO - ================================================================================
2025-12-19 11:13:54,939 - INFO - 履歴期間: 2021-01-01 00:00:00 ～ 2021-04-01 00:00:00
2025-12-19 11:13:54,939 - INFO - 評価期間: 2023-07-01 00:00:00 ～ 2023-10-01 00:00:00
2025-12-19 11:13:54,939 - INFO - 履歴期間内のレビュアー数: 70
2025-12-19 11:13:54,985 - INFO - ================================================================================
2025-12-19 11:13:54,985 - INFO - 評価用軌跡抽出完了: 34サンプル
2025-12-19 11:13:54,985 - INFO -   スキップ（最小依頼数未満）: 0
2025-12-19 11:13:54,985 - INFO -   スキップ（訓練期間末尾まで依頼なし）: 36
2025-12-19 11:13:54,985 - INFO -   正例（この期間で承諾あり）: 25 (73.5%)
2025-12-19 11:13:54,985 - INFO -   負例（この期間で承諾なし）: 9 (26.5%)
2025-12-19 11:13:54,985 - INFO -     - 依頼あり→拒否（重み=1.0）: 9
2025-12-19 11:13:54,985 - INFO - ================================================================================
2025-12-19 11:13:54,985 - INFO - 予測を実行...
2025-12-19 11:13:55,002 - INFO - ================================================================================
2025-12-19 11:13:55,002 - INFO - 評価結果 (0-3m → 6-9m):
2025-12-19 11:13:55,002 - INFO -   AUC-ROC: 0.4533
2025-12-19 11:13:55,003 - INFO -   AUC-PR: 0.7101
2025-12-19 11:13:55,003 - INFO -   Precision: 0.7353
2025-12-19 11:13:55,003 - INFO -   Recall: 1.0000
2025-12-19 11:13:55,003 - INFO -   F1 Score: 0.8475
2025-12-19 11:13:55,003 - INFO - ================================================================================
2025-12-19 11:13:55,004 - INFO - 結果を保存: outputs/qt_50projects_irl/train_0-3m/eval_6-9m
2025-12-19 11:13:55,004 - INFO - 
【4/10】パターン実行中...
2025-12-19 11:13:55,004 - INFO - ================================================================================
2025-12-19 11:13:55,004 - INFO - パターン: 0-3m → 9-12m
2025-12-19 11:13:55,004 - INFO - 訓練期間: 2021-01-01 00:00:00 ～ 2021-04-01 00:00:00
2025-12-19 11:13:55,004 - INFO - 評価期間: 2023-10-01 00:00:00 ～ 2024-01-01 00:00:00
2025-12-19 11:13:55,004 - INFO - ================================================================================
2025-12-19 11:13:55,004 - INFO - レビュー依頼データを読み込み: data/qt_50proj_2021_2024_feat.csv
2025-12-19 11:13:55,018 - INFO - 総レビュー依頼数: 3121
2025-12-19 11:13:55,018 - INFO - 承諾数: 1366 (43.8%)
2025-12-19 11:13:55,018 - INFO - 拒否数: 1755 (56.2%)
2025-12-19 11:13:55,018 - INFO - 将来窓設定: 0～33ヶ月
2025-12-19 11:13:55,018 - INFO - 訓練用軌跡を抽出...
2025-12-19 11:13:55,018 - INFO - ================================================================================
2025-12-19 11:13:55,018 - INFO - レビュー承諾予測用軌跡抽出を開始（データリークなし版）
2025-12-19 11:13:55,018 - INFO - 訓練期間全体: 2021-01-01 00:00:00 ～ 2021-04-01 00:00:00
2025-12-19 11:13:55,018 - INFO - 将来窓: 0～33ヶ月
2025-12-19 11:13:55,018 - INFO - 拡張ラベル期間: 0～12ヶ月
2025-12-19 11:13:55,018 - INFO - プロジェクト: 全プロジェクト
2025-12-19 11:13:55,018 - INFO - ラベル定義: この期間で承諾=1、この期間で拒否=0、依頼なし→拡張期間チェック、訓練時は拡張期間にも依頼なしで除外
2025-12-19 11:13:55,018 - INFO - データリーク防止: 訓練期間内でラベル計算
2025-12-19 11:13:55,018 - INFO - ================================================================================
2025-12-19 11:13:55,018 - INFO - 特徴量計算期間（訓練全体）: 2021-01-01 00:00:00 ～ 2021-04-01 00:00:00
2025-12-19 11:13:55,019 - INFO - 全体ラベル期間（train_end時点から）: 2021-04-01 00:00:00 ～ 2024-01-01 00:00:00
2025-12-19 11:13:55,019 - INFO - 特徴量計算期間内のレビュアー数: 70
2025-12-19 11:13:55,162 - INFO - ================================================================================
2025-12-19 11:13:55,162 - INFO - 軌跡抽出完了: 61サンプル（レビュアー）
2025-12-19 11:13:55,162 - INFO -   スキップ（最小依頼数未満）: 0
2025-12-19 11:13:55,162 - INFO -   スキップ（訓練期間末尾まで依頼なし）: 9
2025-12-19 11:13:55,162 - INFO -   正例（この期間で承諾あり）: 54 (88.5%)
2025-12-19 11:13:55,162 - INFO -   負例（この期間で承諾なし）: 7 (11.5%)
2025-12-19 11:13:55,162 - INFO -     - 依頼あり→拒否（重み=1.0）: 7
2025-12-19 11:13:55,162 - INFO -   総ステップ数: 122
2025-12-19 11:13:55,162 - INFO -   継続ステップ率: 32.8% (40/122)
2025-12-19 11:13:55,162 - INFO - ================================================================================
/Users/kazuki-h/research/multiproject_research/.venv/lib/python3.13/site-packages/torch/nn/modules/rnn.py:123: UserWarning: dropout option adds dropout after all but last recurrent layer, so non-zero dropout expects num_layers greater than 1, but got dropout=0.2 and num_layers=1
  warnings.warn(
2025-12-19 11:13:55,163 - INFO - 継続予測IRLシステムを初期化しました
2025-12-19 11:13:55,163 - INFO - 訓練データ正例率: 88.5% (54/61)
2025-12-19 11:13:55,163 - INFO - Focal Loss パラメータ更新: alpha=0.400, gamma=1.000
2025-12-19 11:13:55,163 - INFO - 正例率 88.5% に基づき自動調整: バランス重視（正例率≥60%・軽い正例優先)
2025-12-19 11:13:55,163 - INFO - IRLモデルを訓練...
2025-12-19 11:13:55,163 - INFO - ============================================================
2025-12-19 11:13:55,163 - INFO - 時系列IRL訓練開始
2025-12-19 11:13:55,163 - INFO - 軌跡数: 61
2025-12-19 11:13:55,163 - INFO - エポック数: 20
2025-12-19 11:13:55,163 - INFO - ============================================================
2025-12-19 11:13:55,258 - INFO - エポック 0: 平均損失 = 1.1836
2025-12-19 11:13:56,175 - INFO - エポック 10: 平均損失 = 0.9892
2025-12-19 11:13:57,135 - INFO - 時系列IRL訓練完了
2025-12-19 11:13:57,135 - INFO - 訓練データ上で最適閾値を決定...
2025-12-19 11:13:57,158 - INFO - 最適閾値: 0.0475
2025-12-19 11:13:57,158 - INFO - 訓練データ性能: Precision=0.885, Recall=1.000, F1=0.939
2025-12-19 11:13:57,159 - INFO - モデルを保存: outputs/qt_50projects_irl/train_0-3m/irl_model.pt
2025-12-19 11:13:57,159 - INFO - 最適閾値を保存: outputs/qt_50projects_irl/train_0-3m/optimal_threshold.json
2025-12-19 11:13:57,159 - INFO - 評価用軌跡を抽出...
2025-12-19 11:13:57,159 - INFO - ================================================================================
2025-12-19 11:13:57,159 - INFO - 評価用軌跡抽出を開始（スナップショット特徴量用）
2025-12-19 11:13:57,159 - INFO - Cutoff日: 2021-04-01 00:00:00
2025-12-19 11:13:57,159 - INFO - 履歴ウィンドウ: 3ヶ月
2025-12-19 11:13:57,159 - INFO - 将来窓: 30～33ヶ月
2025-12-19 11:13:57,160 - INFO - 拡張ラベル期間: 30～12ヶ月
2025-12-19 11:13:57,160 - INFO - プロジェクト: 全プロジェクト
2025-12-19 11:13:57,160 - INFO - 継続判定: この期間で承諾=1、この期間で拒否=0、依頼なし→拡張期間チェック、評価時は拡張期間にも依頼なしで除外（予測の母集団に入れない）
2025-12-19 11:13:57,160 - INFO - ================================================================================
2025-12-19 11:13:57,160 - INFO - 履歴期間: 2021-01-01 00:00:00 ～ 2021-04-01 00:00:00
2025-12-19 11:13:57,160 - INFO - 評価期間: 2023-10-01 00:00:00 ～ 2024-01-01 00:00:00
2025-12-19 11:13:57,161 - INFO - 履歴期間内のレビュアー数: 70
2025-12-19 11:13:57,210 - INFO - ================================================================================
2025-12-19 11:13:57,210 - INFO - 評価用軌跡抽出完了: 38サンプル
2025-12-19 11:13:57,210 - INFO -   スキップ（最小依頼数未満）: 0
2025-12-19 11:13:57,210 - INFO -   スキップ（訓練期間末尾まで依頼なし）: 32
2025-12-19 11:13:57,210 - INFO -   正例（この期間で承諾あり）: 29 (76.3%)
2025-12-19 11:13:57,210 - INFO -   負例（この期間で承諾なし）: 9 (23.7%)
2025-12-19 11:13:57,210 - INFO -     - 依頼あり→拒否（重み=1.0）: 9
2025-12-19 11:13:57,210 - INFO - ================================================================================
2025-12-19 11:13:57,211 - INFO - 予測を実行...
2025-12-19 11:13:57,230 - INFO - ================================================================================
2025-12-19 11:13:57,230 - INFO - 評価結果 (0-3m → 9-12m):
2025-12-19 11:13:57,230 - INFO -   AUC-ROC: 0.5747
2025-12-19 11:13:57,230 - INFO -   AUC-PR: 0.8193
2025-12-19 11:13:57,230 - INFO -   Precision: 0.7632
2025-12-19 11:13:57,230 - INFO -   Recall: 1.0000
2025-12-19 11:13:57,230 - INFO -   F1 Score: 0.8657
2025-12-19 11:13:57,230 - INFO - ================================================================================
2025-12-19 11:13:57,231 - INFO - 結果を保存: outputs/qt_50projects_irl/train_0-3m/eval_9-12m
2025-12-19 11:13:57,231 - INFO - 
【5/10】パターン実行中...
2025-12-19 11:13:57,231 - INFO - ================================================================================
2025-12-19 11:13:57,231 - INFO - パターン: 3-6m → 3-6m
2025-12-19 11:13:57,231 - INFO - 訓練期間: 2021-04-01 00:00:00 ～ 2021-07-01 00:00:00
2025-12-19 11:13:57,231 - INFO - 評価期間: 2023-04-01 00:00:00 ～ 2023-07-01 00:00:00
2025-12-19 11:13:57,231 - INFO - ================================================================================
2025-12-19 11:13:57,231 - INFO - レビュー依頼データを読み込み: data/qt_50proj_2021_2024_feat.csv
2025-12-19 11:13:57,245 - INFO - 総レビュー依頼数: 3121
2025-12-19 11:13:57,245 - INFO - 承諾数: 1366 (43.8%)
2025-12-19 11:13:57,245 - INFO - 拒否数: 1755 (56.2%)
2025-12-19 11:13:57,245 - INFO - 将来窓設定: 0～24ヶ月
2025-12-19 11:13:57,245 - INFO - 訓練用軌跡を抽出...
2025-12-19 11:13:57,245 - INFO - ================================================================================
2025-12-19 11:13:57,245 - INFO - レビュー承諾予測用軌跡抽出を開始（データリークなし版）
2025-12-19 11:13:57,245 - INFO - 訓練期間全体: 2021-04-01 00:00:00 ～ 2021-07-01 00:00:00
2025-12-19 11:13:57,245 - INFO - 将来窓: 0～24ヶ月
2025-12-19 11:13:57,245 - INFO - 拡張ラベル期間: 0～12ヶ月
2025-12-19 11:13:57,245 - INFO - プロジェクト: 全プロジェクト
2025-12-19 11:13:57,245 - INFO - ラベル定義: この期間で承諾=1、この期間で拒否=0、依頼なし→拡張期間チェック、訓練時は拡張期間にも依頼なしで除外
2025-12-19 11:13:57,245 - INFO - データリーク防止: 訓練期間内でラベル計算
2025-12-19 11:13:57,245 - INFO - ================================================================================
2025-12-19 11:13:57,245 - INFO - 特徴量計算期間（訓練全体）: 2021-04-01 00:00:00 ～ 2021-07-01 00:00:00
2025-12-19 11:13:57,245 - INFO - 全体ラベル期間（train_end時点から）: 2021-07-01 00:00:00 ～ 2023-07-01 00:00:00
2025-12-19 11:13:57,246 - INFO - 特徴量計算期間内のレビュアー数: 89
2025-12-19 11:13:57,428 - INFO - ================================================================================
2025-12-19 11:13:57,428 - INFO - 軌跡抽出完了: 80サンプル（レビュアー）
2025-12-19 11:13:57,428 - INFO -   スキップ（最小依頼数未満）: 0
2025-12-19 11:13:57,428 - INFO -   スキップ（訓練期間末尾まで依頼なし）: 9
2025-12-19 11:13:57,429 - INFO -   正例（この期間で承諾あり）: 71 (88.8%)
2025-12-19 11:13:57,429 - INFO -   負例（この期間で承諾なし）: 9 (11.2%)
2025-12-19 11:13:57,429 - INFO -     - 依頼あり→拒否（重み=1.0）: 9
2025-12-19 11:13:57,429 - INFO -   総ステップ数: 160
2025-12-19 11:13:57,429 - INFO -   継続ステップ率: 40.6% (65/160)
2025-12-19 11:13:57,429 - INFO - ================================================================================
/Users/kazuki-h/research/multiproject_research/.venv/lib/python3.13/site-packages/torch/nn/modules/rnn.py:123: UserWarning: dropout option adds dropout after all but last recurrent layer, so non-zero dropout expects num_layers greater than 1, but got dropout=0.2 and num_layers=1
  warnings.warn(
2025-12-19 11:13:57,430 - INFO - 継続予測IRLシステムを初期化しました
2025-12-19 11:13:57,430 - INFO - 訓練データ正例率: 88.8% (71/80)
2025-12-19 11:13:57,430 - INFO - Focal Loss パラメータ更新: alpha=0.400, gamma=1.000
2025-12-19 11:13:57,430 - INFO - 正例率 88.8% に基づき自動調整: バランス重視（正例率≥60%・軽い正例優先)
2025-12-19 11:13:57,430 - INFO - IRLモデルを訓練...
2025-12-19 11:13:57,430 - INFO - ============================================================
2025-12-19 11:13:57,430 - INFO - 時系列IRL訓練開始
2025-12-19 11:13:57,430 - INFO - 軌跡数: 80
2025-12-19 11:13:57,430 - INFO - エポック数: 20
2025-12-19 11:13:57,430 - INFO - ============================================================
2025-12-19 11:13:57,555 - INFO - エポック 0: 平均損失 = 1.1417
2025-12-19 11:13:58,819 - INFO - エポック 10: 平均損失 = 0.8802
2025-12-19 11:14:00,017 - INFO - 時系列IRL訓練完了
2025-12-19 11:14:00,017 - INFO - 訓練データ上で最適閾値を決定...
2025-12-19 11:14:00,054 - INFO - 最適閾値: 0.0109
2025-12-19 11:14:00,054 - INFO - 訓練データ性能: Precision=0.887, Recall=1.000, F1=0.940
2025-12-19 11:14:00,056 - INFO - モデルを保存: outputs/qt_50projects_irl/train_3-6m/irl_model.pt
2025-12-19 11:14:00,056 - INFO - 最適閾値を保存: outputs/qt_50projects_irl/train_3-6m/optimal_threshold.json
2025-12-19 11:14:00,056 - INFO - 評価用軌跡を抽出...
2025-12-19 11:14:00,056 - INFO - ================================================================================
2025-12-19 11:14:00,056 - INFO - 評価用軌跡抽出を開始（スナップショット特徴量用）
2025-12-19 11:14:00,056 - INFO - Cutoff日: 2021-07-01 00:00:00
2025-12-19 11:14:00,056 - INFO - 履歴ウィンドウ: 3ヶ月
2025-12-19 11:14:00,056 - INFO - 将来窓: 21～24ヶ月
2025-12-19 11:14:00,056 - INFO - 拡張ラベル期間: 21～12ヶ月
2025-12-19 11:14:00,056 - INFO - プロジェクト: 全プロジェクト
2025-12-19 11:14:00,056 - INFO - 継続判定: この期間で承諾=1、この期間で拒否=0、依頼なし→拡張期間チェック、評価時は拡張期間にも依頼なしで除外（予測の母集団に入れない）
2025-12-19 11:14:00,056 - INFO - ================================================================================
2025-12-19 11:14:00,056 - INFO - 履歴期間: 2021-04-01 00:00:00 ～ 2021-07-01 00:00:00
2025-12-19 11:14:00,056 - INFO - 評価期間: 2023-04-01 00:00:00 ～ 2023-07-01 00:00:00
2025-12-19 11:14:00,057 - INFO - 履歴期間内のレビュアー数: 89
2025-12-19 11:14:00,110 - INFO - ================================================================================
2025-12-19 11:14:00,110 - INFO - 評価用軌跡抽出完了: 38サンプル
2025-12-19 11:14:00,110 - INFO -   スキップ（最小依頼数未満）: 0
2025-12-19 11:14:00,110 - INFO -   スキップ（訓練期間末尾まで依頼なし）: 51
2025-12-19 11:14:00,110 - INFO -   正例（この期間で承諾あり）: 22 (57.9%)
2025-12-19 11:14:00,110 - INFO -   負例（この期間で承諾なし）: 16 (42.1%)
2025-12-19 11:14:00,110 - INFO -     - 依頼あり→拒否（重み=1.0）: 16
2025-12-19 11:14:00,110 - INFO - ================================================================================
2025-12-19 11:14:00,110 - INFO - 予測を実行...
2025-12-19 11:14:00,136 - INFO - ================================================================================
2025-12-19 11:14:00,136 - INFO - 評価結果 (3-6m → 3-6m):
2025-12-19 11:14:00,136 - INFO -   AUC-ROC: 0.3210
2025-12-19 11:14:00,136 - INFO -   AUC-PR: 0.4959
2025-12-19 11:14:00,136 - INFO -   Precision: 0.5789
2025-12-19 11:14:00,136 - INFO -   Recall: 1.0000
2025-12-19 11:14:00,136 - INFO -   F1 Score: 0.7333
2025-12-19 11:14:00,136 - INFO - ================================================================================
2025-12-19 11:14:00,137 - INFO - 結果を保存: outputs/qt_50projects_irl/train_3-6m/eval_3-6m
2025-12-19 11:14:00,137 - INFO - 
【6/10】パターン実行中...
2025-12-19 11:14:00,137 - INFO - ================================================================================
2025-12-19 11:14:00,137 - INFO - パターン: 3-6m → 6-9m
2025-12-19 11:14:00,137 - INFO - 訓練期間: 2021-04-01 00:00:00 ～ 2021-07-01 00:00:00
2025-12-19 11:14:00,137 - INFO - 評価期間: 2023-07-01 00:00:00 ～ 2023-10-01 00:00:00
2025-12-19 11:14:00,137 - INFO - ================================================================================
2025-12-19 11:14:00,138 - INFO - レビュー依頼データを読み込み: data/qt_50proj_2021_2024_feat.csv
2025-12-19 11:14:00,151 - INFO - 総レビュー依頼数: 3121
2025-12-19 11:14:00,151 - INFO - 承諾数: 1366 (43.8%)
2025-12-19 11:14:00,151 - INFO - 拒否数: 1755 (56.2%)
2025-12-19 11:14:00,151 - INFO - 将来窓設定: 0～27ヶ月
2025-12-19 11:14:00,151 - INFO - 訓練用軌跡を抽出...
2025-12-19 11:14:00,151 - INFO - ================================================================================
2025-12-19 11:14:00,151 - INFO - レビュー承諾予測用軌跡抽出を開始（データリークなし版）
2025-12-19 11:14:00,151 - INFO - 訓練期間全体: 2021-04-01 00:00:00 ～ 2021-07-01 00:00:00
2025-12-19 11:14:00,151 - INFO - 将来窓: 0～27ヶ月
2025-12-19 11:14:00,151 - INFO - 拡張ラベル期間: 0～12ヶ月
2025-12-19 11:14:00,151 - INFO - プロジェクト: 全プロジェクト
2025-12-19 11:14:00,151 - INFO - ラベル定義: この期間で承諾=1、この期間で拒否=0、依頼なし→拡張期間チェック、訓練時は拡張期間にも依頼なしで除外
2025-12-19 11:14:00,151 - INFO - データリーク防止: 訓練期間内でラベル計算
2025-12-19 11:14:00,151 - INFO - ================================================================================
2025-12-19 11:14:00,151 - INFO - 特徴量計算期間（訓練全体）: 2021-04-01 00:00:00 ～ 2021-07-01 00:00:00
2025-12-19 11:14:00,151 - INFO - 全体ラベル期間（train_end時点から）: 2021-07-01 00:00:00 ～ 2023-10-01 00:00:00
2025-12-19 11:14:00,152 - INFO - 特徴量計算期間内のレビュアー数: 89
2025-12-19 11:14:00,330 - INFO - ================================================================================
2025-12-19 11:14:00,330 - INFO - 軌跡抽出完了: 81サンプル（レビュアー）
2025-12-19 11:14:00,330 - INFO -   スキップ（最小依頼数未満）: 0
2025-12-19 11:14:00,330 - INFO -   スキップ（訓練期間末尾まで依頼なし）: 8
2025-12-19 11:14:00,330 - INFO -   正例（この期間で承諾あり）: 72 (88.9%)
2025-12-19 11:14:00,330 - INFO -   負例（この期間で承諾なし）: 9 (11.1%)
2025-12-19 11:14:00,330 - INFO -     - 依頼あり→拒否（重み=1.0）: 9
2025-12-19 11:14:00,330 - INFO -   総ステップ数: 162
2025-12-19 11:14:00,330 - INFO -   継続ステップ率: 41.4% (67/162)
2025-12-19 11:14:00,330 - INFO - ================================================================================
/Users/kazuki-h/research/multiproject_research/.venv/lib/python3.13/site-packages/torch/nn/modules/rnn.py:123: UserWarning: dropout option adds dropout after all but last recurrent layer, so non-zero dropout expects num_layers greater than 1, but got dropout=0.2 and num_layers=1
  warnings.warn(
2025-12-19 11:14:00,331 - INFO - 継続予測IRLシステムを初期化しました
2025-12-19 11:14:00,332 - INFO - 訓練データ正例率: 88.9% (72/81)
2025-12-19 11:14:00,332 - INFO - Focal Loss パラメータ更新: alpha=0.400, gamma=1.000
2025-12-19 11:14:00,332 - INFO - 正例率 88.9% に基づき自動調整: バランス重視（正例率≥60%・軽い正例優先)
2025-12-19 11:14:00,332 - INFO - IRLモデルを訓練...
2025-12-19 11:14:00,332 - INFO - ============================================================
2025-12-19 11:14:00,332 - INFO - 時系列IRL訓練開始
2025-12-19 11:14:00,332 - INFO - 軌跡数: 81
2025-12-19 11:14:00,332 - INFO - エポック数: 20
2025-12-19 11:14:00,332 - INFO - ============================================================
2025-12-19 11:14:00,464 - INFO - エポック 0: 平均損失 = 1.2194
2025-12-19 11:14:01,823 - INFO - エポック 10: 平均損失 = 0.9398
2025-12-19 11:14:03,003 - INFO - 時系列IRL訓練完了
2025-12-19 11:14:03,003 - INFO - 訓練データ上で最適閾値を決定...
2025-12-19 11:14:03,041 - INFO - 最適閾値: 0.0087
2025-12-19 11:14:03,041 - INFO - 訓練データ性能: Precision=0.889, Recall=1.000, F1=0.941
2025-12-19 11:14:03,042 - INFO - モデルを保存: outputs/qt_50projects_irl/train_3-6m/irl_model.pt
2025-12-19 11:14:03,042 - INFO - 最適閾値を保存: outputs/qt_50projects_irl/train_3-6m/optimal_threshold.json
2025-12-19 11:14:03,042 - INFO - 評価用軌跡を抽出...
2025-12-19 11:14:03,042 - INFO - ================================================================================
2025-12-19 11:14:03,042 - INFO - 評価用軌跡抽出を開始（スナップショット特徴量用）
2025-12-19 11:14:03,042 - INFO - Cutoff日: 2021-07-01 00:00:00
2025-12-19 11:14:03,042 - INFO - 履歴ウィンドウ: 3ヶ月
2025-12-19 11:14:03,042 - INFO - 将来窓: 24～27ヶ月
2025-12-19 11:14:03,042 - INFO - 拡張ラベル期間: 24～12ヶ月
2025-12-19 11:14:03,042 - INFO - プロジェクト: 全プロジェクト
2025-12-19 11:14:03,042 - INFO - 継続判定: この期間で承諾=1、この期間で拒否=0、依頼なし→拡張期間チェック、評価時は拡張期間にも依頼なしで除外（予測の母集団に入れない）
2025-12-19 11:14:03,042 - INFO - ================================================================================
2025-12-19 11:14:03,043 - INFO - 履歴期間: 2021-04-01 00:00:00 ～ 2021-07-01 00:00:00
2025-12-19 11:14:03,043 - INFO - 評価期間: 2023-07-01 00:00:00 ～ 2023-10-01 00:00:00
2025-12-19 11:14:03,043 - INFO - 履歴期間内のレビュアー数: 89
2025-12-19 11:14:03,104 - INFO - ================================================================================
2025-12-19 11:14:03,104 - INFO - 評価用軌跡抽出完了: 41サンプル
2025-12-19 11:14:03,104 - INFO -   スキップ（最小依頼数未満）: 0
2025-12-19 11:14:03,104 - INFO -   スキップ（訓練期間末尾まで依頼なし）: 48
2025-12-19 11:14:03,105 - INFO -   正例（この期間で承諾あり）: 30 (73.2%)
2025-12-19 11:14:03,105 - INFO -   負例（この期間で承諾なし）: 11 (26.8%)
2025-12-19 11:14:03,105 - INFO -     - 依頼あり→拒否（重み=1.0）: 11
2025-12-19 11:14:03,105 - INFO - ================================================================================
2025-12-19 11:14:03,105 - INFO - 予測を実行...
2025-12-19 11:14:03,131 - INFO - ================================================================================
2025-12-19 11:14:03,131 - INFO - 評価結果 (3-6m → 6-9m):
2025-12-19 11:14:03,131 - INFO -   AUC-ROC: 0.3727
2025-12-19 11:14:03,131 - INFO -   AUC-PR: 0.6697
2025-12-19 11:14:03,131 - INFO -   Precision: 0.7317
2025-12-19 11:14:03,131 - INFO -   Recall: 1.0000
2025-12-19 11:14:03,131 - INFO -   F1 Score: 0.8451
2025-12-19 11:14:03,131 - INFO - ================================================================================
2025-12-19 11:14:03,132 - INFO - 結果を保存: outputs/qt_50projects_irl/train_3-6m/eval_6-9m
2025-12-19 11:14:03,133 - INFO - 
【7/10】パターン実行中...
2025-12-19 11:14:03,133 - INFO - ================================================================================
2025-12-19 11:14:03,133 - INFO - パターン: 3-6m → 9-12m
2025-12-19 11:14:03,133 - INFO - 訓練期間: 2021-04-01 00:00:00 ～ 2021-07-01 00:00:00
2025-12-19 11:14:03,133 - INFO - 評価期間: 2023-10-01 00:00:00 ～ 2024-01-01 00:00:00
2025-12-19 11:14:03,133 - INFO - ================================================================================
2025-12-19 11:14:03,133 - INFO - レビュー依頼データを読み込み: data/qt_50proj_2021_2024_feat.csv
2025-12-19 11:14:03,148 - INFO - 総レビュー依頼数: 3121
2025-12-19 11:14:03,149 - INFO - 承諾数: 1366 (43.8%)
2025-12-19 11:14:03,149 - INFO - 拒否数: 1755 (56.2%)
2025-12-19 11:14:03,149 - INFO - 将来窓設定: 0～30ヶ月
2025-12-19 11:14:03,149 - INFO - 訓練用軌跡を抽出...
2025-12-19 11:14:03,149 - INFO - ================================================================================
2025-12-19 11:14:03,149 - INFO - レビュー承諾予測用軌跡抽出を開始（データリークなし版）
2025-12-19 11:14:03,149 - INFO - 訓練期間全体: 2021-04-01 00:00:00 ～ 2021-07-01 00:00:00
2025-12-19 11:14:03,149 - INFO - 将来窓: 0～30ヶ月
2025-12-19 11:14:03,149 - INFO - 拡張ラベル期間: 0～12ヶ月
2025-12-19 11:14:03,149 - INFO - プロジェクト: 全プロジェクト
2025-12-19 11:14:03,149 - INFO - ラベル定義: この期間で承諾=1、この期間で拒否=0、依頼なし→拡張期間チェック、訓練時は拡張期間にも依頼なしで除外
2025-12-19 11:14:03,149 - INFO - データリーク防止: 訓練期間内でラベル計算
2025-12-19 11:14:03,149 - INFO - ================================================================================
2025-12-19 11:14:03,149 - INFO - 特徴量計算期間（訓練全体）: 2021-04-01 00:00:00 ～ 2021-07-01 00:00:00
2025-12-19 11:14:03,149 - INFO - 全体ラベル期間（train_end時点から）: 2021-07-01 00:00:00 ～ 2024-01-01 00:00:00
2025-12-19 11:14:03,150 - INFO - 特徴量計算期間内のレビュアー数: 89
2025-12-19 11:14:03,343 - INFO - ================================================================================
2025-12-19 11:14:03,343 - INFO - 軌跡抽出完了: 81サンプル（レビュアー）
2025-12-19 11:14:03,344 - INFO -   スキップ（最小依頼数未満）: 0
2025-12-19 11:14:03,344 - INFO -   スキップ（訓練期間末尾まで依頼なし）: 8
2025-12-19 11:14:03,344 - INFO -   正例（この期間で承諾あり）: 72 (88.9%)
2025-12-19 11:14:03,344 - INFO -   負例（この期間で承諾なし）: 9 (11.1%)
2025-12-19 11:14:03,344 - INFO -     - 依頼あり→拒否（重み=1.0）: 9
2025-12-19 11:14:03,344 - INFO -   総ステップ数: 162
2025-12-19 11:14:03,344 - INFO -   継続ステップ率: 41.4% (67/162)
2025-12-19 11:14:03,344 - INFO - ================================================================================
/Users/kazuki-h/research/multiproject_research/.venv/lib/python3.13/site-packages/torch/nn/modules/rnn.py:123: UserWarning: dropout option adds dropout after all but last recurrent layer, so non-zero dropout expects num_layers greater than 1, but got dropout=0.2 and num_layers=1
  warnings.warn(
2025-12-19 11:14:03,345 - INFO - 継続予測IRLシステムを初期化しました
2025-12-19 11:14:03,345 - INFO - 訓練データ正例率: 88.9% (72/81)
2025-12-19 11:14:03,345 - INFO - Focal Loss パラメータ更新: alpha=0.400, gamma=1.000
2025-12-19 11:14:03,345 - INFO - 正例率 88.9% に基づき自動調整: バランス重視（正例率≥60%・軽い正例優先)
2025-12-19 11:14:03,345 - INFO - IRLモデルを訓練...
2025-12-19 11:14:03,345 - INFO - ============================================================
2025-12-19 11:14:03,345 - INFO - 時系列IRL訓練開始
2025-12-19 11:14:03,345 - INFO - 軌跡数: 81
2025-12-19 11:14:03,345 - INFO - エポック数: 20
2025-12-19 11:14:03,345 - INFO - ============================================================
2025-12-19 11:14:03,477 - INFO - エポック 0: 平均損失 = 1.2277
2025-12-19 11:14:04,784 - INFO - エポック 10: 平均損失 = 0.8946
2025-12-19 11:14:05,974 - INFO - 時系列IRL訓練完了
2025-12-19 11:14:05,974 - INFO - 訓練データ上で最適閾値を決定...
2025-12-19 11:14:06,012 - INFO - 最適閾値: 0.0221
2025-12-19 11:14:06,012 - INFO - 訓練データ性能: Precision=0.889, Recall=1.000, F1=0.941
2025-12-19 11:14:06,013 - INFO - モデルを保存: outputs/qt_50projects_irl/train_3-6m/irl_model.pt
2025-12-19 11:14:06,013 - INFO - 最適閾値を保存: outputs/qt_50projects_irl/train_3-6m/optimal_threshold.json
2025-12-19 11:14:06,013 - INFO - 評価用軌跡を抽出...
2025-12-19 11:14:06,013 - INFO - ================================================================================
2025-12-19 11:14:06,013 - INFO - 評価用軌跡抽出を開始（スナップショット特徴量用）
2025-12-19 11:14:06,013 - INFO - Cutoff日: 2021-07-01 00:00:00
2025-12-19 11:14:06,013 - INFO - 履歴ウィンドウ: 3ヶ月
2025-12-19 11:14:06,014 - INFO - 将来窓: 27～30ヶ月
2025-12-19 11:14:06,014 - INFO - 拡張ラベル期間: 27～12ヶ月
2025-12-19 11:14:06,014 - INFO - プロジェクト: 全プロジェクト
2025-12-19 11:14:06,014 - INFO - 継続判定: この期間で承諾=1、この期間で拒否=0、依頼なし→拡張期間チェック、評価時は拡張期間にも依頼なしで除外（予測の母集団に入れない）
2025-12-19 11:14:06,014 - INFO - ================================================================================
2025-12-19 11:14:06,014 - INFO - 履歴期間: 2021-04-01 00:00:00 ～ 2021-07-01 00:00:00
2025-12-19 11:14:06,014 - INFO - 評価期間: 2023-10-01 00:00:00 ～ 2024-01-01 00:00:00
2025-12-19 11:14:06,015 - INFO - 履歴期間内のレビュアー数: 89
2025-12-19 11:14:06,074 - INFO - ================================================================================
2025-12-19 11:14:06,074 - INFO - 評価用軌跡抽出完了: 43サンプル
2025-12-19 11:14:06,074 - INFO -   スキップ（最小依頼数未満）: 0
2025-12-19 11:14:06,074 - INFO -   スキップ（訓練期間末尾まで依頼なし）: 46
2025-12-19 11:14:06,074 - INFO -   正例（この期間で承諾あり）: 30 (69.8%)
2025-12-19 11:14:06,074 - INFO -   負例（この期間で承諾なし）: 13 (30.2%)
2025-12-19 11:14:06,074 - INFO -     - 依頼あり→拒否（重み=1.0）: 13
2025-12-19 11:14:06,074 - INFO - ================================================================================
2025-12-19 11:14:06,074 - INFO - 予測を実行...
2025-12-19 11:14:06,102 - INFO - ================================================================================
2025-12-19 11:14:06,102 - INFO - 評価結果 (3-6m → 9-12m):
2025-12-19 11:14:06,102 - INFO -   AUC-ROC: 0.4538
2025-12-19 11:14:06,102 - INFO -   AUC-PR: 0.7130
2025-12-19 11:14:06,102 - INFO -   Precision: 0.6977
2025-12-19 11:14:06,102 - INFO -   Recall: 1.0000
2025-12-19 11:14:06,102 - INFO -   F1 Score: 0.8219
2025-12-19 11:14:06,102 - INFO - ================================================================================
2025-12-19 11:14:06,103 - INFO - 結果を保存: outputs/qt_50projects_irl/train_3-6m/eval_9-12m
2025-12-19 11:14:06,104 - INFO - 
【8/10】パターン実行中...
2025-12-19 11:14:06,104 - INFO - ================================================================================
2025-12-19 11:14:06,104 - INFO - パターン: 6-9m → 6-9m
2025-12-19 11:14:06,104 - INFO - 訓練期間: 2021-07-01 00:00:00 ～ 2021-10-01 00:00:00
2025-12-19 11:14:06,104 - INFO - 評価期間: 2023-07-01 00:00:00 ～ 2023-10-01 00:00:00
2025-12-19 11:14:06,104 - INFO - ================================================================================
2025-12-19 11:14:06,104 - INFO - レビュー依頼データを読み込み: data/qt_50proj_2021_2024_feat.csv
2025-12-19 11:14:06,117 - INFO - 総レビュー依頼数: 3121
2025-12-19 11:14:06,117 - INFO - 承諾数: 1366 (43.8%)
2025-12-19 11:14:06,117 - INFO - 拒否数: 1755 (56.2%)
2025-12-19 11:14:06,117 - INFO - 将来窓設定: 0～24ヶ月
2025-12-19 11:14:06,117 - INFO - 訓練用軌跡を抽出...
2025-12-19 11:14:06,117 - INFO - ================================================================================
2025-12-19 11:14:06,117 - INFO - レビュー承諾予測用軌跡抽出を開始（データリークなし版）
2025-12-19 11:14:06,117 - INFO - 訓練期間全体: 2021-07-01 00:00:00 ～ 2021-10-01 00:00:00
2025-12-19 11:14:06,117 - INFO - 将来窓: 0～24ヶ月
2025-12-19 11:14:06,117 - INFO - 拡張ラベル期間: 0～12ヶ月
2025-12-19 11:14:06,117 - INFO - プロジェクト: 全プロジェクト
2025-12-19 11:14:06,117 - INFO - ラベル定義: この期間で承諾=1、この期間で拒否=0、依頼なし→拡張期間チェック、訓練時は拡張期間にも依頼なしで除外
2025-12-19 11:14:06,117 - INFO - データリーク防止: 訓練期間内でラベル計算
2025-12-19 11:14:06,117 - INFO - ================================================================================
2025-12-19 11:14:06,117 - INFO - 特徴量計算期間（訓練全体）: 2021-07-01 00:00:00 ～ 2021-10-01 00:00:00
2025-12-19 11:14:06,117 - INFO - 全体ラベル期間（train_end時点から）: 2021-10-01 00:00:00 ～ 2023-10-01 00:00:00
2025-12-19 11:14:06,118 - INFO - 特徴量計算期間内のレビュアー数: 73
2025-12-19 11:14:06,269 - INFO - ================================================================================
2025-12-19 11:14:06,269 - INFO - 軌跡抽出完了: 67サンプル（レビュアー）
2025-12-19 11:14:06,270 - INFO -   スキップ（最小依頼数未満）: 0
2025-12-19 11:14:06,270 - INFO -   スキップ（訓練期間末尾まで依頼なし）: 6
2025-12-19 11:14:06,270 - INFO -   正例（この期間で承諾あり）: 57 (85.1%)
2025-12-19 11:14:06,270 - INFO -   負例（この期間で承諾なし）: 10 (14.9%)
2025-12-19 11:14:06,270 - INFO -     - 依頼あり→拒否（重み=1.0）: 10
2025-12-19 11:14:06,270 - INFO -   総ステップ数: 134
2025-12-19 11:14:06,270 - INFO -   継続ステップ率: 44.8% (60/134)
2025-12-19 11:14:06,270 - INFO - ================================================================================
/Users/kazuki-h/research/multiproject_research/.venv/lib/python3.13/site-packages/torch/nn/modules/rnn.py:123: UserWarning: dropout option adds dropout after all but last recurrent layer, so non-zero dropout expects num_layers greater than 1, but got dropout=0.2 and num_layers=1
  warnings.warn(
2025-12-19 11:14:06,271 - INFO - 継続予測IRLシステムを初期化しました
2025-12-19 11:14:06,271 - INFO - 訓練データ正例率: 85.1% (57/67)
2025-12-19 11:14:06,271 - INFO - Focal Loss パラメータ更新: alpha=0.400, gamma=1.000
2025-12-19 11:14:06,271 - INFO - 正例率 85.1% に基づき自動調整: バランス重視（正例率≥60%・軽い正例優先)
2025-12-19 11:14:06,271 - INFO - IRLモデルを訓練...
2025-12-19 11:14:06,271 - INFO - ============================================================
2025-12-19 11:14:06,271 - INFO - 時系列IRL訓練開始
2025-12-19 11:14:06,271 - INFO - 軌跡数: 67
2025-12-19 11:14:06,271 - INFO - エポック数: 20
2025-12-19 11:14:06,271 - INFO - ============================================================
2025-12-19 11:14:06,378 - INFO - エポック 0: 平均損失 = 1.2166
2025-12-19 11:14:07,471 - INFO - エポック 10: 平均損失 = 1.1389
2025-12-19 11:14:08,423 - INFO - 時系列IRL訓練完了
2025-12-19 11:14:08,423 - INFO - 訓練データ上で最適閾値を決定...
2025-12-19 11:14:08,451 - INFO - 最適閾値: 0.1072
2025-12-19 11:14:08,451 - INFO - 訓練データ性能: Precision=0.851, Recall=1.000, F1=0.919
2025-12-19 11:14:08,453 - INFO - モデルを保存: outputs/qt_50projects_irl/train_6-9m/irl_model.pt
2025-12-19 11:14:08,453 - INFO - 最適閾値を保存: outputs/qt_50projects_irl/train_6-9m/optimal_threshold.json
2025-12-19 11:14:08,453 - INFO - 評価用軌跡を抽出...
2025-12-19 11:14:08,453 - INFO - ================================================================================
2025-12-19 11:14:08,453 - INFO - 評価用軌跡抽出を開始（スナップショット特徴量用）
2025-12-19 11:14:08,453 - INFO - Cutoff日: 2021-10-01 00:00:00
2025-12-19 11:14:08,453 - INFO - 履歴ウィンドウ: 3ヶ月
2025-12-19 11:14:08,453 - INFO - 将来窓: 21～24ヶ月
2025-12-19 11:14:08,453 - INFO - 拡張ラベル期間: 21～12ヶ月
2025-12-19 11:14:08,453 - INFO - プロジェクト: 全プロジェクト
2025-12-19 11:14:08,453 - INFO - 継続判定: この期間で承諾=1、この期間で拒否=0、依頼なし→拡張期間チェック、評価時は拡張期間にも依頼なしで除外（予測の母集団に入れない）
2025-12-19 11:14:08,453 - INFO - ================================================================================
2025-12-19 11:14:08,453 - INFO - 履歴期間: 2021-07-01 00:00:00 ～ 2021-10-01 00:00:00
2025-12-19 11:14:08,453 - INFO - 評価期間: 2023-07-01 00:00:00 ～ 2023-10-01 00:00:00
2025-12-19 11:14:08,454 - INFO - 履歴期間内のレビュアー数: 73
2025-12-19 11:14:08,504 - INFO - ================================================================================
2025-12-19 11:14:08,504 - INFO - 評価用軌跡抽出完了: 38サンプル
2025-12-19 11:14:08,504 - INFO -   スキップ（最小依頼数未満）: 0
2025-12-19 11:14:08,504 - INFO -   スキップ（訓練期間末尾まで依頼なし）: 35
2025-12-19 11:14:08,504 - INFO -   正例（この期間で承諾あり）: 29 (76.3%)
2025-12-19 11:14:08,504 - INFO -   負例（この期間で承諾なし）: 9 (23.7%)
2025-12-19 11:14:08,504 - INFO -     - 依頼あり→拒否（重み=1.0）: 9
2025-12-19 11:14:08,504 - INFO - ================================================================================
2025-12-19 11:14:08,504 - INFO - 予測を実行...
2025-12-19 11:14:08,525 - INFO - ================================================================================
2025-12-19 11:14:08,525 - INFO - 評価結果 (6-9m → 6-9m):
2025-12-19 11:14:08,526 - INFO -   AUC-ROC: 0.5709
2025-12-19 11:14:08,526 - INFO -   AUC-PR: 0.8550
2025-12-19 11:14:08,526 - INFO -   Precision: 0.7632
2025-12-19 11:14:08,526 - INFO -   Recall: 1.0000
2025-12-19 11:14:08,526 - INFO -   F1 Score: 0.8657
2025-12-19 11:14:08,526 - INFO - ================================================================================
2025-12-19 11:14:08,527 - INFO - 結果を保存: outputs/qt_50projects_irl/train_6-9m/eval_6-9m
2025-12-19 11:14:08,527 - INFO - 
【9/10】パターン実行中...
2025-12-19 11:14:08,527 - INFO - ================================================================================
2025-12-19 11:14:08,527 - INFO - パターン: 6-9m → 9-12m
2025-12-19 11:14:08,527 - INFO - 訓練期間: 2021-07-01 00:00:00 ～ 2021-10-01 00:00:00
2025-12-19 11:14:08,527 - INFO - 評価期間: 2023-10-01 00:00:00 ～ 2024-01-01 00:00:00
2025-12-19 11:14:08,527 - INFO - ================================================================================
2025-12-19 11:14:08,527 - INFO - レビュー依頼データを読み込み: data/qt_50proj_2021_2024_feat.csv
2025-12-19 11:14:08,541 - INFO - 総レビュー依頼数: 3121
2025-12-19 11:14:08,541 - INFO - 承諾数: 1366 (43.8%)
2025-12-19 11:14:08,542 - INFO - 拒否数: 1755 (56.2%)
2025-12-19 11:14:08,542 - INFO - 将来窓設定: 0～27ヶ月
2025-12-19 11:14:08,542 - INFO - 訓練用軌跡を抽出...
2025-12-19 11:14:08,542 - INFO - ================================================================================
2025-12-19 11:14:08,542 - INFO - レビュー承諾予測用軌跡抽出を開始（データリークなし版）
2025-12-19 11:14:08,542 - INFO - 訓練期間全体: 2021-07-01 00:00:00 ～ 2021-10-01 00:00:00
2025-12-19 11:14:08,542 - INFO - 将来窓: 0～27ヶ月
2025-12-19 11:14:08,542 - INFO - 拡張ラベル期間: 0～12ヶ月
2025-12-19 11:14:08,542 - INFO - プロジェクト: 全プロジェクト
2025-12-19 11:14:08,542 - INFO - ラベル定義: この期間で承諾=1、この期間で拒否=0、依頼なし→拡張期間チェック、訓練時は拡張期間にも依頼なしで除外
2025-12-19 11:14:08,542 - INFO - データリーク防止: 訓練期間内でラベル計算
2025-12-19 11:14:08,542 - INFO - ================================================================================
2025-12-19 11:14:08,542 - INFO - 特徴量計算期間（訓練全体）: 2021-07-01 00:00:00 ～ 2021-10-01 00:00:00
2025-12-19 11:14:08,542 - INFO - 全体ラベル期間（train_end時点から）: 2021-10-01 00:00:00 ～ 2024-01-01 00:00:00
2025-12-19 11:14:08,543 - INFO - 特徴量計算期間内のレビュアー数: 73
2025-12-19 11:14:08,695 - INFO - ================================================================================
2025-12-19 11:14:08,695 - INFO - 軌跡抽出完了: 68サンプル（レビュアー）
2025-12-19 11:14:08,695 - INFO -   スキップ（最小依頼数未満）: 0
2025-12-19 11:14:08,695 - INFO -   スキップ（訓練期間末尾まで依頼なし）: 5
2025-12-19 11:14:08,695 - INFO -   正例（この期間で承諾あり）: 58 (85.3%)
2025-12-19 11:14:08,695 - INFO -   負例（この期間で承諾なし）: 10 (14.7%)
2025-12-19 11:14:08,695 - INFO -     - 依頼あり→拒否（重み=1.0）: 10
2025-12-19 11:14:08,695 - INFO -   総ステップ数: 136
2025-12-19 11:14:08,695 - INFO -   継続ステップ率: 44.1% (60/136)
2025-12-19 11:14:08,695 - INFO - ================================================================================
/Users/kazuki-h/research/multiproject_research/.venv/lib/python3.13/site-packages/torch/nn/modules/rnn.py:123: UserWarning: dropout option adds dropout after all but last recurrent layer, so non-zero dropout expects num_layers greater than 1, but got dropout=0.2 and num_layers=1
  warnings.warn(
2025-12-19 11:14:08,696 - INFO - 継続予測IRLシステムを初期化しました
2025-12-19 11:14:08,696 - INFO - 訓練データ正例率: 85.3% (58/68)
2025-12-19 11:14:08,696 - INFO - Focal Loss パラメータ更新: alpha=0.400, gamma=1.000
2025-12-19 11:14:08,696 - INFO - 正例率 85.3% に基づき自動調整: バランス重視（正例率≥60%・軽い正例優先)
2025-12-19 11:14:08,696 - INFO - IRLモデルを訓練...
2025-12-19 11:14:08,696 - INFO - ============================================================
2025-12-19 11:14:08,696 - INFO - 時系列IRL訓練開始
2025-12-19 11:14:08,696 - INFO - 軌跡数: 68
2025-12-19 11:14:08,696 - INFO - エポック数: 20
2025-12-19 11:14:08,696 - INFO - ============================================================
2025-12-19 11:14:08,803 - INFO - エポック 0: 平均損失 = 1.1626
2025-12-19 11:14:09,872 - INFO - エポック 10: 平均損失 = 1.1320
2025-12-19 11:14:10,820 - INFO - 時系列IRL訓練完了
2025-12-19 11:14:10,820 - INFO - 訓練データ上で最適閾値を決定...
2025-12-19 11:14:10,850 - INFO - 最適閾値: 0.1348
2025-12-19 11:14:10,850 - INFO - 訓練データ性能: Precision=0.853, Recall=1.000, F1=0.921
2025-12-19 11:14:10,852 - INFO - モデルを保存: outputs/qt_50projects_irl/train_6-9m/irl_model.pt
2025-12-19 11:14:10,852 - INFO - 最適閾値を保存: outputs/qt_50projects_irl/train_6-9m/optimal_threshold.json
2025-12-19 11:14:10,852 - INFO - 評価用軌跡を抽出...
2025-12-19 11:14:10,852 - INFO - ================================================================================
2025-12-19 11:14:10,852 - INFO - 評価用軌跡抽出を開始（スナップショット特徴量用）
2025-12-19 11:14:10,852 - INFO - Cutoff日: 2021-10-01 00:00:00
2025-12-19 11:14:10,852 - INFO - 履歴ウィンドウ: 3ヶ月
2025-12-19 11:14:10,852 - INFO - 将来窓: 24～27ヶ月
2025-12-19 11:14:10,852 - INFO - 拡張ラベル期間: 24～12ヶ月
2025-12-19 11:14:10,852 - INFO - プロジェクト: 全プロジェクト
2025-12-19 11:14:10,852 - INFO - 継続判定: この期間で承諾=1、この期間で拒否=0、依頼なし→拡張期間チェック、評価時は拡張期間にも依頼なしで除外（予測の母集団に入れない）
2025-12-19 11:14:10,852 - INFO - ================================================================================
2025-12-19 11:14:10,852 - INFO - 履歴期間: 2021-07-01 00:00:00 ～ 2021-10-01 00:00:00
2025-12-19 11:14:10,852 - INFO - 評価期間: 2023-10-01 00:00:00 ～ 2024-01-01 00:00:00
2025-12-19 11:14:10,853 - INFO - 履歴期間内のレビュアー数: 73
2025-12-19 11:14:10,905 - INFO - ================================================================================
2025-12-19 11:14:10,905 - INFO - 評価用軌跡抽出完了: 39サンプル
2025-12-19 11:14:10,905 - INFO -   スキップ（最小依頼数未満）: 0
2025-12-19 11:14:10,905 - INFO -   スキップ（訓練期間末尾まで依頼なし）: 34
2025-12-19 11:14:10,905 - INFO -   正例（この期間で承諾あり）: 31 (79.5%)
2025-12-19 11:14:10,905 - INFO -   負例（この期間で承諾なし）: 8 (20.5%)
2025-12-19 11:14:10,905 - INFO -     - 依頼あり→拒否（重み=1.0）: 8
2025-12-19 11:14:10,905 - INFO - ================================================================================
2025-12-19 11:14:10,905 - INFO - 予測を実行...
2025-12-19 11:14:10,927 - INFO - ================================================================================
2025-12-19 11:14:10,927 - INFO - 評価結果 (6-9m → 9-12m):
2025-12-19 11:14:10,927 - INFO -   AUC-ROC: 0.6210
2025-12-19 11:14:10,927 - INFO -   AUC-PR: 0.8786
2025-12-19 11:14:10,927 - INFO -   Precision: 0.7949
2025-12-19 11:14:10,927 - INFO -   Recall: 1.0000
2025-12-19 11:14:10,927 - INFO -   F1 Score: 0.8857
2025-12-19 11:14:10,927 - INFO - ================================================================================
2025-12-19 11:14:10,928 - INFO - 結果を保存: outputs/qt_50projects_irl/train_6-9m/eval_9-12m
2025-12-19 11:14:10,929 - INFO - 
【10/10】パターン実行中...
2025-12-19 11:14:10,930 - INFO - ================================================================================
2025-12-19 11:14:10,930 - INFO - パターン: 9-12m → 9-12m
2025-12-19 11:14:10,930 - INFO - 訓練期間: 2021-10-01 00:00:00 ～ 2022-01-01 00:00:00
2025-12-19 11:14:10,930 - INFO - 評価期間: 2023-10-01 00:00:00 ～ 2024-01-01 00:00:00
2025-12-19 11:14:10,930 - INFO - ================================================================================
2025-12-19 11:14:10,930 - INFO - レビュー依頼データを読み込み: data/qt_50proj_2021_2024_feat.csv
2025-12-19 11:14:10,944 - INFO - 総レビュー依頼数: 3121
2025-12-19 11:14:10,944 - INFO - 承諾数: 1366 (43.8%)
2025-12-19 11:14:10,944 - INFO - 拒否数: 1755 (56.2%)
2025-12-19 11:14:10,944 - INFO - 将来窓設定: 0～24ヶ月
2025-12-19 11:14:10,944 - INFO - 訓練用軌跡を抽出...
2025-12-19 11:14:10,944 - INFO - ================================================================================
2025-12-19 11:14:10,944 - INFO - レビュー承諾予測用軌跡抽出を開始（データリークなし版）
2025-12-19 11:14:10,944 - INFO - 訓練期間全体: 2021-10-01 00:00:00 ～ 2022-01-01 00:00:00
2025-12-19 11:14:10,944 - INFO - 将来窓: 0～24ヶ月
2025-12-19 11:14:10,944 - INFO - 拡張ラベル期間: 0～12ヶ月
2025-12-19 11:14:10,944 - INFO - プロジェクト: 全プロジェクト
2025-12-19 11:14:10,944 - INFO - ラベル定義: この期間で承諾=1、この期間で拒否=0、依頼なし→拡張期間チェック、訓練時は拡張期間にも依頼なしで除外
2025-12-19 11:14:10,944 - INFO - データリーク防止: 訓練期間内でラベル計算
2025-12-19 11:14:10,944 - INFO - ================================================================================
2025-12-19 11:14:10,944 - INFO - 特徴量計算期間（訓練全体）: 2021-10-01 00:00:00 ～ 2022-01-01 00:00:00
2025-12-19 11:14:10,944 - INFO - 全体ラベル期間（train_end時点から）: 2022-01-01 00:00:00 ～ 2024-01-01 00:00:00
2025-12-19 11:14:10,945 - INFO - 特徴量計算期間内のレビュアー数: 84
2025-12-19 11:14:11,108 - INFO - ================================================================================
2025-12-19 11:14:11,108 - INFO - 軌跡抽出完了: 71サンプル（レビュアー）
2025-12-19 11:14:11,108 - INFO -   スキップ（最小依頼数未満）: 0
2025-12-19 11:14:11,108 - INFO -   スキップ（訓練期間末尾まで依頼なし）: 13
2025-12-19 11:14:11,108 - INFO -   正例（この期間で承諾あり）: 62 (87.3%)
2025-12-19 11:14:11,108 - INFO -   負例（この期間で承諾なし）: 9 (12.7%)
2025-12-19 11:14:11,108 - INFO -     - 依頼あり→拒否（重み=1.0）: 9
2025-12-19 11:14:11,108 - INFO -   総ステップ数: 142
2025-12-19 11:14:11,108 - INFO -   継続ステップ率: 41.5% (59/142)
2025-12-19 11:14:11,108 - INFO - ================================================================================
/Users/kazuki-h/research/multiproject_research/.venv/lib/python3.13/site-packages/torch/nn/modules/rnn.py:123: UserWarning: dropout option adds dropout after all but last recurrent layer, so non-zero dropout expects num_layers greater than 1, but got dropout=0.2 and num_layers=1
  warnings.warn(
2025-12-19 11:14:11,109 - INFO - 継続予測IRLシステムを初期化しました
2025-12-19 11:14:11,109 - INFO - 訓練データ正例率: 87.3% (62/71)
2025-12-19 11:14:11,109 - INFO - Focal Loss パラメータ更新: alpha=0.400, gamma=1.000
2025-12-19 11:14:11,109 - INFO - 正例率 87.3% に基づき自動調整: バランス重視（正例率≥60%・軽い正例優先)
2025-12-19 11:14:11,109 - INFO - IRLモデルを訓練...
2025-12-19 11:14:11,109 - INFO - ============================================================
2025-12-19 11:14:11,109 - INFO - 時系列IRL訓練開始
2025-12-19 11:14:11,109 - INFO - 軌跡数: 71
2025-12-19 11:14:11,109 - INFO - エポック数: 20
2025-12-19 11:14:11,109 - INFO - ============================================================
2025-12-19 11:14:11,225 - INFO - エポック 0: 平均損失 = 1.2031
2025-12-19 11:14:12,410 - INFO - エポック 10: 平均損失 = 1.0841
2025-12-19 11:14:13,451 - INFO - 時系列IRL訓練完了
2025-12-19 11:14:13,451 - INFO - 訓練データ上で最適閾値を決定...
2025-12-19 11:14:13,482 - INFO - 最適閾値: 0.0653
2025-12-19 11:14:13,482 - INFO - 訓練データ性能: Precision=0.873, Recall=1.000, F1=0.932
2025-12-19 11:14:13,483 - INFO - モデルを保存: outputs/qt_50projects_irl/train_9-12m/irl_model.pt
2025-12-19 11:14:13,483 - INFO - 最適閾値を保存: outputs/qt_50projects_irl/train_9-12m/optimal_threshold.json
2025-12-19 11:14:13,483 - INFO - 評価用軌跡を抽出...
2025-12-19 11:14:13,483 - INFO - ================================================================================
2025-12-19 11:14:13,483 - INFO - 評価用軌跡抽出を開始（スナップショット特徴量用）
2025-12-19 11:14:13,483 - INFO - Cutoff日: 2022-01-01 00:00:00
2025-12-19 11:14:13,483 - INFO - 履歴ウィンドウ: 3ヶ月
2025-12-19 11:14:13,483 - INFO - 将来窓: 21～24ヶ月
2025-12-19 11:14:13,483 - INFO - 拡張ラベル期間: 21～12ヶ月
2025-12-19 11:14:13,483 - INFO - プロジェクト: 全プロジェクト
2025-12-19 11:14:13,483 - INFO - 継続判定: この期間で承諾=1、この期間で拒否=0、依頼なし→拡張期間チェック、評価時は拡張期間にも依頼なしで除外（予測の母集団に入れない）
2025-12-19 11:14:13,483 - INFO - ================================================================================
2025-12-19 11:14:13,483 - INFO - 履歴期間: 2021-10-01 00:00:00 ～ 2022-01-01 00:00:00
2025-12-19 11:14:13,483 - INFO - 評価期間: 2023-10-01 00:00:00 ～ 2024-01-01 00:00:00
2025-12-19 11:14:13,484 - INFO - 履歴期間内のレビュアー数: 84
2025-12-19 11:14:13,542 - INFO - ================================================================================
2025-12-19 11:14:13,542 - INFO - 評価用軌跡抽出完了: 42サンプル
2025-12-19 11:14:13,542 - INFO -   スキップ（最小依頼数未満）: 0
2025-12-19 11:14:13,542 - INFO -   スキップ（訓練期間末尾まで依頼なし）: 42
2025-12-19 11:14:13,542 - INFO -   正例（この期間で承諾あり）: 29 (69.0%)
2025-12-19 11:14:13,542 - INFO -   負例（この期間で承諾なし）: 13 (31.0%)
2025-12-19 11:14:13,542 - INFO -     - 依頼あり→拒否（重み=1.0）: 13
2025-12-19 11:14:13,542 - INFO - ================================================================================
2025-12-19 11:14:13,542 - INFO - 予測を実行...
2025-12-19 11:14:13,566 - INFO - ================================================================================
2025-12-19 11:14:13,566 - INFO - 評価結果 (9-12m → 9-12m):
2025-12-19 11:14:13,566 - INFO -   AUC-ROC: 0.2772
2025-12-19 11:14:13,567 - INFO -   AUC-PR: 0.5581
2025-12-19 11:14:13,567 - INFO -   Precision: 0.6905
2025-12-19 11:14:13,567 - INFO -   Recall: 1.0000
2025-12-19 11:14:13,567 - INFO -   F1 Score: 0.8169
2025-12-19 11:14:13,567 - INFO - ================================================================================
2025-12-19 11:14:13,568 - INFO - 結果を保存: outputs/qt_50projects_irl/train_9-12m/eval_9-12m
2025-12-19 11:14:13,568 - INFO - ================================================================================
2025-12-19 11:14:13,568 - INFO - メトリクスマトリクスを作成中...
2025-12-19 11:14:13,568 - INFO - ================================================================================
2025-12-19 11:14:13,573 - INFO - 保存: outputs/qt_50projects_irl/matrix_AUC_ROC.csv
2025-12-19 11:14:13,575 - INFO - 
           0-3m      3-6m      6-9m     9-12m
0-3m   0.553419  0.622222  0.453333  0.574713
3-6m        NaN  0.321023  0.372727  0.453846
6-9m        NaN       NaN  0.570881  0.620968
9-12m       NaN       NaN       NaN  0.277188
2025-12-19 11:14:13,576 - INFO - 保存: outputs/qt_50projects_irl/matrix_AUC_PR.csv
2025-12-19 11:14:13,577 - INFO - 
           0-3m      3-6m      6-9m     9-12m
0-3m   0.667697  0.654476  0.710064  0.819276
3-6m        NaN  0.495922  0.669717  0.712950
6-9m        NaN       NaN  0.855047  0.878626
9-12m       NaN       NaN       NaN  0.558060
2025-12-19 11:14:13,577 - INFO - 保存: outputs/qt_50projects_irl/matrix_PRECISION.csv
2025-12-19 11:14:13,579 - INFO - 
           0-3m      3-6m      6-9m     9-12m
0-3m   0.590909  0.583333  0.735294  0.763158
3-6m        NaN  0.578947  0.731707  0.697674
6-9m        NaN       NaN  0.763158  0.794872
9-12m       NaN       NaN       NaN  0.690476
2025-12-19 11:14:13,579 - INFO - 保存: outputs/qt_50projects_irl/matrix_RECALL.csv
2025-12-19 11:14:13,580 - INFO - 
       0-3m  3-6m  6-9m  9-12m
0-3m    1.0   1.0   1.0    1.0
3-6m    NaN   1.0   1.0    1.0
6-9m    NaN   NaN   1.0    1.0
9-12m   NaN   NaN   NaN    1.0
2025-12-19 11:14:13,580 - INFO - 保存: outputs/qt_50projects_irl/matrix_f1_score.csv
2025-12-19 11:14:13,581 - INFO - 
           0-3m      3-6m      6-9m     9-12m
0-3m   0.742857  0.736842  0.847458  0.865672
3-6m        NaN  0.733333  0.845070  0.821918
6-9m        NaN       NaN  0.865672  0.885714
9-12m       NaN       NaN       NaN  0.816901
2025-12-19 11:14:13,582 - INFO - ================================================================================
2025-12-19 11:14:13,582 - INFO - マトリクス作成完了
2025-12-19 11:14:13,582 - INFO - ================================================================================
2025-12-19 11:14:13,582 - INFO - ================================================================================
2025-12-19 11:14:13,582 - INFO - 全パターンの訓練・評価が完了しました
2025-12-19 11:14:13,582 - INFO - 結果: outputs/qt_50projects_irl
2025-12-19 11:14:13,582 - INFO - ================================================================================
