2025-12-18 15:56:34,552 - INFO - 訓練期間ベース: 2021-01-01 00:00:00
2025-12-18 15:56:34,553 - INFO - 評価期間ベース: 2023-01-01 00:00:00
2025-12-18 15:56:34,553 - INFO - 生成されたパターン数: 10
2025-12-18 15:56:34,553 - INFO -   0-3m → 0-3m
2025-12-18 15:56:34,553 - INFO -   0-3m → 3-6m
2025-12-18 15:56:34,553 - INFO -   0-3m → 6-9m
2025-12-18 15:56:34,553 - INFO -   0-3m → 9-12m
2025-12-18 15:56:34,553 - INFO -   3-6m → 3-6m
2025-12-18 15:56:34,554 - INFO -   3-6m → 6-9m
2025-12-18 15:56:34,554 - INFO -   3-6m → 9-12m
2025-12-18 15:56:34,554 - INFO -   6-9m → 6-9m
2025-12-18 15:56:34,554 - INFO -   6-9m → 9-12m
2025-12-18 15:56:34,554 - INFO -   9-12m → 9-12m
2025-12-18 15:56:34,554 - INFO - ================================================================================
2025-12-18 15:56:34,554 - INFO - 全10パターンの訓練・評価を開始
2025-12-18 15:56:34,554 - INFO - ================================================================================
2025-12-18 15:56:34,554 - INFO - 
【1/10】パターン実行中...
2025-12-18 15:56:34,554 - INFO - ================================================================================
2025-12-18 15:56:34,554 - INFO - パターン: 0-3m → 0-3m
2025-12-18 15:56:34,554 - INFO - 訓練期間: 2021-01-01 00:00:00 ～ 2021-04-01 00:00:00
2025-12-18 15:56:34,554 - INFO - 評価期間: 2023-01-01 00:00:00 ～ 2023-04-01 00:00:00
2025-12-18 15:56:34,554 - INFO - ================================================================================
2025-12-18 15:56:38,467 - INFO - レビュー依頼データを読み込み: data/qt_50proj_2021_2024_feat.csv
2025-12-18 15:56:38,485 - INFO - 総レビュー依頼数: 3121
2025-12-18 15:56:38,485 - INFO - 承諾数: 1366 (43.8%)
2025-12-18 15:56:38,485 - INFO - 拒否数: 1755 (56.2%)
2025-12-18 15:56:38,486 - INFO - 将来窓設定: 0～24ヶ月
2025-12-18 15:56:38,486 - INFO - 訓練用軌跡を抽出...
2025-12-18 15:56:38,486 - INFO - ================================================================================
2025-12-18 15:56:38,486 - INFO - レビュー承諾予測用軌跡抽出を開始（データリークなし版）
2025-12-18 15:56:38,486 - INFO - 訓練期間全体: 2021-01-01 00:00:00 ～ 2021-04-01 00:00:00
2025-12-18 15:56:38,486 - INFO - 将来窓: 0～24ヶ月
2025-12-18 15:56:38,486 - INFO - 拡張ラベル期間: 0～12ヶ月
2025-12-18 15:56:38,486 - INFO - プロジェクト: 全プロジェクト
2025-12-18 15:56:38,486 - INFO - ラベル定義: この期間で承諾=1、この期間で拒否=0、依頼なし→拡張期間チェック、訓練時は拡張期間にも依頼なしで除外
2025-12-18 15:56:38,486 - INFO - データリーク防止: 訓練期間内でラベル計算
2025-12-18 15:56:38,486 - INFO - ================================================================================
2025-12-18 15:56:38,486 - INFO - 特徴量計算期間（訓練全体）: 2021-01-01 00:00:00 ～ 2021-04-01 00:00:00
2025-12-18 15:56:38,486 - INFO - 全体ラベル期間（train_end時点から）: 2021-04-01 00:00:00 ～ 2023-04-01 00:00:00
2025-12-18 15:56:38,487 - INFO - 特徴量計算期間内のレビュアー数: 70
2025-12-18 15:56:38,623 - INFO - ================================================================================
2025-12-18 15:56:38,623 - INFO - 軌跡抽出完了: 61サンプル（レビュアー）
2025-12-18 15:56:38,623 - INFO -   スキップ（最小依頼数未満）: 0
2025-12-18 15:56:38,623 - INFO -   スキップ（訓練期間末尾まで依頼なし）: 9
2025-12-18 15:56:38,623 - INFO -   正例（この期間で承諾あり）: 54 (88.5%)
2025-12-18 15:56:38,623 - INFO -   負例（この期間で承諾なし）: 7 (11.5%)
2025-12-18 15:56:38,623 - INFO -     - 依頼あり→拒否（重み=1.0）: 7
2025-12-18 15:56:38,623 - INFO -   総ステップ数: 122
2025-12-18 15:56:38,623 - INFO -   継続ステップ率: 32.8% (40/122)
2025-12-18 15:56:38,623 - INFO - ================================================================================
/Users/kazuki-h/research/multiproject_research/.venv/lib/python3.13/site-packages/torch/nn/modules/rnn.py:123: UserWarning: dropout option adds dropout after all but last recurrent layer, so non-zero dropout expects num_layers greater than 1, but got dropout=0.2 and num_layers=1
  warnings.warn(
2025-12-18 15:56:39,078 - INFO - 継続予測IRLシステムを初期化しました
2025-12-18 15:56:39,078 - INFO - 訓練データ正例率: 88.5% (54/61)
2025-12-18 15:56:39,078 - INFO - Focal Loss パラメータ更新: alpha=0.400, gamma=1.000
2025-12-18 15:56:39,078 - INFO - 正例率 88.5% に基づき自動調整: バランス重視（正例率≥60%・軽い正例優先)
2025-12-18 15:56:39,078 - INFO - IRLモデルを訓練...
2025-12-18 15:56:39,078 - INFO - ============================================================
2025-12-18 15:56:39,078 - INFO - 時系列IRL訓練開始
2025-12-18 15:56:39,078 - INFO - 軌跡数: 61
2025-12-18 15:56:39,078 - INFO - エポック数: 20
2025-12-18 15:56:39,078 - INFO - ============================================================
2025-12-18 15:56:39,211 - INFO - エポック 0: 平均損失 = 1.1831
2025-12-18 15:56:40,211 - INFO - エポック 10: 平均損失 = 0.9976
2025-12-18 15:56:41,076 - INFO - 時系列IRL訓練完了
2025-12-18 15:56:41,076 - INFO - 訓練データ上で最適閾値を決定...
2025-12-18 15:56:41,101 - INFO - 最適閾値: 0.0325
2025-12-18 15:56:41,101 - INFO - 訓練データ性能: Precision=0.885, Recall=1.000, F1=0.939
2025-12-18 15:56:41,104 - INFO - モデルを保存: outputs/qt_50projects_irl/train_0-3m/irl_model.pt
2025-12-18 15:56:41,104 - INFO - 最適閾値を保存: outputs/qt_50projects_irl/train_0-3m/optimal_threshold.json
2025-12-18 15:56:41,104 - INFO - 評価用軌跡を抽出...
2025-12-18 15:56:41,104 - INFO - ================================================================================
2025-12-18 15:56:41,104 - INFO - 評価用軌跡抽出を開始（スナップショット特徴量用）
2025-12-18 15:56:41,104 - INFO - Cutoff日: 2021-04-01 00:00:00
2025-12-18 15:56:41,104 - INFO - 履歴ウィンドウ: 3ヶ月
2025-12-18 15:56:41,104 - INFO - 将来窓: 21～24ヶ月
2025-12-18 15:56:41,104 - INFO - 拡張ラベル期間: 21～12ヶ月
2025-12-18 15:56:41,104 - INFO - プロジェクト: 全プロジェクト
2025-12-18 15:56:41,104 - INFO - 継続判定: この期間で承諾=1、この期間で拒否=0、依頼なし→拡張期間チェック、評価時は拡張期間にも依頼なしで除外（予測の母集団に入れない）
2025-12-18 15:56:41,104 - INFO - ================================================================================
2025-12-18 15:56:41,104 - INFO - 履歴期間: 2021-01-01 00:00:00 ～ 2021-04-01 00:00:00
2025-12-18 15:56:41,104 - INFO - 評価期間: 2023-01-01 00:00:00 ～ 2023-04-01 00:00:00
2025-12-18 15:56:41,106 - INFO - 履歴期間内のレビュアー数: 70
2025-12-18 15:56:41,165 - INFO - ================================================================================
2025-12-18 15:56:41,165 - INFO - 評価用軌跡抽出完了: 44サンプル
2025-12-18 15:56:41,165 - INFO -   スキップ（最小依頼数未満）: 0
2025-12-18 15:56:41,165 - INFO -   スキップ（訓練期間末尾まで依頼なし）: 26
2025-12-18 15:56:41,165 - INFO -   正例（この期間で承諾あり）: 26 (59.1%)
2025-12-18 15:56:41,165 - INFO -   負例（この期間で承諾なし）: 18 (40.9%)
2025-12-18 15:56:41,165 - INFO -     - 依頼あり→拒否（重み=1.0）: 18
2025-12-18 15:56:41,165 - INFO - ================================================================================
2025-12-18 15:56:41,166 - INFO - 予測を実行...
2025-12-18 15:56:41,186 - INFO - ================================================================================
2025-12-18 15:56:41,186 - INFO - 評価結果 (0-3m → 0-3m):
2025-12-18 15:56:41,186 - INFO -   AUC-ROC: 0.5620
2025-12-18 15:56:41,186 - INFO -   AUC-PR: 0.6751
2025-12-18 15:56:41,186 - INFO -   Precision: 0.5909
2025-12-18 15:56:41,186 - INFO -   Recall: 1.0000
2025-12-18 15:56:41,186 - INFO -   F1 Score: 0.7429
2025-12-18 15:56:41,186 - INFO - ================================================================================
2025-12-18 15:56:41,188 - INFO - 結果を保存: outputs/qt_50projects_irl/train_0-3m/eval_0-3m
2025-12-18 15:56:41,188 - INFO - 
【2/10】パターン実行中...
2025-12-18 15:56:41,189 - INFO - ================================================================================
2025-12-18 15:56:41,189 - INFO - パターン: 0-3m → 3-6m
2025-12-18 15:56:41,189 - INFO - 訓練期間: 2021-01-01 00:00:00 ～ 2021-04-01 00:00:00
2025-12-18 15:56:41,189 - INFO - 評価期間: 2023-04-01 00:00:00 ～ 2023-07-01 00:00:00
2025-12-18 15:56:41,189 - INFO - ================================================================================
2025-12-18 15:56:41,189 - INFO - レビュー依頼データを読み込み: data/qt_50proj_2021_2024_feat.csv
2025-12-18 15:56:41,203 - INFO - 総レビュー依頼数: 3121
2025-12-18 15:56:41,203 - INFO - 承諾数: 1366 (43.8%)
2025-12-18 15:56:41,204 - INFO - 拒否数: 1755 (56.2%)
2025-12-18 15:56:41,204 - INFO - 将来窓設定: 0～27ヶ月
2025-12-18 15:56:41,204 - INFO - 訓練用軌跡を抽出...
2025-12-18 15:56:41,204 - INFO - ================================================================================
2025-12-18 15:56:41,204 - INFO - レビュー承諾予測用軌跡抽出を開始（データリークなし版）
2025-12-18 15:56:41,204 - INFO - 訓練期間全体: 2021-01-01 00:00:00 ～ 2021-04-01 00:00:00
2025-12-18 15:56:41,204 - INFO - 将来窓: 0～27ヶ月
2025-12-18 15:56:41,204 - INFO - 拡張ラベル期間: 0～12ヶ月
2025-12-18 15:56:41,204 - INFO - プロジェクト: 全プロジェクト
2025-12-18 15:56:41,204 - INFO - ラベル定義: この期間で承諾=1、この期間で拒否=0、依頼なし→拡張期間チェック、訓練時は拡張期間にも依頼なしで除外
2025-12-18 15:56:41,204 - INFO - データリーク防止: 訓練期間内でラベル計算
2025-12-18 15:56:41,204 - INFO - ================================================================================
2025-12-18 15:56:41,204 - INFO - 特徴量計算期間（訓練全体）: 2021-01-01 00:00:00 ～ 2021-04-01 00:00:00
2025-12-18 15:56:41,204 - INFO - 全体ラベル期間（train_end時点から）: 2021-04-01 00:00:00 ～ 2023-07-01 00:00:00
2025-12-18 15:56:41,205 - INFO - 特徴量計算期間内のレビュアー数: 70
2025-12-18 15:56:41,344 - INFO - ================================================================================
2025-12-18 15:56:41,344 - INFO - 軌跡抽出完了: 61サンプル（レビュアー）
2025-12-18 15:56:41,344 - INFO -   スキップ（最小依頼数未満）: 0
2025-12-18 15:56:41,344 - INFO -   スキップ（訓練期間末尾まで依頼なし）: 9
2025-12-18 15:56:41,344 - INFO -   正例（この期間で承諾あり）: 54 (88.5%)
2025-12-18 15:56:41,344 - INFO -   負例（この期間で承諾なし）: 7 (11.5%)
2025-12-18 15:56:41,344 - INFO -     - 依頼あり→拒否（重み=1.0）: 7
2025-12-18 15:56:41,344 - INFO -   総ステップ数: 122
2025-12-18 15:56:41,344 - INFO -   継続ステップ率: 32.8% (40/122)
2025-12-18 15:56:41,344 - INFO - ================================================================================
/Users/kazuki-h/research/multiproject_research/.venv/lib/python3.13/site-packages/torch/nn/modules/rnn.py:123: UserWarning: dropout option adds dropout after all but last recurrent layer, so non-zero dropout expects num_layers greater than 1, but got dropout=0.2 and num_layers=1
  warnings.warn(
2025-12-18 15:56:41,345 - INFO - 継続予測IRLシステムを初期化しました
2025-12-18 15:56:41,345 - INFO - 訓練データ正例率: 88.5% (54/61)
2025-12-18 15:56:41,345 - INFO - Focal Loss パラメータ更新: alpha=0.400, gamma=1.000
2025-12-18 15:56:41,345 - INFO - 正例率 88.5% に基づき自動調整: バランス重視（正例率≥60%・軽い正例優先)
2025-12-18 15:56:41,345 - INFO - IRLモデルを訓練...
2025-12-18 15:56:41,345 - INFO - ============================================================
2025-12-18 15:56:41,345 - INFO - 時系列IRL訓練開始
2025-12-18 15:56:41,345 - INFO - 軌跡数: 61
2025-12-18 15:56:41,345 - INFO - エポック数: 20
2025-12-18 15:56:41,345 - INFO - ============================================================
2025-12-18 15:56:41,433 - INFO - エポック 0: 平均損失 = 1.1275
2025-12-18 15:56:42,285 - INFO - エポック 10: 平均損失 = 0.9971
2025-12-18 15:56:43,058 - INFO - 時系列IRL訓練完了
2025-12-18 15:56:43,058 - INFO - 訓練データ上で最適閾値を決定...
2025-12-18 15:56:43,081 - INFO - 最適閾値: 0.0187
2025-12-18 15:56:43,081 - INFO - 訓練データ性能: Precision=0.885, Recall=1.000, F1=0.939
2025-12-18 15:56:43,083 - INFO - モデルを保存: outputs/qt_50projects_irl/train_0-3m/irl_model.pt
2025-12-18 15:56:43,083 - INFO - 最適閾値を保存: outputs/qt_50projects_irl/train_0-3m/optimal_threshold.json
2025-12-18 15:56:43,083 - INFO - 評価用軌跡を抽出...
2025-12-18 15:56:43,083 - INFO - ================================================================================
2025-12-18 15:56:43,083 - INFO - 評価用軌跡抽出を開始（スナップショット特徴量用）
2025-12-18 15:56:43,083 - INFO - Cutoff日: 2021-04-01 00:00:00
2025-12-18 15:56:43,083 - INFO - 履歴ウィンドウ: 3ヶ月
2025-12-18 15:56:43,083 - INFO - 将来窓: 24～27ヶ月
2025-12-18 15:56:43,083 - INFO - 拡張ラベル期間: 24～12ヶ月
2025-12-18 15:56:43,083 - INFO - プロジェクト: 全プロジェクト
2025-12-18 15:56:43,083 - INFO - 継続判定: この期間で承諾=1、この期間で拒否=0、依頼なし→拡張期間チェック、評価時は拡張期間にも依頼なしで除外（予測の母集団に入れない）
2025-12-18 15:56:43,083 - INFO - ================================================================================
2025-12-18 15:56:43,083 - INFO - 履歴期間: 2021-01-01 00:00:00 ～ 2021-04-01 00:00:00
2025-12-18 15:56:43,083 - INFO - 評価期間: 2023-04-01 00:00:00 ～ 2023-07-01 00:00:00
2025-12-18 15:56:43,084 - INFO - 履歴期間内のレビュアー数: 70
2025-12-18 15:56:43,131 - INFO - ================================================================================
2025-12-18 15:56:43,131 - INFO - 評価用軌跡抽出完了: 36サンプル
2025-12-18 15:56:43,131 - INFO -   スキップ（最小依頼数未満）: 0
2025-12-18 15:56:43,131 - INFO -   スキップ（訓練期間末尾まで依頼なし）: 34
2025-12-18 15:56:43,131 - INFO -   正例（この期間で承諾あり）: 21 (58.3%)
2025-12-18 15:56:43,131 - INFO -   負例（この期間で承諾なし）: 15 (41.7%)
2025-12-18 15:56:43,131 - INFO -     - 依頼あり→拒否（重み=1.0）: 15
2025-12-18 15:56:43,131 - INFO - ================================================================================
2025-12-18 15:56:43,131 - INFO - 予測を実行...
2025-12-18 15:56:43,148 - INFO - ================================================================================
2025-12-18 15:56:43,148 - INFO - 評価結果 (0-3m → 3-6m):
2025-12-18 15:56:43,148 - INFO -   AUC-ROC: 0.6254
2025-12-18 15:56:43,148 - INFO -   AUC-PR: 0.6577
2025-12-18 15:56:43,148 - INFO -   Precision: 0.5833
2025-12-18 15:56:43,148 - INFO -   Recall: 1.0000
2025-12-18 15:56:43,149 - INFO -   F1 Score: 0.7368
2025-12-18 15:56:43,149 - INFO - ================================================================================
2025-12-18 15:56:43,150 - INFO - 結果を保存: outputs/qt_50projects_irl/train_0-3m/eval_3-6m
2025-12-18 15:56:43,150 - INFO - 
【3/10】パターン実行中...
2025-12-18 15:56:43,150 - INFO - ================================================================================
2025-12-18 15:56:43,150 - INFO - パターン: 0-3m → 6-9m
2025-12-18 15:56:43,150 - INFO - 訓練期間: 2021-01-01 00:00:00 ～ 2021-04-01 00:00:00
2025-12-18 15:56:43,150 - INFO - 評価期間: 2023-07-01 00:00:00 ～ 2023-10-01 00:00:00
2025-12-18 15:56:43,150 - INFO - ================================================================================
2025-12-18 15:56:43,150 - INFO - レビュー依頼データを読み込み: data/qt_50proj_2021_2024_feat.csv
2025-12-18 15:56:43,163 - INFO - 総レビュー依頼数: 3121
2025-12-18 15:56:43,163 - INFO - 承諾数: 1366 (43.8%)
2025-12-18 15:56:43,163 - INFO - 拒否数: 1755 (56.2%)
2025-12-18 15:56:43,163 - INFO - 将来窓設定: 0～30ヶ月
2025-12-18 15:56:43,163 - INFO - 訓練用軌跡を抽出...
2025-12-18 15:56:43,163 - INFO - ================================================================================
2025-12-18 15:56:43,163 - INFO - レビュー承諾予測用軌跡抽出を開始（データリークなし版）
2025-12-18 15:56:43,163 - INFO - 訓練期間全体: 2021-01-01 00:00:00 ～ 2021-04-01 00:00:00
2025-12-18 15:56:43,163 - INFO - 将来窓: 0～30ヶ月
2025-12-18 15:56:43,163 - INFO - 拡張ラベル期間: 0～12ヶ月
2025-12-18 15:56:43,163 - INFO - プロジェクト: 全プロジェクト
2025-12-18 15:56:43,163 - INFO - ラベル定義: この期間で承諾=1、この期間で拒否=0、依頼なし→拡張期間チェック、訓練時は拡張期間にも依頼なしで除外
2025-12-18 15:56:43,163 - INFO - データリーク防止: 訓練期間内でラベル計算
2025-12-18 15:56:43,163 - INFO - ================================================================================
2025-12-18 15:56:43,163 - INFO - 特徴量計算期間（訓練全体）: 2021-01-01 00:00:00 ～ 2021-04-01 00:00:00
2025-12-18 15:56:43,163 - INFO - 全体ラベル期間（train_end時点から）: 2021-04-01 00:00:00 ～ 2023-10-01 00:00:00
2025-12-18 15:56:43,164 - INFO - 特徴量計算期間内のレビュアー数: 70
2025-12-18 15:56:43,302 - INFO - ================================================================================
2025-12-18 15:56:43,302 - INFO - 軌跡抽出完了: 61サンプル（レビュアー）
2025-12-18 15:56:43,302 - INFO -   スキップ（最小依頼数未満）: 0
2025-12-18 15:56:43,302 - INFO -   スキップ（訓練期間末尾まで依頼なし）: 9
2025-12-18 15:56:43,302 - INFO -   正例（この期間で承諾あり）: 54 (88.5%)
2025-12-18 15:56:43,302 - INFO -   負例（この期間で承諾なし）: 7 (11.5%)
2025-12-18 15:56:43,302 - INFO -     - 依頼あり→拒否（重み=1.0）: 7
2025-12-18 15:56:43,302 - INFO -   総ステップ数: 122
2025-12-18 15:56:43,302 - INFO -   継続ステップ率: 32.8% (40/122)
2025-12-18 15:56:43,302 - INFO - ================================================================================
/Users/kazuki-h/research/multiproject_research/.venv/lib/python3.13/site-packages/torch/nn/modules/rnn.py:123: UserWarning: dropout option adds dropout after all but last recurrent layer, so non-zero dropout expects num_layers greater than 1, but got dropout=0.2 and num_layers=1
  warnings.warn(
2025-12-18 15:56:43,303 - INFO - 継続予測IRLシステムを初期化しました
2025-12-18 15:56:43,303 - INFO - 訓練データ正例率: 88.5% (54/61)
2025-12-18 15:56:43,303 - INFO - Focal Loss パラメータ更新: alpha=0.400, gamma=1.000
2025-12-18 15:56:43,303 - INFO - 正例率 88.5% に基づき自動調整: バランス重視（正例率≥60%・軽い正例優先)
2025-12-18 15:56:43,303 - INFO - IRLモデルを訓練...
2025-12-18 15:56:43,303 - INFO - ============================================================
2025-12-18 15:56:43,303 - INFO - 時系列IRL訓練開始
2025-12-18 15:56:43,303 - INFO - 軌跡数: 61
2025-12-18 15:56:43,303 - INFO - エポック数: 20
2025-12-18 15:56:43,303 - INFO - ============================================================
2025-12-18 15:56:43,393 - INFO - エポック 0: 平均損失 = 1.1410
2025-12-18 15:56:44,271 - INFO - エポック 10: 平均損失 = 0.9920
2025-12-18 15:56:45,089 - INFO - 時系列IRL訓練完了
2025-12-18 15:56:45,090 - INFO - 訓練データ上で最適閾値を決定...
2025-12-18 15:56:45,113 - INFO - 最適閾値: 0.0309
2025-12-18 15:56:45,113 - INFO - 訓練データ性能: Precision=0.885, Recall=1.000, F1=0.939
2025-12-18 15:56:45,114 - INFO - モデルを保存: outputs/qt_50projects_irl/train_0-3m/irl_model.pt
2025-12-18 15:56:45,114 - INFO - 最適閾値を保存: outputs/qt_50projects_irl/train_0-3m/optimal_threshold.json
2025-12-18 15:56:45,114 - INFO - 評価用軌跡を抽出...
2025-12-18 15:56:45,114 - INFO - ================================================================================
2025-12-18 15:56:45,114 - INFO - 評価用軌跡抽出を開始（スナップショット特徴量用）
2025-12-18 15:56:45,114 - INFO - Cutoff日: 2021-04-01 00:00:00
2025-12-18 15:56:45,114 - INFO - 履歴ウィンドウ: 3ヶ月
2025-12-18 15:56:45,114 - INFO - 将来窓: 27～30ヶ月
2025-12-18 15:56:45,114 - INFO - 拡張ラベル期間: 27～12ヶ月
2025-12-18 15:56:45,114 - INFO - プロジェクト: 全プロジェクト
2025-12-18 15:56:45,114 - INFO - 継続判定: この期間で承諾=1、この期間で拒否=0、依頼なし→拡張期間チェック、評価時は拡張期間にも依頼なしで除外（予測の母集団に入れない）
2025-12-18 15:56:45,114 - INFO - ================================================================================
2025-12-18 15:56:45,114 - INFO - 履歴期間: 2021-01-01 00:00:00 ～ 2021-04-01 00:00:00
2025-12-18 15:56:45,114 - INFO - 評価期間: 2023-07-01 00:00:00 ～ 2023-10-01 00:00:00
2025-12-18 15:56:45,115 - INFO - 履歴期間内のレビュアー数: 70
2025-12-18 15:56:45,159 - INFO - ================================================================================
2025-12-18 15:56:45,159 - INFO - 評価用軌跡抽出完了: 34サンプル
2025-12-18 15:56:45,159 - INFO -   スキップ（最小依頼数未満）: 0
2025-12-18 15:56:45,159 - INFO -   スキップ（訓練期間末尾まで依頼なし）: 36
2025-12-18 15:56:45,160 - INFO -   正例（この期間で承諾あり）: 25 (73.5%)
2025-12-18 15:56:45,160 - INFO -   負例（この期間で承諾なし）: 9 (26.5%)
2025-12-18 15:56:45,160 - INFO -     - 依頼あり→拒否（重み=1.0）: 9
2025-12-18 15:56:45,160 - INFO - ================================================================================
2025-12-18 15:56:45,160 - INFO - 予測を実行...
2025-12-18 15:56:45,176 - INFO - ================================================================================
2025-12-18 15:56:45,176 - INFO - 評価結果 (0-3m → 6-9m):
2025-12-18 15:56:45,176 - INFO -   AUC-ROC: 0.4622
2025-12-18 15:56:45,176 - INFO -   AUC-PR: 0.7100
2025-12-18 15:56:45,176 - INFO -   Precision: 0.7353
2025-12-18 15:56:45,176 - INFO -   Recall: 1.0000
2025-12-18 15:56:45,176 - INFO -   F1 Score: 0.8475
2025-12-18 15:56:45,176 - INFO - ================================================================================
2025-12-18 15:56:45,177 - INFO - 結果を保存: outputs/qt_50projects_irl/train_0-3m/eval_6-9m
2025-12-18 15:56:45,177 - INFO - 
【4/10】パターン実行中...
2025-12-18 15:56:45,177 - INFO - ================================================================================
2025-12-18 15:56:45,177 - INFO - パターン: 0-3m → 9-12m
2025-12-18 15:56:45,177 - INFO - 訓練期間: 2021-01-01 00:00:00 ～ 2021-04-01 00:00:00
2025-12-18 15:56:45,177 - INFO - 評価期間: 2023-10-01 00:00:00 ～ 2024-01-01 00:00:00
2025-12-18 15:56:45,177 - INFO - ================================================================================
2025-12-18 15:56:45,178 - INFO - レビュー依頼データを読み込み: data/qt_50proj_2021_2024_feat.csv
2025-12-18 15:56:45,190 - INFO - 総レビュー依頼数: 3121
2025-12-18 15:56:45,190 - INFO - 承諾数: 1366 (43.8%)
2025-12-18 15:56:45,190 - INFO - 拒否数: 1755 (56.2%)
2025-12-18 15:56:45,190 - INFO - 将来窓設定: 0～33ヶ月
2025-12-18 15:56:45,190 - INFO - 訓練用軌跡を抽出...
2025-12-18 15:56:45,190 - INFO - ================================================================================
2025-12-18 15:56:45,190 - INFO - レビュー承諾予測用軌跡抽出を開始（データリークなし版）
2025-12-18 15:56:45,190 - INFO - 訓練期間全体: 2021-01-01 00:00:00 ～ 2021-04-01 00:00:00
2025-12-18 15:56:45,190 - INFO - 将来窓: 0～33ヶ月
2025-12-18 15:56:45,190 - INFO - 拡張ラベル期間: 0～12ヶ月
2025-12-18 15:56:45,190 - INFO - プロジェクト: 全プロジェクト
2025-12-18 15:56:45,190 - INFO - ラベル定義: この期間で承諾=1、この期間で拒否=0、依頼なし→拡張期間チェック、訓練時は拡張期間にも依頼なしで除外
2025-12-18 15:56:45,190 - INFO - データリーク防止: 訓練期間内でラベル計算
2025-12-18 15:56:45,190 - INFO - ================================================================================
2025-12-18 15:56:45,190 - INFO - 特徴量計算期間（訓練全体）: 2021-01-01 00:00:00 ～ 2021-04-01 00:00:00
2025-12-18 15:56:45,190 - INFO - 全体ラベル期間（train_end時点から）: 2021-04-01 00:00:00 ～ 2024-01-01 00:00:00
2025-12-18 15:56:45,191 - INFO - 特徴量計算期間内のレビュアー数: 70
2025-12-18 15:56:45,319 - INFO - ================================================================================
2025-12-18 15:56:45,319 - INFO - 軌跡抽出完了: 61サンプル（レビュアー）
2025-12-18 15:56:45,319 - INFO -   スキップ（最小依頼数未満）: 0
2025-12-18 15:56:45,319 - INFO -   スキップ（訓練期間末尾まで依頼なし）: 9
2025-12-18 15:56:45,319 - INFO -   正例（この期間で承諾あり）: 54 (88.5%)
2025-12-18 15:56:45,319 - INFO -   負例（この期間で承諾なし）: 7 (11.5%)
2025-12-18 15:56:45,319 - INFO -     - 依頼あり→拒否（重み=1.0）: 7
2025-12-18 15:56:45,319 - INFO -   総ステップ数: 122
2025-12-18 15:56:45,319 - INFO -   継続ステップ率: 32.8% (40/122)
2025-12-18 15:56:45,319 - INFO - ================================================================================
/Users/kazuki-h/research/multiproject_research/.venv/lib/python3.13/site-packages/torch/nn/modules/rnn.py:123: UserWarning: dropout option adds dropout after all but last recurrent layer, so non-zero dropout expects num_layers greater than 1, but got dropout=0.2 and num_layers=1
  warnings.warn(
2025-12-18 15:56:45,320 - INFO - 継続予測IRLシステムを初期化しました
2025-12-18 15:56:45,320 - INFO - 訓練データ正例率: 88.5% (54/61)
2025-12-18 15:56:45,320 - INFO - Focal Loss パラメータ更新: alpha=0.400, gamma=1.000
2025-12-18 15:56:45,320 - INFO - 正例率 88.5% に基づき自動調整: バランス重視（正例率≥60%・軽い正例優先)
2025-12-18 15:56:45,320 - INFO - IRLモデルを訓練...
2025-12-18 15:56:45,320 - INFO - ============================================================
2025-12-18 15:56:45,320 - INFO - 時系列IRL訓練開始
2025-12-18 15:56:45,320 - INFO - 軌跡数: 61
2025-12-18 15:56:45,320 - INFO - エポック数: 20
2025-12-18 15:56:45,320 - INFO - ============================================================
2025-12-18 15:56:45,410 - INFO - エポック 0: 平均損失 = 1.1826
2025-12-18 15:56:46,289 - INFO - エポック 10: 平均損失 = 0.9769
2025-12-18 15:56:47,062 - INFO - 時系列IRL訓練完了
2025-12-18 15:56:47,062 - INFO - 訓練データ上で最適閾値を決定...
2025-12-18 15:56:47,084 - INFO - 最適閾値: 0.0428
2025-12-18 15:56:47,084 - INFO - 訓練データ性能: Precision=0.885, Recall=1.000, F1=0.939
2025-12-18 15:56:47,085 - INFO - モデルを保存: outputs/qt_50projects_irl/train_0-3m/irl_model.pt
2025-12-18 15:56:47,085 - INFO - 最適閾値を保存: outputs/qt_50projects_irl/train_0-3m/optimal_threshold.json
2025-12-18 15:56:47,085 - INFO - 評価用軌跡を抽出...
2025-12-18 15:56:47,085 - INFO - ================================================================================
2025-12-18 15:56:47,085 - INFO - 評価用軌跡抽出を開始（スナップショット特徴量用）
2025-12-18 15:56:47,085 - INFO - Cutoff日: 2021-04-01 00:00:00
2025-12-18 15:56:47,085 - INFO - 履歴ウィンドウ: 3ヶ月
2025-12-18 15:56:47,085 - INFO - 将来窓: 30～33ヶ月
2025-12-18 15:56:47,086 - INFO - 拡張ラベル期間: 30～12ヶ月
2025-12-18 15:56:47,086 - INFO - プロジェクト: 全プロジェクト
2025-12-18 15:56:47,086 - INFO - 継続判定: この期間で承諾=1、この期間で拒否=0、依頼なし→拡張期間チェック、評価時は拡張期間にも依頼なしで除外（予測の母集団に入れない）
2025-12-18 15:56:47,086 - INFO - ================================================================================
2025-12-18 15:56:47,086 - INFO - 履歴期間: 2021-01-01 00:00:00 ～ 2021-04-01 00:00:00
2025-12-18 15:56:47,086 - INFO - 評価期間: 2023-10-01 00:00:00 ～ 2024-01-01 00:00:00
2025-12-18 15:56:47,086 - INFO - 履歴期間内のレビュアー数: 70
2025-12-18 15:56:47,133 - INFO - ================================================================================
2025-12-18 15:56:47,133 - INFO - 評価用軌跡抽出完了: 38サンプル
2025-12-18 15:56:47,133 - INFO -   スキップ（最小依頼数未満）: 0
2025-12-18 15:56:47,133 - INFO -   スキップ（訓練期間末尾まで依頼なし）: 32
2025-12-18 15:56:47,133 - INFO -   正例（この期間で承諾あり）: 29 (76.3%)
2025-12-18 15:56:47,133 - INFO -   負例（この期間で承諾なし）: 9 (23.7%)
2025-12-18 15:56:47,133 - INFO -     - 依頼あり→拒否（重み=1.0）: 9
2025-12-18 15:56:47,133 - INFO - ================================================================================
2025-12-18 15:56:47,133 - INFO - 予測を実行...
2025-12-18 15:56:47,150 - INFO - ================================================================================
2025-12-18 15:56:47,150 - INFO - 評価結果 (0-3m → 9-12m):
2025-12-18 15:56:47,150 - INFO -   AUC-ROC: 0.5747
2025-12-18 15:56:47,150 - INFO -   AUC-PR: 0.8186
2025-12-18 15:56:47,150 - INFO -   Precision: 0.7632
2025-12-18 15:56:47,150 - INFO -   Recall: 1.0000
2025-12-18 15:56:47,150 - INFO -   F1 Score: 0.8657
2025-12-18 15:56:47,150 - INFO - ================================================================================
2025-12-18 15:56:47,151 - INFO - 結果を保存: outputs/qt_50projects_irl/train_0-3m/eval_9-12m
2025-12-18 15:56:47,152 - INFO - 
【5/10】パターン実行中...
2025-12-18 15:56:47,152 - INFO - ================================================================================
2025-12-18 15:56:47,152 - INFO - パターン: 3-6m → 3-6m
2025-12-18 15:56:47,152 - INFO - 訓練期間: 2021-04-01 00:00:00 ～ 2021-07-01 00:00:00
2025-12-18 15:56:47,152 - INFO - 評価期間: 2023-04-01 00:00:00 ～ 2023-07-01 00:00:00
2025-12-18 15:56:47,152 - INFO - ================================================================================
2025-12-18 15:56:47,152 - INFO - レビュー依頼データを読み込み: data/qt_50proj_2021_2024_feat.csv
2025-12-18 15:56:47,164 - INFO - 総レビュー依頼数: 3121
2025-12-18 15:56:47,164 - INFO - 承諾数: 1366 (43.8%)
2025-12-18 15:56:47,165 - INFO - 拒否数: 1755 (56.2%)
2025-12-18 15:56:47,165 - INFO - 将来窓設定: 0～24ヶ月
2025-12-18 15:56:47,165 - INFO - 訓練用軌跡を抽出...
2025-12-18 15:56:47,165 - INFO - ================================================================================
2025-12-18 15:56:47,165 - INFO - レビュー承諾予測用軌跡抽出を開始（データリークなし版）
2025-12-18 15:56:47,165 - INFO - 訓練期間全体: 2021-04-01 00:00:00 ～ 2021-07-01 00:00:00
2025-12-18 15:56:47,165 - INFO - 将来窓: 0～24ヶ月
2025-12-18 15:56:47,165 - INFO - 拡張ラベル期間: 0～12ヶ月
2025-12-18 15:56:47,165 - INFO - プロジェクト: 全プロジェクト
2025-12-18 15:56:47,165 - INFO - ラベル定義: この期間で承諾=1、この期間で拒否=0、依頼なし→拡張期間チェック、訓練時は拡張期間にも依頼なしで除外
2025-12-18 15:56:47,165 - INFO - データリーク防止: 訓練期間内でラベル計算
2025-12-18 15:56:47,165 - INFO - ================================================================================
2025-12-18 15:56:47,165 - INFO - 特徴量計算期間（訓練全体）: 2021-04-01 00:00:00 ～ 2021-07-01 00:00:00
2025-12-18 15:56:47,165 - INFO - 全体ラベル期間（train_end時点から）: 2021-07-01 00:00:00 ～ 2023-07-01 00:00:00
2025-12-18 15:56:47,166 - INFO - 特徴量計算期間内のレビュアー数: 89
2025-12-18 15:56:47,329 - INFO - ================================================================================
2025-12-18 15:56:47,329 - INFO - 軌跡抽出完了: 80サンプル（レビュアー）
2025-12-18 15:56:47,329 - INFO -   スキップ（最小依頼数未満）: 0
2025-12-18 15:56:47,329 - INFO -   スキップ（訓練期間末尾まで依頼なし）: 9
2025-12-18 15:56:47,329 - INFO -   正例（この期間で承諾あり）: 71 (88.8%)
2025-12-18 15:56:47,329 - INFO -   負例（この期間で承諾なし）: 9 (11.2%)
2025-12-18 15:56:47,329 - INFO -     - 依頼あり→拒否（重み=1.0）: 9
2025-12-18 15:56:47,329 - INFO -   総ステップ数: 160
2025-12-18 15:56:47,329 - INFO -   継続ステップ率: 40.6% (65/160)
2025-12-18 15:56:47,329 - INFO - ================================================================================
/Users/kazuki-h/research/multiproject_research/.venv/lib/python3.13/site-packages/torch/nn/modules/rnn.py:123: UserWarning: dropout option adds dropout after all but last recurrent layer, so non-zero dropout expects num_layers greater than 1, but got dropout=0.2 and num_layers=1
  warnings.warn(
2025-12-18 15:56:47,330 - INFO - 継続予測IRLシステムを初期化しました
2025-12-18 15:56:47,330 - INFO - 訓練データ正例率: 88.8% (71/80)
2025-12-18 15:56:47,330 - INFO - Focal Loss パラメータ更新: alpha=0.400, gamma=1.000
2025-12-18 15:56:47,330 - INFO - 正例率 88.8% に基づき自動調整: バランス重視（正例率≥60%・軽い正例優先)
2025-12-18 15:56:47,330 - INFO - IRLモデルを訓練...
2025-12-18 15:56:47,330 - INFO - ============================================================
2025-12-18 15:56:47,330 - INFO - 時系列IRL訓練開始
2025-12-18 15:56:47,330 - INFO - 軌跡数: 80
2025-12-18 15:56:47,330 - INFO - エポック数: 20
2025-12-18 15:56:47,330 - INFO - ============================================================
2025-12-18 15:56:47,445 - INFO - エポック 0: 平均損失 = 1.1451
2025-12-18 15:56:48,573 - INFO - エポック 10: 平均損失 = 0.9148
2025-12-18 15:56:49,618 - INFO - 時系列IRL訓練完了
2025-12-18 15:56:49,618 - INFO - 訓練データ上で最適閾値を決定...
2025-12-18 15:56:49,654 - INFO - 最適閾値: 0.0138
2025-12-18 15:56:49,654 - INFO - 訓練データ性能: Precision=0.887, Recall=1.000, F1=0.940
2025-12-18 15:56:49,655 - INFO - モデルを保存: outputs/qt_50projects_irl/train_3-6m/irl_model.pt
2025-12-18 15:56:49,655 - INFO - 最適閾値を保存: outputs/qt_50projects_irl/train_3-6m/optimal_threshold.json
2025-12-18 15:56:49,655 - INFO - 評価用軌跡を抽出...
2025-12-18 15:56:49,655 - INFO - ================================================================================
2025-12-18 15:56:49,655 - INFO - 評価用軌跡抽出を開始（スナップショット特徴量用）
2025-12-18 15:56:49,655 - INFO - Cutoff日: 2021-07-01 00:00:00
2025-12-18 15:56:49,655 - INFO - 履歴ウィンドウ: 3ヶ月
2025-12-18 15:56:49,655 - INFO - 将来窓: 21～24ヶ月
2025-12-18 15:56:49,655 - INFO - 拡張ラベル期間: 21～12ヶ月
2025-12-18 15:56:49,655 - INFO - プロジェクト: 全プロジェクト
2025-12-18 15:56:49,656 - INFO - 継続判定: この期間で承諾=1、この期間で拒否=0、依頼なし→拡張期間チェック、評価時は拡張期間にも依頼なしで除外（予測の母集団に入れない）
2025-12-18 15:56:49,656 - INFO - ================================================================================
2025-12-18 15:56:49,656 - INFO - 履歴期間: 2021-04-01 00:00:00 ～ 2021-07-01 00:00:00
2025-12-18 15:56:49,656 - INFO - 評価期間: 2023-04-01 00:00:00 ～ 2023-07-01 00:00:00
2025-12-18 15:56:49,656 - INFO - 履歴期間内のレビュアー数: 89
2025-12-18 15:56:49,707 - INFO - ================================================================================
2025-12-18 15:56:49,707 - INFO - 評価用軌跡抽出完了: 38サンプル
2025-12-18 15:56:49,707 - INFO -   スキップ（最小依頼数未満）: 0
2025-12-18 15:56:49,707 - INFO -   スキップ（訓練期間末尾まで依頼なし）: 51
2025-12-18 15:56:49,707 - INFO -   正例（この期間で承諾あり）: 22 (57.9%)
2025-12-18 15:56:49,707 - INFO -   負例（この期間で承諾なし）: 16 (42.1%)
2025-12-18 15:56:49,707 - INFO -     - 依頼あり→拒否（重み=1.0）: 16
2025-12-18 15:56:49,707 - INFO - ================================================================================
2025-12-18 15:56:49,707 - INFO - 予測を実行...
2025-12-18 15:56:49,729 - INFO - ================================================================================
2025-12-18 15:56:49,729 - INFO - 評価結果 (3-6m → 3-6m):
2025-12-18 15:56:49,729 - INFO -   AUC-ROC: 0.3324
2025-12-18 15:56:49,729 - INFO -   AUC-PR: 0.5002
2025-12-18 15:56:49,729 - INFO -   Precision: 0.5789
2025-12-18 15:56:49,729 - INFO -   Recall: 1.0000
2025-12-18 15:56:49,729 - INFO -   F1 Score: 0.7333
2025-12-18 15:56:49,729 - INFO - ================================================================================
2025-12-18 15:56:49,730 - INFO - 結果を保存: outputs/qt_50projects_irl/train_3-6m/eval_3-6m
2025-12-18 15:56:49,730 - INFO - 
【6/10】パターン実行中...
2025-12-18 15:56:49,731 - INFO - ================================================================================
2025-12-18 15:56:49,731 - INFO - パターン: 3-6m → 6-9m
2025-12-18 15:56:49,731 - INFO - 訓練期間: 2021-04-01 00:00:00 ～ 2021-07-01 00:00:00
2025-12-18 15:56:49,731 - INFO - 評価期間: 2023-07-01 00:00:00 ～ 2023-10-01 00:00:00
2025-12-18 15:56:49,731 - INFO - ================================================================================
2025-12-18 15:56:49,731 - INFO - レビュー依頼データを読み込み: data/qt_50proj_2021_2024_feat.csv
2025-12-18 15:56:49,743 - INFO - 総レビュー依頼数: 3121
2025-12-18 15:56:49,743 - INFO - 承諾数: 1366 (43.8%)
2025-12-18 15:56:49,743 - INFO - 拒否数: 1755 (56.2%)
2025-12-18 15:56:49,743 - INFO - 将来窓設定: 0～27ヶ月
2025-12-18 15:56:49,743 - INFO - 訓練用軌跡を抽出...
2025-12-18 15:56:49,743 - INFO - ================================================================================
2025-12-18 15:56:49,743 - INFO - レビュー承諾予測用軌跡抽出を開始（データリークなし版）
2025-12-18 15:56:49,743 - INFO - 訓練期間全体: 2021-04-01 00:00:00 ～ 2021-07-01 00:00:00
2025-12-18 15:56:49,743 - INFO - 将来窓: 0～27ヶ月
2025-12-18 15:56:49,743 - INFO - 拡張ラベル期間: 0～12ヶ月
2025-12-18 15:56:49,743 - INFO - プロジェクト: 全プロジェクト
2025-12-18 15:56:49,743 - INFO - ラベル定義: この期間で承諾=1、この期間で拒否=0、依頼なし→拡張期間チェック、訓練時は拡張期間にも依頼なしで除外
2025-12-18 15:56:49,743 - INFO - データリーク防止: 訓練期間内でラベル計算
2025-12-18 15:56:49,743 - INFO - ================================================================================
2025-12-18 15:56:49,743 - INFO - 特徴量計算期間（訓練全体）: 2021-04-01 00:00:00 ～ 2021-07-01 00:00:00
2025-12-18 15:56:49,743 - INFO - 全体ラベル期間（train_end時点から）: 2021-07-01 00:00:00 ～ 2023-10-01 00:00:00
2025-12-18 15:56:49,744 - INFO - 特徴量計算期間内のレビュアー数: 89
2025-12-18 15:56:49,926 - INFO - ================================================================================
2025-12-18 15:56:49,926 - INFO - 軌跡抽出完了: 81サンプル（レビュアー）
2025-12-18 15:56:49,926 - INFO -   スキップ（最小依頼数未満）: 0
2025-12-18 15:56:49,926 - INFO -   スキップ（訓練期間末尾まで依頼なし）: 8
2025-12-18 15:56:49,926 - INFO -   正例（この期間で承諾あり）: 72 (88.9%)
2025-12-18 15:56:49,926 - INFO -   負例（この期間で承諾なし）: 9 (11.1%)
2025-12-18 15:56:49,926 - INFO -     - 依頼あり→拒否（重み=1.0）: 9
2025-12-18 15:56:49,926 - INFO -   総ステップ数: 162
2025-12-18 15:56:49,926 - INFO -   継続ステップ率: 41.4% (67/162)
2025-12-18 15:56:49,926 - INFO - ================================================================================
/Users/kazuki-h/research/multiproject_research/.venv/lib/python3.13/site-packages/torch/nn/modules/rnn.py:123: UserWarning: dropout option adds dropout after all but last recurrent layer, so non-zero dropout expects num_layers greater than 1, but got dropout=0.2 and num_layers=1
  warnings.warn(
2025-12-18 15:56:49,927 - INFO - 継続予測IRLシステムを初期化しました
2025-12-18 15:56:49,927 - INFO - 訓練データ正例率: 88.9% (72/81)
2025-12-18 15:56:49,927 - INFO - Focal Loss パラメータ更新: alpha=0.400, gamma=1.000
2025-12-18 15:56:49,927 - INFO - 正例率 88.9% に基づき自動調整: バランス重視（正例率≥60%・軽い正例優先)
2025-12-18 15:56:49,927 - INFO - IRLモデルを訓練...
2025-12-18 15:56:49,927 - INFO - ============================================================
2025-12-18 15:56:49,927 - INFO - 時系列IRL訓練開始
2025-12-18 15:56:49,927 - INFO - 軌跡数: 81
2025-12-18 15:56:49,927 - INFO - エポック数: 20
2025-12-18 15:56:49,927 - INFO - ============================================================
2025-12-18 15:56:50,049 - INFO - エポック 0: 平均損失 = 1.2194
2025-12-18 15:56:51,230 - INFO - エポック 10: 平均損失 = 0.9152
2025-12-18 15:56:52,181 - INFO - 時系列IRL訓練完了
2025-12-18 15:56:52,181 - INFO - 訓練データ上で最適閾値を決定...
2025-12-18 15:56:52,215 - INFO - 最適閾値: 0.0087
2025-12-18 15:56:52,215 - INFO - 訓練データ性能: Precision=0.889, Recall=1.000, F1=0.941
2025-12-18 15:56:52,216 - INFO - モデルを保存: outputs/qt_50projects_irl/train_3-6m/irl_model.pt
2025-12-18 15:56:52,217 - INFO - 最適閾値を保存: outputs/qt_50projects_irl/train_3-6m/optimal_threshold.json
2025-12-18 15:56:52,217 - INFO - 評価用軌跡を抽出...
2025-12-18 15:56:52,217 - INFO - ================================================================================
2025-12-18 15:56:52,217 - INFO - 評価用軌跡抽出を開始（スナップショット特徴量用）
2025-12-18 15:56:52,217 - INFO - Cutoff日: 2021-07-01 00:00:00
2025-12-18 15:56:52,217 - INFO - 履歴ウィンドウ: 3ヶ月
2025-12-18 15:56:52,217 - INFO - 将来窓: 24～27ヶ月
2025-12-18 15:56:52,217 - INFO - 拡張ラベル期間: 24～12ヶ月
2025-12-18 15:56:52,217 - INFO - プロジェクト: 全プロジェクト
2025-12-18 15:56:52,217 - INFO - 継続判定: この期間で承諾=1、この期間で拒否=0、依頼なし→拡張期間チェック、評価時は拡張期間にも依頼なしで除外（予測の母集団に入れない）
2025-12-18 15:56:52,217 - INFO - ================================================================================
2025-12-18 15:56:52,217 - INFO - 履歴期間: 2021-04-01 00:00:00 ～ 2021-07-01 00:00:00
2025-12-18 15:56:52,217 - INFO - 評価期間: 2023-07-01 00:00:00 ～ 2023-10-01 00:00:00
2025-12-18 15:56:52,217 - INFO - 履歴期間内のレビュアー数: 89
2025-12-18 15:56:52,268 - INFO - ================================================================================
2025-12-18 15:56:52,268 - INFO - 評価用軌跡抽出完了: 41サンプル
2025-12-18 15:56:52,268 - INFO -   スキップ（最小依頼数未満）: 0
2025-12-18 15:56:52,268 - INFO -   スキップ（訓練期間末尾まで依頼なし）: 48
2025-12-18 15:56:52,268 - INFO -   正例（この期間で承諾あり）: 30 (73.2%)
2025-12-18 15:56:52,268 - INFO -   負例（この期間で承諾なし）: 11 (26.8%)
2025-12-18 15:56:52,268 - INFO -     - 依頼あり→拒否（重み=1.0）: 11
2025-12-18 15:56:52,268 - INFO - ================================================================================
2025-12-18 15:56:52,268 - INFO - 予測を実行...
2025-12-18 15:56:52,291 - INFO - ================================================================================
2025-12-18 15:56:52,291 - INFO - 評価結果 (3-6m → 6-9m):
2025-12-18 15:56:52,291 - INFO -   AUC-ROC: 0.3788
2025-12-18 15:56:52,291 - INFO -   AUC-PR: 0.6767
2025-12-18 15:56:52,291 - INFO -   Precision: 0.7317
2025-12-18 15:56:52,291 - INFO -   Recall: 1.0000
2025-12-18 15:56:52,291 - INFO -   F1 Score: 0.8451
2025-12-18 15:56:52,291 - INFO - ================================================================================
2025-12-18 15:56:52,292 - INFO - 結果を保存: outputs/qt_50projects_irl/train_3-6m/eval_6-9m
2025-12-18 15:56:52,292 - INFO - 
【7/10】パターン実行中...
2025-12-18 15:56:52,292 - INFO - ================================================================================
2025-12-18 15:56:52,292 - INFO - パターン: 3-6m → 9-12m
2025-12-18 15:56:52,292 - INFO - 訓練期間: 2021-04-01 00:00:00 ～ 2021-07-01 00:00:00
2025-12-18 15:56:52,292 - INFO - 評価期間: 2023-10-01 00:00:00 ～ 2024-01-01 00:00:00
2025-12-18 15:56:52,292 - INFO - ================================================================================
2025-12-18 15:56:52,292 - INFO - レビュー依頼データを読み込み: data/qt_50proj_2021_2024_feat.csv
2025-12-18 15:56:52,304 - INFO - 総レビュー依頼数: 3121
2025-12-18 15:56:52,304 - INFO - 承諾数: 1366 (43.8%)
2025-12-18 15:56:52,304 - INFO - 拒否数: 1755 (56.2%)
2025-12-18 15:56:52,304 - INFO - 将来窓設定: 0～30ヶ月
2025-12-18 15:56:52,304 - INFO - 訓練用軌跡を抽出...
2025-12-18 15:56:52,304 - INFO - ================================================================================
2025-12-18 15:56:52,304 - INFO - レビュー承諾予測用軌跡抽出を開始（データリークなし版）
2025-12-18 15:56:52,304 - INFO - 訓練期間全体: 2021-04-01 00:00:00 ～ 2021-07-01 00:00:00
2025-12-18 15:56:52,304 - INFO - 将来窓: 0～30ヶ月
2025-12-18 15:56:52,304 - INFO - 拡張ラベル期間: 0～12ヶ月
2025-12-18 15:56:52,304 - INFO - プロジェクト: 全プロジェクト
2025-12-18 15:56:52,304 - INFO - ラベル定義: この期間で承諾=1、この期間で拒否=0、依頼なし→拡張期間チェック、訓練時は拡張期間にも依頼なしで除外
2025-12-18 15:56:52,304 - INFO - データリーク防止: 訓練期間内でラベル計算
2025-12-18 15:56:52,304 - INFO - ================================================================================
2025-12-18 15:56:52,304 - INFO - 特徴量計算期間（訓練全体）: 2021-04-01 00:00:00 ～ 2021-07-01 00:00:00
2025-12-18 15:56:52,304 - INFO - 全体ラベル期間（train_end時点から）: 2021-07-01 00:00:00 ～ 2024-01-01 00:00:00
2025-12-18 15:56:52,305 - INFO - 特徴量計算期間内のレビュアー数: 89
2025-12-18 15:56:52,465 - INFO - ================================================================================
2025-12-18 15:56:52,465 - INFO - 軌跡抽出完了: 81サンプル（レビュアー）
2025-12-18 15:56:52,465 - INFO -   スキップ（最小依頼数未満）: 0
2025-12-18 15:56:52,465 - INFO -   スキップ（訓練期間末尾まで依頼なし）: 8
2025-12-18 15:56:52,465 - INFO -   正例（この期間で承諾あり）: 72 (88.9%)
2025-12-18 15:56:52,465 - INFO -   負例（この期間で承諾なし）: 9 (11.1%)
2025-12-18 15:56:52,465 - INFO -     - 依頼あり→拒否（重み=1.0）: 9
2025-12-18 15:56:52,465 - INFO -   総ステップ数: 162
2025-12-18 15:56:52,465 - INFO -   継続ステップ率: 41.4% (67/162)
2025-12-18 15:56:52,465 - INFO - ================================================================================
/Users/kazuki-h/research/multiproject_research/.venv/lib/python3.13/site-packages/torch/nn/modules/rnn.py:123: UserWarning: dropout option adds dropout after all but last recurrent layer, so non-zero dropout expects num_layers greater than 1, but got dropout=0.2 and num_layers=1
  warnings.warn(
2025-12-18 15:56:52,466 - INFO - 継続予測IRLシステムを初期化しました
2025-12-18 15:56:52,466 - INFO - 訓練データ正例率: 88.9% (72/81)
2025-12-18 15:56:52,466 - INFO - Focal Loss パラメータ更新: alpha=0.400, gamma=1.000
2025-12-18 15:56:52,466 - INFO - 正例率 88.9% に基づき自動調整: バランス重視（正例率≥60%・軽い正例優先)
2025-12-18 15:56:52,466 - INFO - IRLモデルを訓練...
2025-12-18 15:56:52,466 - INFO - ============================================================
2025-12-18 15:56:52,466 - INFO - 時系列IRL訓練開始
2025-12-18 15:56:52,466 - INFO - 軌跡数: 81
2025-12-18 15:56:52,466 - INFO - エポック数: 20
2025-12-18 15:56:52,466 - INFO - ============================================================
2025-12-18 15:56:52,578 - INFO - エポック 0: 平均損失 = 1.2263
2025-12-18 15:56:53,675 - INFO - エポック 10: 平均損失 = 0.9202
2025-12-18 15:56:54,679 - INFO - 時系列IRL訓練完了
2025-12-18 15:56:54,679 - INFO - 訓練データ上で最適閾値を決定...
2025-12-18 15:56:54,714 - INFO - 最適閾値: 0.0212
2025-12-18 15:56:54,714 - INFO - 訓練データ性能: Precision=0.889, Recall=1.000, F1=0.941
2025-12-18 15:56:54,715 - INFO - モデルを保存: outputs/qt_50projects_irl/train_3-6m/irl_model.pt
2025-12-18 15:56:54,715 - INFO - 最適閾値を保存: outputs/qt_50projects_irl/train_3-6m/optimal_threshold.json
2025-12-18 15:56:54,715 - INFO - 評価用軌跡を抽出...
2025-12-18 15:56:54,715 - INFO - ================================================================================
2025-12-18 15:56:54,715 - INFO - 評価用軌跡抽出を開始（スナップショット特徴量用）
2025-12-18 15:56:54,715 - INFO - Cutoff日: 2021-07-01 00:00:00
2025-12-18 15:56:54,715 - INFO - 履歴ウィンドウ: 3ヶ月
2025-12-18 15:56:54,715 - INFO - 将来窓: 27～30ヶ月
2025-12-18 15:56:54,715 - INFO - 拡張ラベル期間: 27～12ヶ月
2025-12-18 15:56:54,715 - INFO - プロジェクト: 全プロジェクト
2025-12-18 15:56:54,715 - INFO - 継続判定: この期間で承諾=1、この期間で拒否=0、依頼なし→拡張期間チェック、評価時は拡張期間にも依頼なしで除外（予測の母集団に入れない）
2025-12-18 15:56:54,715 - INFO - ================================================================================
2025-12-18 15:56:54,715 - INFO - 履歴期間: 2021-04-01 00:00:00 ～ 2021-07-01 00:00:00
2025-12-18 15:56:54,715 - INFO - 評価期間: 2023-10-01 00:00:00 ～ 2024-01-01 00:00:00
2025-12-18 15:56:54,716 - INFO - 履歴期間内のレビュアー数: 89
2025-12-18 15:56:54,771 - INFO - ================================================================================
2025-12-18 15:56:54,771 - INFO - 評価用軌跡抽出完了: 43サンプル
2025-12-18 15:56:54,771 - INFO -   スキップ（最小依頼数未満）: 0
2025-12-18 15:56:54,771 - INFO -   スキップ（訓練期間末尾まで依頼なし）: 46
2025-12-18 15:56:54,771 - INFO -   正例（この期間で承諾あり）: 30 (69.8%)
2025-12-18 15:56:54,771 - INFO -   負例（この期間で承諾なし）: 13 (30.2%)
2025-12-18 15:56:54,771 - INFO -     - 依頼あり→拒否（重み=1.0）: 13
2025-12-18 15:56:54,771 - INFO - ================================================================================
2025-12-18 15:56:54,771 - INFO - 予測を実行...
2025-12-18 15:56:54,796 - INFO - ================================================================================
2025-12-18 15:56:54,796 - INFO - 評価結果 (3-6m → 9-12m):
2025-12-18 15:56:54,796 - INFO -   AUC-ROC: 0.4590
2025-12-18 15:56:54,796 - INFO -   AUC-PR: 0.7174
2025-12-18 15:56:54,796 - INFO -   Precision: 0.6977
2025-12-18 15:56:54,796 - INFO -   Recall: 1.0000
2025-12-18 15:56:54,796 - INFO -   F1 Score: 0.8219
2025-12-18 15:56:54,796 - INFO - ================================================================================
2025-12-18 15:56:54,797 - INFO - 結果を保存: outputs/qt_50projects_irl/train_3-6m/eval_9-12m
2025-12-18 15:56:54,798 - INFO - 
【8/10】パターン実行中...
2025-12-18 15:56:54,798 - INFO - ================================================================================
2025-12-18 15:56:54,798 - INFO - パターン: 6-9m → 6-9m
2025-12-18 15:56:54,798 - INFO - 訓練期間: 2021-07-01 00:00:00 ～ 2021-10-01 00:00:00
2025-12-18 15:56:54,798 - INFO - 評価期間: 2023-07-01 00:00:00 ～ 2023-10-01 00:00:00
2025-12-18 15:56:54,798 - INFO - ================================================================================
2025-12-18 15:56:54,798 - INFO - レビュー依頼データを読み込み: data/qt_50proj_2021_2024_feat.csv
2025-12-18 15:56:54,811 - INFO - 総レビュー依頼数: 3121
2025-12-18 15:56:54,811 - INFO - 承諾数: 1366 (43.8%)
2025-12-18 15:56:54,811 - INFO - 拒否数: 1755 (56.2%)
2025-12-18 15:56:54,811 - INFO - 将来窓設定: 0～24ヶ月
2025-12-18 15:56:54,811 - INFO - 訓練用軌跡を抽出...
2025-12-18 15:56:54,811 - INFO - ================================================================================
2025-12-18 15:56:54,811 - INFO - レビュー承諾予測用軌跡抽出を開始（データリークなし版）
2025-12-18 15:56:54,811 - INFO - 訓練期間全体: 2021-07-01 00:00:00 ～ 2021-10-01 00:00:00
2025-12-18 15:56:54,811 - INFO - 将来窓: 0～24ヶ月
2025-12-18 15:56:54,811 - INFO - 拡張ラベル期間: 0～12ヶ月
2025-12-18 15:56:54,811 - INFO - プロジェクト: 全プロジェクト
2025-12-18 15:56:54,811 - INFO - ラベル定義: この期間で承諾=1、この期間で拒否=0、依頼なし→拡張期間チェック、訓練時は拡張期間にも依頼なしで除外
2025-12-18 15:56:54,811 - INFO - データリーク防止: 訓練期間内でラベル計算
2025-12-18 15:56:54,811 - INFO - ================================================================================
2025-12-18 15:56:54,811 - INFO - 特徴量計算期間（訓練全体）: 2021-07-01 00:00:00 ～ 2021-10-01 00:00:00
2025-12-18 15:56:54,811 - INFO - 全体ラベル期間（train_end時点から）: 2021-10-01 00:00:00 ～ 2023-10-01 00:00:00
2025-12-18 15:56:54,812 - INFO - 特徴量計算期間内のレビュアー数: 73
2025-12-18 15:56:54,951 - INFO - ================================================================================
2025-12-18 15:56:54,951 - INFO - 軌跡抽出完了: 67サンプル（レビュアー）
2025-12-18 15:56:54,951 - INFO -   スキップ（最小依頼数未満）: 0
2025-12-18 15:56:54,951 - INFO -   スキップ（訓練期間末尾まで依頼なし）: 6
2025-12-18 15:56:54,951 - INFO -   正例（この期間で承諾あり）: 57 (85.1%)
2025-12-18 15:56:54,951 - INFO -   負例（この期間で承諾なし）: 10 (14.9%)
2025-12-18 15:56:54,951 - INFO -     - 依頼あり→拒否（重み=1.0）: 10
2025-12-18 15:56:54,951 - INFO -   総ステップ数: 134
2025-12-18 15:56:54,951 - INFO -   継続ステップ率: 44.8% (60/134)
2025-12-18 15:56:54,951 - INFO - ================================================================================
/Users/kazuki-h/research/multiproject_research/.venv/lib/python3.13/site-packages/torch/nn/modules/rnn.py:123: UserWarning: dropout option adds dropout after all but last recurrent layer, so non-zero dropout expects num_layers greater than 1, but got dropout=0.2 and num_layers=1
  warnings.warn(
2025-12-18 15:56:54,952 - INFO - 継続予測IRLシステムを初期化しました
2025-12-18 15:56:54,952 - INFO - 訓練データ正例率: 85.1% (57/67)
2025-12-18 15:56:54,952 - INFO - Focal Loss パラメータ更新: alpha=0.400, gamma=1.000
2025-12-18 15:56:54,952 - INFO - 正例率 85.1% に基づき自動調整: バランス重視（正例率≥60%・軽い正例優先)
2025-12-18 15:56:54,952 - INFO - IRLモデルを訓練...
2025-12-18 15:56:54,952 - INFO - ============================================================
2025-12-18 15:56:54,952 - INFO - 時系列IRL訓練開始
2025-12-18 15:56:54,952 - INFO - 軌跡数: 67
2025-12-18 15:56:54,952 - INFO - エポック数: 20
2025-12-18 15:56:54,952 - INFO - ============================================================
2025-12-18 15:56:55,042 - INFO - エポック 0: 平均損失 = 1.2164
2025-12-18 15:56:55,943 - INFO - エポック 10: 平均損失 = 1.1450
2025-12-18 15:56:56,741 - INFO - 時系列IRL訓練完了
2025-12-18 15:56:56,741 - INFO - 訓練データ上で最適閾値を決定...
2025-12-18 15:56:56,768 - INFO - 最適閾値: 0.1163
2025-12-18 15:56:56,768 - INFO - 訓練データ性能: Precision=0.851, Recall=1.000, F1=0.919
2025-12-18 15:56:56,769 - INFO - モデルを保存: outputs/qt_50projects_irl/train_6-9m/irl_model.pt
2025-12-18 15:56:56,769 - INFO - 最適閾値を保存: outputs/qt_50projects_irl/train_6-9m/optimal_threshold.json
2025-12-18 15:56:56,769 - INFO - 評価用軌跡を抽出...
2025-12-18 15:56:56,769 - INFO - ================================================================================
2025-12-18 15:56:56,769 - INFO - 評価用軌跡抽出を開始（スナップショット特徴量用）
2025-12-18 15:56:56,769 - INFO - Cutoff日: 2021-10-01 00:00:00
2025-12-18 15:56:56,769 - INFO - 履歴ウィンドウ: 3ヶ月
2025-12-18 15:56:56,769 - INFO - 将来窓: 21～24ヶ月
2025-12-18 15:56:56,769 - INFO - 拡張ラベル期間: 21～12ヶ月
2025-12-18 15:56:56,769 - INFO - プロジェクト: 全プロジェクト
2025-12-18 15:56:56,769 - INFO - 継続判定: この期間で承諾=1、この期間で拒否=0、依頼なし→拡張期間チェック、評価時は拡張期間にも依頼なしで除外（予測の母集団に入れない）
2025-12-18 15:56:56,769 - INFO - ================================================================================
2025-12-18 15:56:56,769 - INFO - 履歴期間: 2021-07-01 00:00:00 ～ 2021-10-01 00:00:00
2025-12-18 15:56:56,769 - INFO - 評価期間: 2023-07-01 00:00:00 ～ 2023-10-01 00:00:00
2025-12-18 15:56:56,770 - INFO - 履歴期間内のレビュアー数: 73
2025-12-18 15:56:56,817 - INFO - ================================================================================
2025-12-18 15:56:56,817 - INFO - 評価用軌跡抽出完了: 38サンプル
2025-12-18 15:56:56,817 - INFO -   スキップ（最小依頼数未満）: 0
2025-12-18 15:56:56,817 - INFO -   スキップ（訓練期間末尾まで依頼なし）: 35
2025-12-18 15:56:56,817 - INFO -   正例（この期間で承諾あり）: 29 (76.3%)
2025-12-18 15:56:56,817 - INFO -   負例（この期間で承諾なし）: 9 (23.7%)
2025-12-18 15:56:56,817 - INFO -     - 依頼あり→拒否（重み=1.0）: 9
2025-12-18 15:56:56,817 - INFO - ================================================================================
2025-12-18 15:56:56,817 - INFO - 予測を実行...
2025-12-18 15:56:56,835 - INFO - ================================================================================
2025-12-18 15:56:56,835 - INFO - 評価結果 (6-9m → 6-9m):
2025-12-18 15:56:56,836 - INFO -   AUC-ROC: 0.5632
2025-12-18 15:56:56,836 - INFO -   AUC-PR: 0.8488
2025-12-18 15:56:56,836 - INFO -   Precision: 0.7632
2025-12-18 15:56:56,836 - INFO -   Recall: 1.0000
2025-12-18 15:56:56,836 - INFO -   F1 Score: 0.8657
2025-12-18 15:56:56,836 - INFO - ================================================================================
2025-12-18 15:56:56,836 - INFO - 結果を保存: outputs/qt_50projects_irl/train_6-9m/eval_6-9m
2025-12-18 15:56:56,837 - INFO - 
【9/10】パターン実行中...
2025-12-18 15:56:56,837 - INFO - ================================================================================
2025-12-18 15:56:56,837 - INFO - パターン: 6-9m → 9-12m
2025-12-18 15:56:56,837 - INFO - 訓練期間: 2021-07-01 00:00:00 ～ 2021-10-01 00:00:00
2025-12-18 15:56:56,837 - INFO - 評価期間: 2023-10-01 00:00:00 ～ 2024-01-01 00:00:00
2025-12-18 15:56:56,837 - INFO - ================================================================================
2025-12-18 15:56:56,837 - INFO - レビュー依頼データを読み込み: data/qt_50proj_2021_2024_feat.csv
2025-12-18 15:56:56,849 - INFO - 総レビュー依頼数: 3121
2025-12-18 15:56:56,849 - INFO - 承諾数: 1366 (43.8%)
2025-12-18 15:56:56,849 - INFO - 拒否数: 1755 (56.2%)
2025-12-18 15:56:56,849 - INFO - 将来窓設定: 0～27ヶ月
2025-12-18 15:56:56,849 - INFO - 訓練用軌跡を抽出...
2025-12-18 15:56:56,849 - INFO - ================================================================================
2025-12-18 15:56:56,849 - INFO - レビュー承諾予測用軌跡抽出を開始（データリークなし版）
2025-12-18 15:56:56,849 - INFO - 訓練期間全体: 2021-07-01 00:00:00 ～ 2021-10-01 00:00:00
2025-12-18 15:56:56,849 - INFO - 将来窓: 0～27ヶ月
2025-12-18 15:56:56,849 - INFO - 拡張ラベル期間: 0～12ヶ月
2025-12-18 15:56:56,849 - INFO - プロジェクト: 全プロジェクト
2025-12-18 15:56:56,849 - INFO - ラベル定義: この期間で承諾=1、この期間で拒否=0、依頼なし→拡張期間チェック、訓練時は拡張期間にも依頼なしで除外
2025-12-18 15:56:56,849 - INFO - データリーク防止: 訓練期間内でラベル計算
2025-12-18 15:56:56,849 - INFO - ================================================================================
2025-12-18 15:56:56,849 - INFO - 特徴量計算期間（訓練全体）: 2021-07-01 00:00:00 ～ 2021-10-01 00:00:00
2025-12-18 15:56:56,849 - INFO - 全体ラベル期間（train_end時点から）: 2021-10-01 00:00:00 ～ 2024-01-01 00:00:00
2025-12-18 15:56:56,850 - INFO - 特徴量計算期間内のレビュアー数: 73
2025-12-18 15:56:56,987 - INFO - ================================================================================
2025-12-18 15:56:56,987 - INFO - 軌跡抽出完了: 68サンプル（レビュアー）
2025-12-18 15:56:56,987 - INFO -   スキップ（最小依頼数未満）: 0
2025-12-18 15:56:56,987 - INFO -   スキップ（訓練期間末尾まで依頼なし）: 5
2025-12-18 15:56:56,987 - INFO -   正例（この期間で承諾あり）: 58 (85.3%)
2025-12-18 15:56:56,987 - INFO -   負例（この期間で承諾なし）: 10 (14.7%)
2025-12-18 15:56:56,987 - INFO -     - 依頼あり→拒否（重み=1.0）: 10
2025-12-18 15:56:56,987 - INFO -   総ステップ数: 136
2025-12-18 15:56:56,987 - INFO -   継続ステップ率: 44.1% (60/136)
2025-12-18 15:56:56,988 - INFO - ================================================================================
/Users/kazuki-h/research/multiproject_research/.venv/lib/python3.13/site-packages/torch/nn/modules/rnn.py:123: UserWarning: dropout option adds dropout after all but last recurrent layer, so non-zero dropout expects num_layers greater than 1, but got dropout=0.2 and num_layers=1
  warnings.warn(
2025-12-18 15:56:56,988 - INFO - 継続予測IRLシステムを初期化しました
2025-12-18 15:56:56,988 - INFO - 訓練データ正例率: 85.3% (58/68)
2025-12-18 15:56:56,988 - INFO - Focal Loss パラメータ更新: alpha=0.400, gamma=1.000
2025-12-18 15:56:56,988 - INFO - 正例率 85.3% に基づき自動調整: バランス重視（正例率≥60%・軽い正例優先)
2025-12-18 15:56:56,988 - INFO - IRLモデルを訓練...
2025-12-18 15:56:56,988 - INFO - ============================================================
2025-12-18 15:56:56,988 - INFO - 時系列IRL訓練開始
2025-12-18 15:56:56,988 - INFO - 軌跡数: 68
2025-12-18 15:56:56,988 - INFO - エポック数: 20
2025-12-18 15:56:56,988 - INFO - ============================================================
2025-12-18 15:56:57,079 - INFO - エポック 0: 平均損失 = 1.1628
2025-12-18 15:56:57,970 - INFO - エポック 10: 平均損失 = 1.1314
2025-12-18 15:56:58,756 - INFO - 時系列IRL訓練完了
2025-12-18 15:56:58,756 - INFO - 訓練データ上で最適閾値を決定...
2025-12-18 15:56:58,782 - INFO - 最適閾値: 0.1529
2025-12-18 15:56:58,782 - INFO - 訓練データ性能: Precision=0.853, Recall=1.000, F1=0.921
2025-12-18 15:56:58,784 - INFO - モデルを保存: outputs/qt_50projects_irl/train_6-9m/irl_model.pt
2025-12-18 15:56:58,784 - INFO - 最適閾値を保存: outputs/qt_50projects_irl/train_6-9m/optimal_threshold.json
2025-12-18 15:56:58,784 - INFO - 評価用軌跡を抽出...
2025-12-18 15:56:58,784 - INFO - ================================================================================
2025-12-18 15:56:58,784 - INFO - 評価用軌跡抽出を開始（スナップショット特徴量用）
2025-12-18 15:56:58,784 - INFO - Cutoff日: 2021-10-01 00:00:00
2025-12-18 15:56:58,784 - INFO - 履歴ウィンドウ: 3ヶ月
2025-12-18 15:56:58,784 - INFO - 将来窓: 24～27ヶ月
2025-12-18 15:56:58,784 - INFO - 拡張ラベル期間: 24～12ヶ月
2025-12-18 15:56:58,784 - INFO - プロジェクト: 全プロジェクト
2025-12-18 15:56:58,784 - INFO - 継続判定: この期間で承諾=1、この期間で拒否=0、依頼なし→拡張期間チェック、評価時は拡張期間にも依頼なしで除外（予測の母集団に入れない）
2025-12-18 15:56:58,784 - INFO - ================================================================================
2025-12-18 15:56:58,784 - INFO - 履歴期間: 2021-07-01 00:00:00 ～ 2021-10-01 00:00:00
2025-12-18 15:56:58,784 - INFO - 評価期間: 2023-10-01 00:00:00 ～ 2024-01-01 00:00:00
2025-12-18 15:56:58,785 - INFO - 履歴期間内のレビュアー数: 73
2025-12-18 15:56:58,832 - INFO - ================================================================================
2025-12-18 15:56:58,832 - INFO - 評価用軌跡抽出完了: 39サンプル
2025-12-18 15:56:58,832 - INFO -   スキップ（最小依頼数未満）: 0
2025-12-18 15:56:58,832 - INFO -   スキップ（訓練期間末尾まで依頼なし）: 34
2025-12-18 15:56:58,832 - INFO -   正例（この期間で承諾あり）: 31 (79.5%)
2025-12-18 15:56:58,832 - INFO -   負例（この期間で承諾なし）: 8 (20.5%)
2025-12-18 15:56:58,832 - INFO -     - 依頼あり→拒否（重み=1.0）: 8
2025-12-18 15:56:58,832 - INFO - ================================================================================
2025-12-18 15:56:58,832 - INFO - 予測を実行...
2025-12-18 15:56:58,851 - INFO - ================================================================================
2025-12-18 15:56:58,852 - INFO - 評価結果 (6-9m → 9-12m):
2025-12-18 15:56:58,852 - INFO -   AUC-ROC: 0.6210
2025-12-18 15:56:58,852 - INFO -   AUC-PR: 0.8764
2025-12-18 15:56:58,852 - INFO -   Precision: 0.7949
2025-12-18 15:56:58,852 - INFO -   Recall: 1.0000
2025-12-18 15:56:58,852 - INFO -   F1 Score: 0.8857
2025-12-18 15:56:58,852 - INFO - ================================================================================
2025-12-18 15:56:58,853 - INFO - 結果を保存: outputs/qt_50projects_irl/train_6-9m/eval_9-12m
2025-12-18 15:56:58,853 - INFO - 
【10/10】パターン実行中...
2025-12-18 15:56:58,853 - INFO - ================================================================================
2025-12-18 15:56:58,853 - INFO - パターン: 9-12m → 9-12m
2025-12-18 15:56:58,853 - INFO - 訓練期間: 2021-10-01 00:00:00 ～ 2022-01-01 00:00:00
2025-12-18 15:56:58,853 - INFO - 評価期間: 2023-10-01 00:00:00 ～ 2024-01-01 00:00:00
2025-12-18 15:56:58,853 - INFO - ================================================================================
2025-12-18 15:56:58,853 - INFO - レビュー依頼データを読み込み: data/qt_50proj_2021_2024_feat.csv
2025-12-18 15:56:58,866 - INFO - 総レビュー依頼数: 3121
2025-12-18 15:56:58,866 - INFO - 承諾数: 1366 (43.8%)
2025-12-18 15:56:58,866 - INFO - 拒否数: 1755 (56.2%)
2025-12-18 15:56:58,866 - INFO - 将来窓設定: 0～24ヶ月
2025-12-18 15:56:58,866 - INFO - 訓練用軌跡を抽出...
2025-12-18 15:56:58,866 - INFO - ================================================================================
2025-12-18 15:56:58,866 - INFO - レビュー承諾予測用軌跡抽出を開始（データリークなし版）
2025-12-18 15:56:58,866 - INFO - 訓練期間全体: 2021-10-01 00:00:00 ～ 2022-01-01 00:00:00
2025-12-18 15:56:58,866 - INFO - 将来窓: 0～24ヶ月
2025-12-18 15:56:58,866 - INFO - 拡張ラベル期間: 0～12ヶ月
2025-12-18 15:56:58,866 - INFO - プロジェクト: 全プロジェクト
2025-12-18 15:56:58,866 - INFO - ラベル定義: この期間で承諾=1、この期間で拒否=0、依頼なし→拡張期間チェック、訓練時は拡張期間にも依頼なしで除外
2025-12-18 15:56:58,866 - INFO - データリーク防止: 訓練期間内でラベル計算
2025-12-18 15:56:58,866 - INFO - ================================================================================
2025-12-18 15:56:58,866 - INFO - 特徴量計算期間（訓練全体）: 2021-10-01 00:00:00 ～ 2022-01-01 00:00:00
2025-12-18 15:56:58,866 - INFO - 全体ラベル期間（train_end時点から）: 2022-01-01 00:00:00 ～ 2024-01-01 00:00:00
2025-12-18 15:56:58,867 - INFO - 特徴量計算期間内のレビュアー数: 84
2025-12-18 15:56:59,013 - INFO - ================================================================================
2025-12-18 15:56:59,013 - INFO - 軌跡抽出完了: 71サンプル（レビュアー）
2025-12-18 15:56:59,013 - INFO -   スキップ（最小依頼数未満）: 0
2025-12-18 15:56:59,013 - INFO -   スキップ（訓練期間末尾まで依頼なし）: 13
2025-12-18 15:56:59,013 - INFO -   正例（この期間で承諾あり）: 62 (87.3%)
2025-12-18 15:56:59,013 - INFO -   負例（この期間で承諾なし）: 9 (12.7%)
2025-12-18 15:56:59,013 - INFO -     - 依頼あり→拒否（重み=1.0）: 9
2025-12-18 15:56:59,013 - INFO -   総ステップ数: 142
2025-12-18 15:56:59,013 - INFO -   継続ステップ率: 41.5% (59/142)
2025-12-18 15:56:59,013 - INFO - ================================================================================
/Users/kazuki-h/research/multiproject_research/.venv/lib/python3.13/site-packages/torch/nn/modules/rnn.py:123: UserWarning: dropout option adds dropout after all but last recurrent layer, so non-zero dropout expects num_layers greater than 1, but got dropout=0.2 and num_layers=1
  warnings.warn(
2025-12-18 15:56:59,014 - INFO - 継続予測IRLシステムを初期化しました
2025-12-18 15:56:59,014 - INFO - 訓練データ正例率: 87.3% (62/71)
2025-12-18 15:56:59,014 - INFO - Focal Loss パラメータ更新: alpha=0.400, gamma=1.000
2025-12-18 15:56:59,014 - INFO - 正例率 87.3% に基づき自動調整: バランス重視（正例率≥60%・軽い正例優先)
2025-12-18 15:56:59,014 - INFO - IRLモデルを訓練...
2025-12-18 15:56:59,014 - INFO - ============================================================
2025-12-18 15:56:59,014 - INFO - 時系列IRL訓練開始
2025-12-18 15:56:59,014 - INFO - 軌跡数: 71
2025-12-18 15:56:59,014 - INFO - エポック数: 20
2025-12-18 15:56:59,014 - INFO - ============================================================
2025-12-18 15:56:59,110 - INFO - エポック 0: 平均損失 = 1.2055
2025-12-18 15:57:00,034 - INFO - エポック 10: 平均損失 = 1.0859
2025-12-18 15:57:00,860 - INFO - 時系列IRL訓練完了
2025-12-18 15:57:00,860 - INFO - 訓練データ上で最適閾値を決定...
2025-12-18 15:57:00,889 - INFO - 最適閾値: 0.0600
2025-12-18 15:57:00,889 - INFO - 訓練データ性能: Precision=0.873, Recall=1.000, F1=0.932
2025-12-18 15:57:00,890 - INFO - モデルを保存: outputs/qt_50projects_irl/train_9-12m/irl_model.pt
2025-12-18 15:57:00,890 - INFO - 最適閾値を保存: outputs/qt_50projects_irl/train_9-12m/optimal_threshold.json
2025-12-18 15:57:00,890 - INFO - 評価用軌跡を抽出...
2025-12-18 15:57:00,890 - INFO - ================================================================================
2025-12-18 15:57:00,890 - INFO - 評価用軌跡抽出を開始（スナップショット特徴量用）
2025-12-18 15:57:00,890 - INFO - Cutoff日: 2022-01-01 00:00:00
2025-12-18 15:57:00,890 - INFO - 履歴ウィンドウ: 3ヶ月
2025-12-18 15:57:00,890 - INFO - 将来窓: 21～24ヶ月
2025-12-18 15:57:00,890 - INFO - 拡張ラベル期間: 21～12ヶ月
2025-12-18 15:57:00,890 - INFO - プロジェクト: 全プロジェクト
2025-12-18 15:57:00,890 - INFO - 継続判定: この期間で承諾=1、この期間で拒否=0、依頼なし→拡張期間チェック、評価時は拡張期間にも依頼なしで除外（予測の母集団に入れない）
2025-12-18 15:57:00,890 - INFO - ================================================================================
2025-12-18 15:57:00,890 - INFO - 履歴期間: 2021-10-01 00:00:00 ～ 2022-01-01 00:00:00
2025-12-18 15:57:00,890 - INFO - 評価期間: 2023-10-01 00:00:00 ～ 2024-01-01 00:00:00
2025-12-18 15:57:00,891 - INFO - 履歴期間内のレビュアー数: 84
2025-12-18 15:57:00,944 - INFO - ================================================================================
2025-12-18 15:57:00,945 - INFO - 評価用軌跡抽出完了: 42サンプル
2025-12-18 15:57:00,945 - INFO -   スキップ（最小依頼数未満）: 0
2025-12-18 15:57:00,945 - INFO -   スキップ（訓練期間末尾まで依頼なし）: 42
2025-12-18 15:57:00,945 - INFO -   正例（この期間で承諾あり）: 29 (69.0%)
2025-12-18 15:57:00,945 - INFO -   負例（この期間で承諾なし）: 13 (31.0%)
2025-12-18 15:57:00,945 - INFO -     - 依頼あり→拒否（重み=1.0）: 13
2025-12-18 15:57:00,945 - INFO - ================================================================================
2025-12-18 15:57:00,945 - INFO - 予測を実行...
2025-12-18 15:57:00,967 - INFO - ================================================================================
2025-12-18 15:57:00,967 - INFO - 評価結果 (9-12m → 9-12m):
2025-12-18 15:57:00,967 - INFO -   AUC-ROC: 0.2745
2025-12-18 15:57:00,967 - INFO -   AUC-PR: 0.5574
2025-12-18 15:57:00,967 - INFO -   Precision: 0.6905
2025-12-18 15:57:00,967 - INFO -   Recall: 1.0000
2025-12-18 15:57:00,967 - INFO -   F1 Score: 0.8169
2025-12-18 15:57:00,967 - INFO - ================================================================================
2025-12-18 15:57:00,968 - INFO - 結果を保存: outputs/qt_50projects_irl/train_9-12m/eval_9-12m
2025-12-18 15:57:00,968 - INFO - ================================================================================
2025-12-18 15:57:00,968 - INFO - メトリクスマトリクスを作成中...
2025-12-18 15:57:00,968 - INFO - ================================================================================
2025-12-18 15:57:00,970 - INFO - 保存: outputs/qt_50projects_irl/matrix_AUC_ROC.csv
2025-12-18 15:57:00,972 - INFO - 
           0-3m      3-6m      6-9m     9-12m
0-3m   0.561966  0.625397  0.462222  0.574713
3-6m        NaN  0.332386  0.378788  0.458974
6-9m        NaN       NaN  0.563218  0.620968
9-12m       NaN       NaN       NaN  0.274536
2025-12-18 15:57:00,972 - INFO - 保存: outputs/qt_50projects_irl/matrix_AUC_PR.csv
2025-12-18 15:57:00,973 - INFO - 
           0-3m      3-6m      6-9m     9-12m
0-3m   0.675128  0.657663  0.710033  0.818606
3-6m        NaN  0.500211  0.676665  0.717364
6-9m        NaN       NaN  0.848788  0.876439
9-12m       NaN       NaN       NaN  0.557445
2025-12-18 15:57:00,973 - INFO - 保存: outputs/qt_50projects_irl/matrix_PRECISION.csv
2025-12-18 15:57:00,974 - INFO - 
           0-3m      3-6m      6-9m     9-12m
0-3m   0.590909  0.583333  0.735294  0.763158
3-6m        NaN  0.578947  0.731707  0.697674
6-9m        NaN       NaN  0.763158  0.794872
9-12m       NaN       NaN       NaN  0.690476
2025-12-18 15:57:00,975 - INFO - 保存: outputs/qt_50projects_irl/matrix_RECALL.csv
2025-12-18 15:57:00,976 - INFO - 
       0-3m  3-6m  6-9m  9-12m
0-3m    1.0   1.0   1.0    1.0
3-6m    NaN   1.0   1.0    1.0
6-9m    NaN   NaN   1.0    1.0
9-12m   NaN   NaN   NaN    1.0
2025-12-18 15:57:00,976 - INFO - 保存: outputs/qt_50projects_irl/matrix_f1_score.csv
2025-12-18 15:57:00,977 - INFO - 
           0-3m      3-6m      6-9m     9-12m
0-3m   0.742857  0.736842  0.847458  0.865672
3-6m        NaN  0.733333  0.845070  0.821918
6-9m        NaN       NaN  0.865672  0.885714
9-12m       NaN       NaN       NaN  0.816901
2025-12-18 15:57:00,977 - INFO - ================================================================================
2025-12-18 15:57:00,977 - INFO - マトリクス作成完了
2025-12-18 15:57:00,977 - INFO - ================================================================================
2025-12-18 15:57:00,977 - INFO - ================================================================================
2025-12-18 15:57:00,977 - INFO - 全パターンの訓練・評価が完了しました
2025-12-18 15:57:00,977 - INFO - 結果: outputs/qt_50projects_irl
2025-12-18 15:57:00,977 - INFO - ================================================================================
