==========================================
Qt 50プロジェクトデータ収集
==========================================

対象プロジェクト数: 50

期間: 2021-01-01 ～ 2024-01-01
出力: data/qt_50proj_2021_2024.csv

プロジェクトリスト（先頭10件）:
  qt/qtbase
  qt/qtdeclarative
  qt/qtdeclarative-render2d
  qt/qtquick1
  qt/qtquick3d
  qt/qtwebengine
  qt/qtwebengine-chromium
  qt/qtmultimedia
  qt/qttools
  qt/qttools-litehtml

データ収集を開始...

2025-12-18 16:01:58,370 - INFO - ============================================================
2025-12-18 16:01:58,370 - INFO - データセット構築パイプライン
2025-12-18 16:01:58,370 - INFO - ============================================================
2025-12-18 16:01:58,370 - INFO - Gerrit URL: https://codereview.qt-project.org
2025-12-18 16:01:58,370 - INFO - Projects: ['qt/qtbase', 'qt/qtdeclarative', 'qt/qtdeclarative-render2d', 'qt/qtquick1', 'qt/qtquick3d', 'qt/qtwebengine', 'qt/qtwebengine-chromium', 'qt/qtmultimedia', 'qt/qttools', 'qt/qttools-litehtml', 'qt/qt3d', 'qt/qtwebsockets', 'qt/qtserialport', 'qt/qtscript', 'qt/qtsvg', 'qt/qtlocation', 'qt/qtlocation-mapboxgl', 'qt/qtconnectivity', 'qt/qtsensors', 'qt/qtwayland', 'qt/qtcharts', 'qt/qtdatavis3d', 'qt/qtnetworkauth', 'qt/qtxmlpatterns', 'qt/qtxmlpatterns-testsuites', 'qt/qlalr', 'qt/qmake2cmake', 'qt/qt-conan-common', 'qt/qt-conan-config', 'qt/qt5', 'qt/qt5compat', 'qt/qtactiveqt', 'qt/qtanalytics', 'qt/qtandroidextras', 'qt/qtapplicationmanager', 'qt/qtcanvas3d', 'qt/qtcanvaspainter', 'qt/qtcloudmessaging', 'qt/qtcoap', 'qt/qtdeclarative-testsuites', 'qt/qtdesignviewer', 'qt/qtdeviceutilities', 'qt/qtdltlogging', 'qt/qtdoc', 'qt/qtdocgallery', 'qt/qtenginio', 'qt/qtfeedback', 'qt/qtftp', 'qt/qtgamepad', 'qt/qtgraphicaleffects']
2025-12-18 16:01:58,370 - INFO - Period: 2021-01-01 to 2024-01-01
2025-12-18 16:01:58,370 - INFO - Response window: 14 days
2025-12-18 16:01:58,370 - INFO - Output: data/qt_50proj_2021_2024.csv
2025-12-18 16:01:58,370 - INFO - ============================================================
2025-12-18 16:01:58,371 - INFO - 
Fetching data for qt/qtbase...
2025-12-18 16:01:58,371 - INFO - Fetching changes for qt/qtbase from 2021-01-01 to 2024-01-01
2025-12-18 16:01:59,815 - INFO -   Fetched 10 changes so far...
2025-12-18 16:02:00,369 - INFO -   Fetched 20 changes so far...
2025-12-18 16:02:00,927 - INFO -   Fetched 30 changes so far...
2025-12-18 16:02:01,494 - INFO -   Fetched 40 changes so far...
2025-12-18 16:02:02,453 - INFO -   Fetched 50 changes so far...
2025-12-18 16:02:03,259 - INFO -   Fetched 60 changes so far...
2025-12-18 16:02:04,033 - INFO -   Fetched 70 changes so far...
2025-12-18 16:02:04,824 - INFO -   Fetched 80 changes so far...
2025-12-18 16:02:05,934 - INFO -   Fetched 90 changes so far...
2025-12-18 16:02:06,831 - INFO -   Fetched 100 changes so far...
2025-12-18 16:02:08,046 - INFO -   Fetched 110 changes so far...
2025-12-18 16:02:09,633 - INFO -   Fetched 120 changes so far...
2025-12-18 16:02:10,660 - INFO -   Fetched 130 changes so far...
2025-12-18 16:02:12,278 - INFO -   Fetched 140 changes so far...
2025-12-18 16:02:13,722 - INFO -   Fetched 150 changes so far...
2025-12-18 16:02:15,342 - INFO -   Fetched 160 changes so far...
2025-12-18 16:02:16,528 - INFO -   Fetched 170 changes so far...
2025-12-18 16:02:18,220 - INFO -   Fetched 180 changes so far...
2025-12-18 16:02:19,835 - INFO -   Fetched 190 changes so far...
2025-12-18 16:02:21,644 - INFO -   Fetched 200 changes so far...
2025-12-18 16:02:23,370 - INFO -   Fetched 210 changes so far...
2025-12-18 16:02:25,313 - INFO -   Fetched 220 changes so far...
2025-12-18 16:02:27,138 - INFO -   Fetched 230 changes so far...
2025-12-18 16:02:29,119 - INFO -   Fetched 240 changes so far...
2025-12-18 16:02:31,262 - INFO -   Fetched 250 changes so far...
2025-12-18 16:02:36,146 - INFO -   Fetched 260 changes so far...
2025-12-18 16:02:38,186 - INFO -   Fetched 270 changes so far...
2025-12-18 16:02:40,571 - INFO -   Fetched 280 changes so far...
2025-12-18 16:02:42,382 - INFO -   Fetched 290 changes so far...
2025-12-18 16:02:44,857 - INFO -   Fetched 300 changes so far...
2025-12-18 16:02:47,085 - INFO -   Fetched 310 changes so far...
2025-12-18 16:02:49,348 - INFO -   Fetched 320 changes so far...
2025-12-18 16:02:51,496 - INFO -   Fetched 330 changes so far...
2025-12-18 16:02:54,103 - INFO -   Fetched 340 changes so far...
2025-12-18 16:02:56,422 - INFO -   Fetched 350 changes so far...
2025-12-18 16:02:58,754 - INFO -   Fetched 360 changes so far...
2025-12-18 16:03:01,066 - INFO -   Fetched 370 changes so far...
2025-12-18 16:03:03,472 - INFO -   Fetched 380 changes so far...
2025-12-18 16:03:06,435 - INFO -   Fetched 390 changes so far...
2025-12-18 16:03:08,366 - INFO -   Fetched 400 changes so far...
2025-12-18 16:03:10,341 - INFO -   Fetched 410 changes so far...
2025-12-18 16:03:12,831 - INFO -   Fetched 420 changes so far...
2025-12-18 16:03:15,013 - INFO -   Fetched 430 changes so far...
2025-12-18 16:03:17,248 - INFO -   Fetched 440 changes so far...
2025-12-18 16:03:19,546 - INFO -   Fetched 450 changes so far...
2025-12-18 16:03:21,802 - INFO -   Fetched 460 changes so far...
2025-12-18 16:03:24,005 - INFO -   Fetched 470 changes so far...
2025-12-18 16:03:26,274 - INFO -   Fetched 480 changes so far...
2025-12-18 16:03:28,656 - INFO -   Fetched 490 changes so far...
2025-12-18 16:03:30,862 - INFO -   Fetched 500 changes so far...
2025-12-18 16:03:32,810 - INFO -   Fetched 510 changes so far...
2025-12-18 16:03:35,143 - INFO -   Fetched 520 changes so far...
2025-12-18 16:03:37,674 - INFO -   Fetched 530 changes so far...
2025-12-18 16:03:39,895 - INFO -   Fetched 540 changes so far...
2025-12-18 16:03:42,210 - INFO -   Fetched 550 changes so far...
2025-12-18 16:03:44,649 - INFO -   Fetched 560 changes so far...
2025-12-18 16:03:46,945 - INFO -   Fetched 570 changes so far...
2025-12-18 16:03:49,248 - INFO -   Fetched 580 changes so far...
2025-12-18 16:03:51,598 - INFO -   Fetched 590 changes so far...
2025-12-18 16:03:53,627 - INFO -   Fetched 600 changes so far...
2025-12-18 16:03:56,328 - INFO -   Fetched 610 changes so far...
2025-12-18 16:03:58,197 - INFO - Total changes fetched: 610
2025-12-18 16:03:58,197 - INFO - 
Fetching data for qt/qtdeclarative...
2025-12-18 16:03:58,197 - INFO - Fetching changes for qt/qtdeclarative from 2021-01-01 to 2024-01-01
2025-12-18 16:03:58,870 - INFO -   Fetched 10 changes so far...
2025-12-18 16:03:59,349 - INFO -   Fetched 20 changes so far...
2025-12-18 16:03:59,864 - INFO -   Fetched 30 changes so far...
2025-12-18 16:04:00,987 - INFO -   Fetched 40 changes so far...
2025-12-18 16:04:01,661 - INFO -   Fetched 50 changes so far...
2025-12-18 16:04:02,302 - INFO -   Fetched 60 changes so far...
2025-12-18 16:04:03,265 - INFO -   Fetched 70 changes so far...
2025-12-18 16:04:04,042 - INFO -   Fetched 80 changes so far...
2025-12-18 16:04:05,169 - INFO -   Fetched 90 changes so far...
2025-12-18 16:04:05,992 - INFO -   Fetched 100 changes so far...
2025-12-18 16:04:06,873 - INFO -   Fetched 110 changes so far...
2025-12-18 16:04:12,506 - INFO -   Fetched 120 changes so far...
2025-12-18 16:04:13,560 - INFO -   Fetched 130 changes so far...
2025-12-18 16:04:15,006 - INFO -   Fetched 140 changes so far...
2025-12-18 16:04:16,067 - INFO -   Fetched 150 changes so far...
2025-12-18 16:04:17,161 - INFO -   Fetched 160 changes so far...
2025-12-18 16:04:18,629 - INFO -   Fetched 170 changes so far...
2025-12-18 16:04:20,090 - INFO -   Fetched 180 changes so far...
2025-12-18 16:04:21,905 - INFO -   Fetched 190 changes so far...
2025-12-18 16:04:23,300 - INFO -   Fetched 200 changes so far...
2025-12-18 16:04:24,653 - INFO -   Fetched 210 changes so far...
2025-12-18 16:04:26,392 - INFO -   Fetched 220 changes so far...
2025-12-18 16:04:27,800 - INFO -   Fetched 230 changes so far...
2025-12-18 16:04:28,899 - INFO -   Fetched 240 changes so far...
2025-12-18 16:04:30,368 - INFO -   Fetched 250 changes so far...
2025-12-18 16:04:31,838 - INFO -   Fetched 260 changes so far...
2025-12-18 16:04:33,299 - INFO -   Fetched 270 changes so far...
2025-12-18 16:04:34,395 - INFO -   Fetched 280 changes so far...
2025-12-18 16:04:35,538 - INFO -   Fetched 290 changes so far...
2025-12-18 16:04:36,670 - INFO - Total changes fetched: 290
2025-12-18 16:04:36,670 - INFO - 
Fetching data for qt/qtdeclarative-render2d...
2025-12-18 16:04:36,670 - INFO - Fetching changes for qt/qtdeclarative-render2d from 2021-01-01 to 2024-01-01
2025-12-18 16:04:37,064 - INFO - Total changes fetched: 0
2025-12-18 16:04:37,064 - INFO - 
Fetching data for qt/qtquick1...
2025-12-18 16:04:37,064 - INFO - Fetching changes for qt/qtquick1 from 2021-01-01 to 2024-01-01
2025-12-18 16:04:37,349 - INFO -   Fetched 1 changes so far...
2025-12-18 16:04:37,349 - INFO - Total changes fetched: 1
2025-12-18 16:04:37,349 - INFO - 
Fetching data for qt/qtquick3d...
2025-12-18 16:04:37,349 - INFO - Fetching changes for qt/qtquick3d from 2021-01-01 to 2024-01-01
2025-12-18 16:04:37,801 - INFO -   Fetched 10 changes so far...
2025-12-18 16:04:38,269 - INFO -   Fetched 20 changes so far...
2025-12-18 16:04:38,708 - INFO -   Fetched 30 changes so far...
2025-12-18 16:04:39,519 - INFO -   Fetched 40 changes so far...
2025-12-18 16:04:40,553 - INFO -   Fetched 50 changes so far...
2025-12-18 16:04:41,138 - INFO -   Fetched 60 changes so far...
2025-12-18 16:04:41,772 - INFO -   Fetched 70 changes so far...
2025-12-18 16:04:42,608 - INFO -   Fetched 80 changes so far...
2025-12-18 16:04:43,181 - INFO -   Fetched 90 changes so far...
2025-12-18 16:04:43,718 - INFO -   Fetched 100 changes so far...
2025-12-18 16:04:44,209 - INFO - Total changes fetched: 100
2025-12-18 16:04:44,209 - INFO - 
Fetching data for qt/qtwebengine...
2025-12-18 16:04:44,209 - INFO - Fetching changes for qt/qtwebengine from 2021-01-01 to 2024-01-01
2025-12-18 16:04:44,588 - INFO -   Fetched 10 changes so far...
2025-12-18 16:04:45,044 - INFO -   Fetched 20 changes so far...
2025-12-18 16:04:45,819 - INFO -   Fetched 30 changes so far...
2025-12-18 16:04:46,310 - INFO -   Fetched 40 changes so far...
2025-12-18 16:04:47,347 - INFO -   Fetched 50 changes so far...
2025-12-18 16:04:47,906 - INFO -   Fetched 60 changes so far...
2025-12-18 16:04:48,484 - INFO -   Fetched 70 changes so far...
2025-12-18 16:04:49,708 - INFO -   Fetched 80 changes so far...
2025-12-18 16:04:50,176 - INFO - Total changes fetched: 80
2025-12-18 16:04:50,176 - INFO - 
Fetching data for qt/qtwebengine-chromium...
2025-12-18 16:04:50,176 - INFO - Fetching changes for qt/qtwebengine-chromium from 2021-01-01 to 2024-01-01
2025-12-18 16:04:50,586 - INFO -   Fetched 10 changes so far...
2025-12-18 16:04:51,060 - INFO -   Fetched 20 changes so far...
2025-12-18 16:04:51,807 - INFO -   Fetched 30 changes so far...
2025-12-18 16:04:52,339 - INFO -   Fetched 40 changes so far...
2025-12-18 16:04:53,374 - INFO -   Fetched 50 changes so far...
2025-12-18 16:04:59,473 - ERROR - API request failed: https://codereview.qt-project.org/changes/ - 500 Server Error: Server Error for url: https://codereview.qt-project.org/changes/?q=project%3Aqt%2Fqtwebengine-chromium+after%3A2021-01-01+before%3A2024-01-01&o=DETAILED_ACCOUNTS&o=DETAILED_LABELS&o=MESSAGES&o=CURRENT_REVISION&o=CURRENT_FILES&n=500&start=2500
2025-12-18 16:04:59,473 - ERROR - Error fetching changes: 500 Server Error: Server Error for url: https://codereview.qt-project.org/changes/?q=project%3Aqt%2Fqtwebengine-chromium+after%3A2021-01-01+before%3A2024-01-01&o=DETAILED_ACCOUNTS&o=DETAILED_LABELS&o=MESSAGES&o=CURRENT_REVISION&o=CURRENT_FILES&n=500&start=2500
2025-12-18 16:04:59,474 - INFO - Total changes fetched: 50
2025-12-18 16:04:59,474 - INFO - 
Fetching data for qt/qtmultimedia...
2025-12-18 16:04:59,474 - INFO - Fetching changes for qt/qtmultimedia from 2021-01-01 to 2024-01-01
2025-12-18 16:05:00,897 - INFO -   Fetched 10 changes so far...
2025-12-18 16:05:01,407 - INFO -   Fetched 20 changes so far...
2025-12-18 16:05:02,485 - INFO -   Fetched 30 changes so far...
2025-12-18 16:05:03,019 - INFO -   Fetched 40 changes so far...
2025-12-18 16:05:03,610 - INFO -   Fetched 50 changes so far...
2025-12-18 16:05:04,608 - INFO -   Fetched 60 changes so far...
2025-12-18 16:05:05,539 - INFO -   Fetched 70 changes so far...
2025-12-18 16:05:06,177 - INFO -   Fetched 80 changes so far...
2025-12-18 16:05:06,803 - INFO -   Fetched 90 changes so far...
2025-12-18 16:05:07,426 - INFO -   Fetched 100 changes so far...
2025-12-18 16:05:08,040 - INFO -   Fetched 110 changes so far...
2025-12-18 16:05:08,598 - INFO - Total changes fetched: 110
2025-12-18 16:05:08,598 - INFO - 
Fetching data for qt/qttools...
2025-12-18 16:05:08,598 - INFO - Fetching changes for qt/qttools from 2021-01-01 to 2024-01-01
2025-12-18 16:05:09,073 - INFO -   Fetched 10 changes so far...
2025-12-18 16:05:09,559 - INFO -   Fetched 20 changes so far...
2025-12-18 16:05:10,370 - INFO -   Fetched 30 changes so far...
2025-12-18 16:05:10,895 - INFO -   Fetched 40 changes so far...
2025-12-18 16:05:11,485 - INFO -   Fetched 50 changes so far...
2025-12-18 16:05:12,066 - INFO -   Fetched 60 changes so far...
2025-12-18 16:05:12,633 - INFO -   Fetched 70 changes so far...
2025-12-18 16:05:13,168 - INFO -   Fetched 80 changes so far...
2025-12-18 16:05:13,654 - INFO - Total changes fetched: 80
2025-12-18 16:05:13,654 - INFO - 
Fetching data for qt/qttools-litehtml...
2025-12-18 16:05:13,654 - INFO - Fetching changes for qt/qttools-litehtml from 2021-01-01 to 2024-01-01
2025-12-18 16:05:14,143 - INFO - Total changes fetched: 0
2025-12-18 16:05:14,143 - INFO - 
Fetching data for qt/qt3d...
2025-12-18 16:05:14,143 - INFO - Fetching changes for qt/qt3d from 2021-01-01 to 2024-01-01
2025-12-18 16:05:14,576 - INFO -   Fetched 10 changes so far...
2025-12-18 16:05:15,037 - INFO -   Fetched 20 changes so far...
2025-12-18 16:05:15,497 - INFO -   Fetched 30 changes so far...
2025-12-18 16:05:15,975 - INFO -   Fetched 40 changes so far...
2025-12-18 16:05:16,348 - INFO - Total changes fetched: 40
2025-12-18 16:05:16,348 - INFO - 
Fetching data for qt/qtwebsockets...
2025-12-18 16:05:16,348 - INFO - Fetching changes for qt/qtwebsockets from 2021-01-01 to 2024-01-01
2025-12-18 16:05:16,721 - INFO -   Fetched 10 changes so far...
2025-12-18 16:05:17,108 - INFO -   Fetched 20 changes so far...
2025-12-18 16:05:17,487 - INFO -   Fetched 30 changes so far...
2025-12-18 16:05:17,824 - INFO - Total changes fetched: 30
2025-12-18 16:05:17,824 - INFO - 
Fetching data for qt/qtserialport...
2025-12-18 16:05:17,824 - INFO - Fetching changes for qt/qtserialport from 2021-01-01 to 2024-01-01
2025-12-18 16:05:18,182 - INFO -   Fetched 10 changes so far...
2025-12-18 16:05:18,581 - INFO -   Fetched 20 changes so far...
2025-12-18 16:05:18,971 - INFO -   Fetched 30 changes so far...
2025-12-18 16:05:19,310 - INFO - Total changes fetched: 30
2025-12-18 16:05:19,310 - INFO - 
Fetching data for qt/qtscript...
2025-12-18 16:05:19,310 - INFO - Fetching changes for qt/qtscript from 2021-01-01 to 2024-01-01
2025-12-18 16:05:19,936 - INFO -   Fetched 10 changes so far...
2025-12-18 16:05:20,223 - INFO - Total changes fetched: 10
2025-12-18 16:05:20,223 - INFO - 
Fetching data for qt/qtsvg...
2025-12-18 16:05:20,223 - INFO - Fetching changes for qt/qtsvg from 2021-01-01 to 2024-01-01
2025-12-18 16:05:23,320 - INFO -   Fetched 10 changes so far...
2025-12-18 16:05:23,730 - INFO -   Fetched 20 changes so far...
2025-12-18 16:05:24,140 - INFO -   Fetched 30 changes so far...
2025-12-18 16:05:24,566 - INFO -   Fetched 40 changes so far...
2025-12-18 16:05:24,938 - INFO - Total changes fetched: 40
2025-12-18 16:05:24,938 - INFO - 
Fetching data for qt/qtlocation...
2025-12-18 16:05:24,938 - INFO - Fetching changes for qt/qtlocation from 2021-01-01 to 2024-01-01
2025-12-18 16:05:25,341 - INFO -   Fetched 10 changes so far...
2025-12-18 16:05:25,754 - INFO -   Fetched 20 changes so far...
2025-12-18 16:05:26,166 - INFO -   Fetched 30 changes so far...
2025-12-18 16:05:26,529 - INFO - Total changes fetched: 30
2025-12-18 16:05:26,529 - INFO - 
Fetching data for qt/qtlocation-mapboxgl...
2025-12-18 16:05:26,529 - INFO - Fetching changes for qt/qtlocation-mapboxgl from 2021-01-01 to 2024-01-01
2025-12-18 16:05:26,841 - INFO -   Fetched 1 changes so far...
2025-12-18 16:05:26,841 - INFO - Total changes fetched: 1
2025-12-18 16:05:26,841 - INFO - 
Fetching data for qt/qtconnectivity...
2025-12-18 16:05:26,841 - INFO - Fetching changes for qt/qtconnectivity from 2021-01-01 to 2024-01-01
2025-12-18 16:05:27,276 - INFO -   Fetched 10 changes so far...
2025-12-18 16:05:27,762 - INFO -   Fetched 20 changes so far...
2025-12-18 16:05:28,211 - INFO -   Fetched 30 changes so far...
2025-12-18 16:05:28,660 - INFO -   Fetched 40 changes so far...
2025-12-18 16:05:29,129 - INFO -   Fetched 50 changes so far...
2025-12-18 16:05:29,526 - INFO - Total changes fetched: 50
2025-12-18 16:05:29,526 - INFO - 
Fetching data for qt/qtsensors...
2025-12-18 16:05:29,526 - INFO - Fetching changes for qt/qtsensors from 2021-01-01 to 2024-01-01
2025-12-18 16:05:29,921 - INFO -   Fetched 10 changes so far...
2025-12-18 16:05:30,329 - INFO -   Fetched 20 changes so far...
2025-12-18 16:05:30,721 - INFO -   Fetched 30 changes so far...
2025-12-18 16:05:31,061 - INFO - Total changes fetched: 30
2025-12-18 16:05:31,061 - INFO - 
Fetching data for qt/qtwayland...
2025-12-18 16:05:31,061 - INFO - Fetching changes for qt/qtwayland from 2021-01-01 to 2024-01-01
2025-12-18 16:05:31,481 - INFO -   Fetched 10 changes so far...
2025-12-18 16:05:31,919 - INFO -   Fetched 20 changes so far...
2025-12-18 16:05:32,396 - INFO -   Fetched 30 changes so far...
2025-12-18 16:05:32,871 - INFO -   Fetched 40 changes so far...
2025-12-18 16:05:33,343 - INFO -   Fetched 50 changes so far...
2025-12-18 16:05:33,745 - INFO - Total changes fetched: 50
2025-12-18 16:05:33,745 - INFO - 
Fetching data for qt/qtcharts...
2025-12-18 16:05:33,745 - INFO - Fetching changes for qt/qtcharts from 2021-01-01 to 2024-01-01
2025-12-18 16:05:34,139 - INFO -   Fetched 10 changes so far...
2025-12-18 16:05:34,546 - INFO -   Fetched 20 changes so far...
2025-12-18 16:05:34,973 - INFO -   Fetched 30 changes so far...
2025-12-18 16:05:35,350 - INFO - Total changes fetched: 30
2025-12-18 16:05:35,350 - INFO - 
Fetching data for qt/qtdatavis3d...
2025-12-18 16:05:35,350 - INFO - Fetching changes for qt/qtdatavis3d from 2021-01-01 to 2024-01-01
2025-12-18 16:05:35,744 - INFO -   Fetched 10 changes so far...
2025-12-18 16:05:36,156 - INFO -   Fetched 20 changes so far...
2025-12-18 16:05:36,686 - INFO -   Fetched 30 changes so far...
2025-12-18 16:05:37,052 - INFO - Total changes fetched: 30
2025-12-18 16:05:37,052 - INFO - 
Fetching data for qt/qtnetworkauth...
2025-12-18 16:05:37,052 - INFO - Fetching changes for qt/qtnetworkauth from 2021-01-01 to 2024-01-01
2025-12-18 16:05:37,420 - INFO -   Fetched 10 changes so far...
2025-12-18 16:05:37,824 - INFO -   Fetched 20 changes so far...
2025-12-18 16:05:38,234 - INFO -   Fetched 30 changes so far...
2025-12-18 16:05:38,617 - INFO - Total changes fetched: 30
2025-12-18 16:05:38,617 - INFO - 
Fetching data for qt/qtxmlpatterns...
2025-12-18 16:05:38,618 - INFO - Fetching changes for qt/qtxmlpatterns from 2021-01-01 to 2024-01-01
2025-12-18 16:05:38,967 - INFO -   Fetched 10 changes so far...
2025-12-18 16:05:39,253 - INFO - Total changes fetched: 10
2025-12-18 16:05:39,253 - INFO - 
Fetching data for qt/qtxmlpatterns-testsuites...
2025-12-18 16:05:39,253 - INFO - Fetching changes for qt/qtxmlpatterns-testsuites from 2021-01-01 to 2024-01-01
2025-12-18 16:05:39,565 - INFO - Total changes fetched: 0
2025-12-18 16:05:39,565 - INFO - 
Fetching data for qt/qlalr...
2025-12-18 16:05:39,565 - INFO - Fetching changes for qt/qlalr from 2021-01-01 to 2024-01-01
2025-12-18 16:05:39,858 - INFO - Total changes fetched: 0
2025-12-18 16:05:39,858 - INFO - 
Fetching data for qt/qmake2cmake...
2025-12-18 16:05:39,858 - INFO - Fetching changes for qt/qmake2cmake from 2021-01-01 to 2024-01-01
2025-12-18 16:05:40,213 - INFO -   Fetched 10 changes so far...
2025-12-18 16:05:40,505 - INFO - Total changes fetched: 10
2025-12-18 16:05:40,505 - INFO - 
Fetching data for qt/qt-conan-common...
2025-12-18 16:05:40,505 - INFO - Fetching changes for qt/qt-conan-common from 2021-01-01 to 2024-01-01
2025-12-18 16:05:40,855 - INFO -   Fetched 10 changes so far...
2025-12-18 16:05:41,143 - INFO - Total changes fetched: 10
2025-12-18 16:05:41,143 - INFO - 
Fetching data for qt/qt-conan-config...
2025-12-18 16:05:41,143 - INFO - Fetching changes for qt/qt-conan-config from 2021-01-01 to 2024-01-01
2025-12-18 16:05:41,485 - INFO -   Fetched 10 changes so far...
2025-12-18 16:05:41,774 - INFO - Total changes fetched: 10
2025-12-18 16:05:41,775 - INFO - 
Fetching data for qt/qt5...
2025-12-18 16:05:41,775 - INFO - Fetching changes for qt/qt5 from 2021-01-01 to 2024-01-01
2025-12-18 16:05:42,232 - INFO -   Fetched 10 changes so far...
2025-12-18 16:05:43,086 - INFO -   Fetched 20 changes so far...
2025-12-18 16:05:44,244 - INFO -   Fetched 30 changes so far...
2025-12-18 16:05:44,821 - INFO -   Fetched 40 changes so far...
2025-12-18 16:05:45,811 - INFO -   Fetched 50 changes so far...
2025-12-18 16:05:46,456 - INFO -   Fetched 60 changes so far...
2025-12-18 16:05:47,343 - INFO -   Fetched 70 changes so far...
2025-12-18 16:05:48,237 - INFO -   Fetched 80 changes so far...
2025-12-18 16:05:48,237 - INFO - Total changes fetched: 80
2025-12-18 16:05:48,237 - INFO - 
Fetching data for qt/qt5compat...
2025-12-18 16:05:48,237 - INFO - Fetching changes for qt/qt5compat from 2021-01-01 to 2024-01-01
2025-12-18 16:05:48,612 - INFO -   Fetched 10 changes so far...
2025-12-18 16:05:49,014 - INFO -   Fetched 20 changes so far...
2025-12-18 16:05:49,407 - INFO -   Fetched 30 changes so far...
2025-12-18 16:05:49,767 - INFO - Total changes fetched: 30
2025-12-18 16:05:49,767 - INFO - 
Fetching data for qt/qtactiveqt...
2025-12-18 16:05:49,767 - INFO - Fetching changes for qt/qtactiveqt from 2021-01-01 to 2024-01-01
2025-12-18 16:05:50,119 - INFO -   Fetched 10 changes so far...
2025-12-18 16:05:50,506 - INFO -   Fetched 20 changes so far...
2025-12-18 16:05:50,902 - INFO -   Fetched 30 changes so far...
2025-12-18 16:05:51,401 - INFO - Total changes fetched: 30
2025-12-18 16:05:51,402 - INFO - 
Fetching data for qt/qtanalytics...
2025-12-18 16:05:51,402 - INFO - Fetching changes for qt/qtanalytics from 2021-01-01 to 2024-01-01
2025-12-18 16:05:51,778 - INFO -   Fetched 1 changes so far...
2025-12-18 16:05:51,778 - INFO - Total changes fetched: 1
2025-12-18 16:05:51,778 - INFO - 
Fetching data for qt/qtandroidextras...
2025-12-18 16:05:51,778 - INFO - Fetching changes for qt/qtandroidextras from 2021-01-01 to 2024-01-01
2025-12-18 16:05:52,213 - INFO -   Fetched 10 changes so far...
2025-12-18 16:05:52,639 - INFO - Total changes fetched: 10
2025-12-18 16:05:52,639 - INFO - 
Fetching data for qt/qtapplicationmanager...
2025-12-18 16:05:52,639 - INFO - Fetching changes for qt/qtapplicationmanager from 2021-01-01 to 2024-01-01
2025-12-18 16:05:53,030 - INFO -   Fetched 10 changes so far...
2025-12-18 16:05:53,441 - INFO -   Fetched 20 changes so far...
2025-12-18 16:05:54,247 - INFO -   Fetched 30 changes so far...
2025-12-18 16:05:54,604 - INFO - Total changes fetched: 30
2025-12-18 16:05:54,604 - INFO - 
Fetching data for qt/qtcanvas3d...
2025-12-18 16:05:54,605 - INFO - Fetching changes for qt/qtcanvas3d from 2021-01-01 to 2024-01-01
2025-12-18 16:05:54,914 - INFO -   Fetched 5 changes so far...
2025-12-18 16:05:54,914 - INFO - Total changes fetched: 5
2025-12-18 16:05:54,914 - INFO - 
Fetching data for qt/qtcanvaspainter...
2025-12-18 16:05:54,914 - INFO - Fetching changes for qt/qtcanvaspainter from 2021-01-01 to 2024-01-01
2025-12-18 16:05:55,202 - INFO - Total changes fetched: 0
2025-12-18 16:05:55,202 - INFO - 
Fetching data for qt/qtcloudmessaging...
2025-12-18 16:05:55,202 - INFO - Fetching changes for qt/qtcloudmessaging from 2021-01-01 to 2024-01-01
2025-12-18 16:05:55,498 - INFO - Total changes fetched: 0
2025-12-18 16:05:55,498 - INFO - 
Fetching data for qt/qtcoap...
2025-12-18 16:05:55,498 - INFO - Fetching changes for qt/qtcoap from 2021-01-01 to 2024-01-01
2025-12-18 16:05:55,864 - INFO -   Fetched 10 changes so far...
2025-12-18 16:05:56,236 - INFO -   Fetched 20 changes so far...
2025-12-18 16:05:56,630 - INFO -   Fetched 30 changes so far...
2025-12-18 16:05:56,977 - INFO - Total changes fetched: 30
2025-12-18 16:05:56,977 - INFO - 
Fetching data for qt/qtdeclarative-testsuites...
2025-12-18 16:05:56,977 - INFO - Fetching changes for qt/qtdeclarative-testsuites from 2021-01-01 to 2024-01-01
2025-12-18 16:05:57,304 - INFO -   Fetched 3 changes so far...
2025-12-18 16:05:57,304 - INFO - Total changes fetched: 3
2025-12-18 16:05:57,304 - INFO - 
Fetching data for qt/qtdesignviewer...
2025-12-18 16:05:57,304 - INFO - Fetching changes for qt/qtdesignviewer from 2021-01-01 to 2024-01-01
2025-12-18 16:05:57,651 - INFO -   Fetched 10 changes so far...
2025-12-18 16:05:57,937 - INFO - Total changes fetched: 10
2025-12-18 16:05:57,937 - INFO - 
Fetching data for qt/qtdeviceutilities...
2025-12-18 16:05:57,937 - INFO - Fetching changes for qt/qtdeviceutilities from 2021-01-01 to 2024-01-01
2025-12-18 16:05:58,285 - INFO -   Fetched 10 changes so far...
2025-12-18 16:05:58,643 - INFO -   Fetched 20 changes so far...
2025-12-18 16:05:58,960 - INFO - Total changes fetched: 20
2025-12-18 16:05:58,960 - INFO - 
Fetching data for qt/qtdltlogging...
2025-12-18 16:05:58,960 - INFO - Fetching changes for qt/qtdltlogging from 2021-01-01 to 2024-01-01
2025-12-18 16:05:59,298 - INFO -   Fetched 10 changes so far...
2025-12-18 16:05:59,601 - INFO - Total changes fetched: 10
2025-12-18 16:05:59,602 - INFO - 
Fetching data for qt/qtdoc...
2025-12-18 16:05:59,602 - INFO - Fetching changes for qt/qtdoc from 2021-01-01 to 2024-01-01
2025-12-18 16:06:00,325 - INFO -   Fetched 10 changes so far...
2025-12-18 16:06:01,105 - INFO -   Fetched 20 changes so far...
2025-12-18 16:06:01,596 - INFO -   Fetched 30 changes so far...
2025-12-18 16:06:02,128 - INFO -   Fetched 40 changes so far...
2025-12-18 16:06:02,665 - INFO -   Fetched 50 changes so far...
2025-12-18 16:06:03,209 - INFO -   Fetched 60 changes so far...
2025-12-18 16:06:03,737 - INFO -   Fetched 70 changes so far...
2025-12-18 16:06:04,269 - INFO -   Fetched 80 changes so far...
2025-12-18 16:06:04,734 - INFO - Total changes fetched: 80
2025-12-18 16:06:04,734 - INFO - 
Fetching data for qt/qtdocgallery...
2025-12-18 16:06:04,734 - INFO - Fetching changes for qt/qtdocgallery from 2021-01-01 to 2024-01-01
2025-12-18 16:06:05,019 - INFO - Total changes fetched: 0
2025-12-18 16:06:05,019 - INFO - 
Fetching data for qt/qtenginio...
2025-12-18 16:06:05,019 - INFO - Fetching changes for qt/qtenginio from 2021-01-01 to 2024-01-01
2025-12-18 16:06:05,304 - INFO - Total changes fetched: 0
2025-12-18 16:06:05,304 - INFO - 
Fetching data for qt/qtfeedback...
2025-12-18 16:06:05,305 - INFO - Fetching changes for qt/qtfeedback from 2021-01-01 to 2024-01-01
2025-12-18 16:06:05,638 - INFO -   Fetched 1 changes so far...
2025-12-18 16:06:05,638 - INFO - Total changes fetched: 1
2025-12-18 16:06:05,638 - INFO - 
Fetching data for qt/qtftp...
2025-12-18 16:06:05,638 - INFO - Fetching changes for qt/qtftp from 2021-01-01 to 2024-01-01
2025-12-18 16:06:05,923 - INFO - Total changes fetched: 0
2025-12-18 16:06:05,923 - INFO - 
Fetching data for qt/qtgamepad...
2025-12-18 16:06:05,923 - INFO - Fetching changes for qt/qtgamepad from 2021-01-01 to 2024-01-01
2025-12-18 16:06:06,358 - INFO -   Fetched 10 changes so far...
2025-12-18 16:06:06,695 - INFO - Total changes fetched: 10
2025-12-18 16:06:06,696 - INFO - 
Fetching data for qt/qtgraphicaleffects...
2025-12-18 16:06:06,696 - INFO - Fetching changes for qt/qtgraphicaleffects from 2021-01-01 to 2024-01-01
2025-12-18 16:06:07,536 - INFO -   Fetched 7 changes so far...
2025-12-18 16:06:07,536 - INFO - Total changes fetched: 7
2025-12-18 16:06:07,536 - INFO - 
Total changes: 2119
2025-12-18 16:06:07,536 - INFO - Extracting review requests...
Extracting review requests:   0%|          | 0/2119 [00:00<?, ?it/s]Extracting review requests: 100%|██████████| 2119/2119 [00:00<00:00, 78869.55it/s]
2025-12-18 16:06:07,579 - INFO - Extracted 3121 review requests
2025-12-18 16:06:07,579 - INFO - Computing history-based features...
Computing features:   0%|          | 0/3121 [00:00<?, ?it/s]Computing features:   5%|▌         | 168/3121 [00:00<00:01, 1677.55it/s]Computing features:  14%|█▎        | 426/3121 [00:00<00:01, 2203.24it/s]Computing features:  21%|██        | 647/3121 [00:00<00:01, 2048.07it/s]Computing features:  28%|██▊       | 877/3121 [00:00<00:01, 2141.82it/s]Computing features:  35%|███▌      | 1093/3121 [00:00<00:01, 1953.36it/s]Computing features:  43%|████▎     | 1352/3121 [00:00<00:00, 2152.21it/s]Computing features:  50%|█████     | 1571/3121 [00:00<00:00, 2138.86it/s]Computing features:  58%|█████▊    | 1806/3121 [00:00<00:00, 2197.70it/s]Computing features:  65%|██████▍   | 2028/3121 [00:00<00:00, 2002.14it/s]Computing features:  72%|███████▏  | 2233/3121 [00:01<00:00, 1910.88it/s]Computing features:  81%|████████  | 2518/3121 [00:01<00:00, 2146.67it/s]Computing features:  88%|████████▊ | 2737/3121 [00:01<00:00, 2020.91it/s]Computing features:  94%|█████████▍| 2943/3121 [00:01<00:00, 1974.31it/s]Computing features: 100%|██████████| 3121/3121 [00:01<00:00, 2044.05it/s]
2025-12-18 16:06:09,170 - INFO - 
Dataset shape: (3121, 67)
2025-12-18 16:06:09,170 - INFO - Positive labels: 1366 (43.8%)
2025-12-18 16:06:09,170 - INFO - Negative labels: 1755 (56.2%)
2025-12-18 16:06:09,212 - INFO - 
Dataset saved to: data/qt_50proj_2021_2024.csv
2025-12-18 16:06:09,212 - INFO - ============================================================
2025-12-18 16:06:09,212 - INFO - 完了！
2025-12-18 16:06:09,212 - INFO - ============================================================

==========================================
収集完了！
==========================================

データサマリー:
Traceback (most recent call last):
  File "<stdin>", line 1, in <module>
  File "/Library/Frameworks/Python.framework/Versions/3.11/lib/python3.11/site-packages/pandas/__init__.py", line 49, in <module>
    from pandas.core.api import (
  File "/Library/Frameworks/Python.framework/Versions/3.11/lib/python3.11/site-packages/pandas/core/api.py", line 1, in <module>
    from pandas._libs import (
  File "/Library/Frameworks/Python.framework/Versions/3.11/lib/python3.11/site-packages/pandas/_libs/__init__.py", line 16, in <module>
    import pandas._libs.pandas_parser  # isort: skip # type: ignore[reportUnusedImport]
    ^^^^^^^^^^^^^^^^^^^^^^^^^^^^^^^^^
ImportError: dlopen(/Library/Frameworks/Python.framework/Versions/3.11/lib/python3.11/site-packages/pandas/_libs/pandas_parser.cpython-311-darwin.so, 0x0002): tried: '/Library/Frameworks/Python.framework/Versions/3.11/lib/python3.11/site-packages/pandas/_libs/pandas_parser.cpython-311-darwin.so' (mach-o file, but is an incompatible architecture (have 'x86_64', need 'arm64e' or 'arm64')), '/System/Volumes/Preboot/Cryptexes/OS/Library/Frameworks/Python.framework/Versions/3.11/lib/python3.11/site-packages/pandas/_libs/pandas_parser.cpython-311-darwin.so' (no such file), '/Library/Frameworks/Python.framework/Versions/3.11/lib/python3.11/site-packages/pandas/_libs/pandas_parser.cpython-311-darwin.so' (mach-o file, but is an incompatible architecture (have 'x86_64', need 'arm64e' or 'arm64'))
